<?xml version="1.0" encoding="UTF-8"?>
<testsuite xmlns:xsi="http://www.w3.org/2001/XMLSchema-instance" xsi:noNamespaceSchemaLocation="https://maven.apache.org/surefire/maven-surefire-plugin/xsd/surefire-test-report-3.0.xsd" version="3.0" name="com.bika.task.controller.TaskControllerIntegrationTest" time="7.311" tests="22" errors="0" skipped="0" failures="0">
  <properties>
    <property name="java.specification.version" value="21"/>
    <property name="sun.cpu.isalist" value="amd64"/>
    <property name="sun.jnu.encoding" value="Cp1252"/>
    <property name="java.class.path" value="C:\Users\Yann\Desktop\biakasystem\backend\target\test-classes;C:\Users\Yann\Desktop\biakasystem\backend\target\classes;C:\Users\Yann\.m2\repository\org\springframework\boot\spring-boot-starter-web\3.2.3\spring-boot-starter-web-3.2.3.jar;C:\Users\Yann\.m2\repository\org\springframework\boot\spring-boot-starter\3.2.3\spring-boot-starter-3.2.3.jar;C:\Users\Yann\.m2\repository\org\springframework\boot\spring-boot-starter-logging\3.2.3\spring-boot-starter-logging-3.2.3.jar;C:\Users\Yann\.m2\repository\ch\qos\logback\logback-classic\1.4.14\logback-classic-1.4.14.jar;C:\Users\Yann\.m2\repository\ch\qos\logback\logback-core\1.4.14\logback-core-1.4.14.jar;C:\Users\Yann\.m2\repository\org\apache\logging\log4j\log4j-to-slf4j\2.21.1\log4j-to-slf4j-2.21.1.jar;C:\Users\Yann\.m2\repository\org\apache\logging\log4j\log4j-api\2.21.1\log4j-api-2.21.1.jar;C:\Users\Yann\.m2\repository\org\slf4j\jul-to-slf4j\2.0.12\jul-to-slf4j-2.0.12.jar;C:\Users\Yann\.m2\repository\jakarta\annotation\jakarta.annotation-api\2.1.1\jakarta.annotation-api-2.1.1.jar;C:\Users\Yann\.m2\repository\org\yaml\snakeyaml\2.2\snakeyaml-2.2.jar;C:\Users\Yann\.m2\repository\org\springframework\boot\spring-boot-starter-json\3.2.3\spring-boot-starter-json-3.2.3.jar;C:\Users\Yann\.m2\repository\com\fasterxml\jackson\datatype\jackson-datatype-jdk8\2.15.4\jackson-datatype-jdk8-2.15.4.jar;C:\Users\Yann\.m2\repository\com\fasterxml\jackson\datatype\jackson-datatype-jsr310\2.15.4\jackson-datatype-jsr310-2.15.4.jar;C:\Users\Yann\.m2\repository\com\fasterxml\jackson\module\jackson-module-parameter-names\2.15.4\jackson-module-parameter-names-2.15.4.jar;C:\Users\Yann\.m2\repository\org\springframework\boot\spring-boot-starter-tomcat\3.2.3\spring-boot-starter-tomcat-3.2.3.jar;C:\Users\Yann\.m2\repository\org\apache\tomcat\embed\tomcat-embed-core\10.1.19\tomcat-embed-core-10.1.19.jar;C:\Users\Yann\.m2\repository\org\apache\tomcat\embed\tomcat-embed-websocket\10.1.19\tomcat-embed-websocket-10.1.19.jar;C:\Users\Yann\.m2\repository\org\springframework\spring-web\6.1.4\spring-web-6.1.4.jar;C:\Users\Yann\.m2\repository\org\springframework\spring-beans\6.1.4\spring-beans-6.1.4.jar;C:\Users\Yann\.m2\repository\org\springframework\spring-webmvc\6.1.4\spring-webmvc-6.1.4.jar;C:\Users\Yann\.m2\repository\org\springframework\spring-context\6.1.4\spring-context-6.1.4.jar;C:\Users\Yann\.m2\repository\org\springframework\spring-expression\6.1.4\spring-expression-6.1.4.jar;C:\Users\Yann\.m2\repository\org\springframework\boot\spring-boot-starter-data-jpa\3.2.3\spring-boot-starter-data-jpa-3.2.3.jar;C:\Users\Yann\.m2\repository\org\springframework\boot\spring-boot-starter-aop\3.2.3\spring-boot-starter-aop-3.2.3.jar;C:\Users\Yann\.m2\repository\org\aspectj\aspectjweaver\1.9.21\aspectjweaver-1.9.21.jar;C:\Users\Yann\.m2\repository\org\springframework\boot\spring-boot-starter-jdbc\3.2.3\spring-boot-starter-jdbc-3.2.3.jar;C:\Users\Yann\.m2\repository\com\zaxxer\HikariCP\5.0.1\HikariCP-5.0.1.jar;C:\Users\Yann\.m2\repository\org\springframework\spring-jdbc\6.1.4\spring-jdbc-6.1.4.jar;C:\Users\Yann\.m2\repository\org\hibernate\orm\hibernate-core\6.4.4.Final\hibernate-core-6.4.4.Final.jar;C:\Users\Yann\.m2\repository\jakarta\persistence\jakarta.persistence-api\3.1.0\jakarta.persistence-api-3.1.0.jar;C:\Users\Yann\.m2\repository\jakarta\transaction\jakarta.transaction-api\2.0.1\jakarta.transaction-api-2.0.1.jar;C:\Users\Yann\.m2\repository\org\jboss\logging\jboss-logging\3.5.3.Final\jboss-logging-3.5.3.Final.jar;C:\Users\Yann\.m2\repository\org\hibernate\common\hibernate-commons-annotations\6.0.6.Final\hibernate-commons-annotations-6.0.6.Final.jar;C:\Users\Yann\.m2\repository\io\smallrye\jandex\3.1.2\jandex-3.1.2.jar;C:\Users\Yann\.m2\repository\com\fasterxml\classmate\1.6.0\classmate-1.6.0.jar;C:\Users\Yann\.m2\repository\net\bytebuddy\byte-buddy\1.14.12\byte-buddy-1.14.12.jar;C:\Users\Yann\.m2\repository\org\glassfish\jaxb\jaxb-runtime\4.0.4\jaxb-runtime-4.0.4.jar;C:\Users\Yann\.m2\repository\org\glassfish\jaxb\jaxb-core\4.0.4\jaxb-core-4.0.4.jar;C:\Users\Yann\.m2\repository\org\eclipse\angus\angus-activation\2.0.1\angus-activation-2.0.1.jar;C:\Users\Yann\.m2\repository\org\glassfish\jaxb\txw2\4.0.4\txw2-4.0.4.jar;C:\Users\Yann\.m2\repository\com\sun\istack\istack-commons-runtime\4.1.2\istack-commons-runtime-4.1.2.jar;C:\Users\Yann\.m2\repository\jakarta\inject\jakarta.inject-api\2.0.1\jakarta.inject-api-2.0.1.jar;C:\Users\Yann\.m2\repository\org\antlr\antlr4-runtime\4.13.0\antlr4-runtime-4.13.0.jar;C:\Users\Yann\.m2\repository\org\springframework\data\spring-data-jpa\3.2.3\spring-data-jpa-3.2.3.jar;C:\Users\Yann\.m2\repository\org\springframework\data\spring-data-commons\3.2.3\spring-data-commons-3.2.3.jar;C:\Users\Yann\.m2\repository\org\springframework\spring-orm\6.1.4\spring-orm-6.1.4.jar;C:\Users\Yann\.m2\repository\org\springframework\spring-tx\6.1.4\spring-tx-6.1.4.jar;C:\Users\Yann\.m2\repository\org\slf4j\slf4j-api\2.0.12\slf4j-api-2.0.12.jar;C:\Users\Yann\.m2\repository\org\springframework\spring-aspects\6.1.4\spring-aspects-6.1.4.jar;C:\Users\Yann\.m2\repository\org\springframework\boot\spring-boot-starter-security\3.2.3\spring-boot-starter-security-3.2.3.jar;C:\Users\Yann\.m2\repository\org\springframework\spring-aop\6.1.4\spring-aop-6.1.4.jar;C:\Users\Yann\.m2\repository\org\springframework\security\spring-security-config\6.2.2\spring-security-config-6.2.2.jar;C:\Users\Yann\.m2\repository\org\springframework\security\spring-security-web\6.2.2\spring-security-web-6.2.2.jar;C:\Users\Yann\.m2\repository\org\springframework\boot\spring-boot-starter-validation\3.2.3\spring-boot-starter-validation-3.2.3.jar;C:\Users\Yann\.m2\repository\org\apache\tomcat\embed\tomcat-embed-el\10.1.19\tomcat-embed-el-10.1.19.jar;C:\Users\Yann\.m2\repository\org\hibernate\validator\hibernate-validator\8.0.1.Final\hibernate-validator-8.0.1.Final.jar;C:\Users\Yann\.m2\repository\jakarta\validation\jakarta.validation-api\3.0.2\jakarta.validation-api-3.0.2.jar;C:\Users\Yann\.m2\repository\org\springframework\boot\spring-boot-starter-actuator\3.2.3\spring-boot-starter-actuator-3.2.3.jar;C:\Users\Yann\.m2\repository\org\springframework\boot\spring-boot-actuator-autoconfigure\3.2.3\spring-boot-actuator-autoconfigure-3.2.3.jar;C:\Users\Yann\.m2\repository\org\springframework\boot\spring-boot-actuator\3.2.3\spring-boot-actuator-3.2.3.jar;C:\Users\Yann\.m2\repository\io\micrometer\micrometer-observation\1.12.3\micrometer-observation-1.12.3.jar;C:\Users\Yann\.m2\repository\io\micrometer\micrometer-commons\1.12.3\micrometer-commons-1.12.3.jar;C:\Users\Yann\.m2\repository\io\micrometer\micrometer-jakarta9\1.12.3\micrometer-jakarta9-1.12.3.jar;C:\Users\Yann\.m2\repository\io\micrometer\micrometer-core\1.12.3\micrometer-core-1.12.3.jar;C:\Users\Yann\.m2\repository\org\hdrhistogram\HdrHistogram\2.1.12\HdrHistogram-2.1.12.jar;C:\Users\Yann\.m2\repository\org\latencyutils\LatencyUtils\2.0.3\LatencyUtils-2.0.3.jar;C:\Users\Yann\.m2\repository\org\springframework\boot\spring-boot-starter-data-redis\3.2.3\spring-boot-starter-data-redis-3.2.3.jar;C:\Users\Yann\.m2\repository\io\lettuce\lettuce-core\6.3.1.RELEASE\lettuce-core-6.3.1.RELEASE.jar;C:\Users\Yann\.m2\repository\io\netty\netty-common\4.1.107.Final\netty-common-4.1.107.Final.jar;C:\Users\Yann\.m2\repository\io\netty\netty-handler\4.1.107.Final\netty-handler-4.1.107.Final.jar;C:\Users\Yann\.m2\repository\io\netty\netty-resolver\4.1.107.Final\netty-resolver-4.1.107.Final.jar;C:\Users\Yann\.m2\repository\io\netty\netty-buffer\4.1.107.Final\netty-buffer-4.1.107.Final.jar;C:\Users\Yann\.m2\repository\io\netty\netty-transport-native-unix-common\4.1.107.Final\netty-transport-native-unix-common-4.1.107.Final.jar;C:\Users\Yann\.m2\repository\io\netty\netty-codec\4.1.107.Final\netty-codec-4.1.107.Final.jar;C:\Users\Yann\.m2\repository\io\netty\netty-transport\4.1.107.Final\netty-transport-4.1.107.Final.jar;C:\Users\Yann\.m2\repository\io\projectreactor\reactor-core\3.6.3\reactor-core-3.6.3.jar;C:\Users\Yann\.m2\repository\org\reactivestreams\reactive-streams\1.0.4\reactive-streams-1.0.4.jar;C:\Users\Yann\.m2\repository\org\springframework\data\spring-data-redis\3.2.3\spring-data-redis-3.2.3.jar;C:\Users\Yann\.m2\repository\org\springframework\data\spring-data-keyvalue\3.2.3\spring-data-keyvalue-3.2.3.jar;C:\Users\Yann\.m2\repository\org\springframework\spring-oxm\6.1.4\spring-oxm-6.1.4.jar;C:\Users\Yann\.m2\repository\org\springframework\spring-context-support\6.1.4\spring-context-support-6.1.4.jar;C:\Users\Yann\.m2\repository\org\postgresql\postgresql\42.6.1\postgresql-42.6.1.jar;C:\Users\Yann\.m2\repository\org\checkerframework\checker-qual\3.31.0\checker-qual-3.31.0.jar;C:\Users\Yann\.m2\repository\com\h2database\h2\2.2.224\h2-2.2.224.jar;C:\Users\Yann\.m2\repository\org\flywaydb\flyway-core\9.22.3\flyway-core-9.22.3.jar;C:\Users\Yann\.m2\repository\com\fasterxml\jackson\dataformat\jackson-dataformat-toml\2.15.4\jackson-dataformat-toml-2.15.4.jar;C:\Users\Yann\.m2\repository\com\google\code\gson\gson\2.10.1\gson-2.10.1.jar;C:\Users\Yann\.m2\repository\io\jsonwebtoken\jjwt-api\0.11.5\jjwt-api-0.11.5.jar;C:\Users\Yann\.m2\repository\io\jsonwebtoken\jjwt-impl\0.11.5\jjwt-impl-0.11.5.jar;C:\Users\Yann\.m2\repository\io\jsonwebtoken\jjwt-jackson\0.11.5\jjwt-jackson-0.11.5.jar;C:\Users\Yann\.m2\repository\com\fasterxml\jackson\core\jackson-databind\2.15.4\jackson-databind-2.15.4.jar;C:\Users\Yann\.m2\repository\org\springframework\boot\spring-boot-starter-data-elasticsearch\3.2.3\spring-boot-starter-data-elasticsearch-3.2.3.jar;C:\Users\Yann\.m2\repository\org\springframework\data\spring-data-elasticsearch\5.2.3\spring-data-elasticsearch-5.2.3.jar;C:\Users\Yann\.m2\repository\co\elastic\clients\elasticsearch-java\8.10.4\elasticsearch-java-8.10.4.jar;C:\Users\Yann\.m2\repository\jakarta\json\jakarta.json-api\2.1.3\jakarta.json-api-2.1.3.jar;C:\Users\Yann\.m2\repository\org\eclipse\parsson\parsson\1.0.0\parsson-1.0.0.jar;C:\Users\Yann\.m2\repository\io\opentelemetry\opentelemetry-api\1.31.0\opentelemetry-api-1.31.0.jar;C:\Users\Yann\.m2\repository\io\opentelemetry\opentelemetry-context\1.31.0\opentelemetry-context-1.31.0.jar;C:\Users\Yann\.m2\repository\org\elasticsearch\client\elasticsearch-rest-client\8.10.4\elasticsearch-rest-client-8.10.4.jar;C:\Users\Yann\.m2\repository\org\apache\httpcomponents\httpclient\4.5.13\httpclient-4.5.13.jar;C:\Users\Yann\.m2\repository\org\apache\httpcomponents\httpcore\4.4.16\httpcore-4.4.16.jar;C:\Users\Yann\.m2\repository\org\apache\httpcomponents\httpasyncclient\4.1.5\httpasyncclient-4.1.5.jar;C:\Users\Yann\.m2\repository\org\apache\httpcomponents\httpcore-nio\4.4.16\httpcore-nio-4.4.16.jar;C:\Users\Yann\.m2\repository\commons-codec\commons-codec\1.16.1\commons-codec-1.16.1.jar;C:\Users\Yann\.m2\repository\io\minio\minio\8.5.7\minio-8.5.7.jar;C:\Users\Yann\.m2\repository\com\carrotsearch\thirdparty\simple-xml-safe\2.7.1\simple-xml-safe-2.7.1.jar;C:\Users\Yann\.m2\repository\com\google\guava\guava\32.1.3-jre\guava-32.1.3-jre.jar;C:\Users\Yann\.m2\repository\com\google\guava\failureaccess\1.0.1\failureaccess-1.0.1.jar;C:\Users\Yann\.m2\repository\com\google\guava\listenablefuture\9999.0-empty-to-avoid-conflict-with-guava\listenablefuture-9999.0-empty-to-avoid-conflict-with-guava.jar;C:\Users\Yann\.m2\repository\com\google\code\findbugs\jsr305\3.0.2\jsr305-3.0.2.jar;C:\Users\Yann\.m2\repository\com\google\errorprone\error_prone_annotations\2.21.1\error_prone_annotations-2.21.1.jar;C:\Users\Yann\.m2\repository\com\google\j2objc\j2objc-annotations\2.8\j2objc-annotations-2.8.jar;C:\Users\Yann\.m2\repository\com\squareup\okhttp3\okhttp\4.12.0\okhttp-4.12.0.jar;C:\Users\Yann\.m2\repository\com\squareup\okio\okio\3.6.0\okio-3.6.0.jar;C:\Users\Yann\.m2\repository\com\squareup\okio\okio-jvm\3.6.0\okio-jvm-3.6.0.jar;C:\Users\Yann\.m2\repository\org\jetbrains\kotlin\kotlin-stdlib-common\1.9.22\kotlin-stdlib-common-1.9.22.jar;C:\Users\Yann\.m2\repository\org\jetbrains\kotlin\kotlin-stdlib-jdk8\1.9.22\kotlin-stdlib-jdk8-1.9.22.jar;C:\Users\Yann\.m2\repository\org\jetbrains\kotlin\kotlin-stdlib\1.9.22\kotlin-stdlib-1.9.22.jar;C:\Users\Yann\.m2\repository\org\jetbrains\kotlin\kotlin-stdlib-jdk7\1.9.22\kotlin-stdlib-jdk7-1.9.22.jar;C:\Users\Yann\.m2\repository\com\fasterxml\jackson\core\jackson-annotations\2.15.4\jackson-annotations-2.15.4.jar;C:\Users\Yann\.m2\repository\com\fasterxml\jackson\core\jackson-core\2.15.4\jackson-core-2.15.4.jar;C:\Users\Yann\.m2\repository\org\bouncycastle\bcprov-jdk18on\1.76\bcprov-jdk18on-1.76.jar;C:\Users\Yann\.m2\repository\org\apache\commons\commons-compress\1.24.0\commons-compress-1.24.0.jar;C:\Users\Yann\.m2\repository\org\xerial\snappy\snappy-java\1.1.10.5\snappy-java-1.1.10.5.jar;C:\Users\Yann\.m2\repository\org\springdoc\springdoc-openapi-starter-webmvc-ui\2.3.0\springdoc-openapi-starter-webmvc-ui-2.3.0.jar;C:\Users\Yann\.m2\repository\org\springdoc\springdoc-openapi-starter-webmvc-api\2.3.0\springdoc-openapi-starter-webmvc-api-2.3.0.jar;C:\Users\Yann\.m2\repository\org\springdoc\springdoc-openapi-starter-common\2.3.0\springdoc-openapi-starter-common-2.3.0.jar;C:\Users\Yann\.m2\repository\io\swagger\core\v3\swagger-core-jakarta\2.2.19\swagger-core-jakarta-2.2.19.jar;C:\Users\Yann\.m2\repository\org\apache\commons\commons-lang3\3.13.0\commons-lang3-3.13.0.jar;C:\Users\Yann\.m2\repository\io\swagger\core\v3\swagger-annotations-jakarta\2.2.19\swagger-annotations-jakarta-2.2.19.jar;C:\Users\Yann\.m2\repository\io\swagger\core\v3\swagger-models-jakarta\2.2.19\swagger-models-jakarta-2.2.19.jar;C:\Users\Yann\.m2\repository\com\fasterxml\jackson\dataformat\jackson-dataformat-yaml\2.15.4\jackson-dataformat-yaml-2.15.4.jar;C:\Users\Yann\.m2\repository\org\webjars\swagger-ui\5.10.3\swagger-ui-5.10.3.jar;C:\Users\Yann\.m2\repository\org\projectlombok\lombok\1.18.30\lombok-1.18.30.jar;C:\Users\Yann\.m2\repository\com\vladmihalcea\hibernate-types-60\2.21.1\hibernate-types-60-2.21.1.jar;C:\Users\Yann\.m2\repository\javax\xml\bind\jaxb-api\2.3.0\jaxb-api-2.3.0.jar;C:\Users\Yann\.m2\repository\jakarta\xml\bind\jakarta.xml.bind-api\4.0.1\jakarta.xml.bind-api-4.0.1.jar;C:\Users\Yann\.m2\repository\jakarta\activation\jakarta.activation-api\2.1.2\jakarta.activation-api-2.1.2.jar;C:\Users\Yann\.m2\repository\org\springframework\boot\spring-boot-starter-test\3.2.3\spring-boot-starter-test-3.2.3.jar;C:\Users\Yann\.m2\repository\com\jayway\jsonpath\json-path\2.9.0\json-path-2.9.0.jar;C:\Users\Yann\.m2\repository\net\minidev\json-smart\2.5.0\json-smart-2.5.0.jar;C:\Users\Yann\.m2\repository\net\minidev\accessors-smart\2.5.0\accessors-smart-2.5.0.jar;C:\Users\Yann\.m2\repository\org\ow2\asm\asm\9.3\asm-9.3.jar;C:\Users\Yann\.m2\repository\org\assertj\assertj-core\3.24.2\assertj-core-3.24.2.jar;C:\Users\Yann\.m2\repository\org\awaitility\awaitility\4.2.0\awaitility-4.2.0.jar;C:\Users\Yann\.m2\repository\org\hamcrest\hamcrest\2.2\hamcrest-2.2.jar;C:\Users\Yann\.m2\repository\org\junit\jupiter\junit-jupiter\5.10.2\junit-jupiter-5.10.2.jar;C:\Users\Yann\.m2\repository\org\junit\jupiter\junit-jupiter-api\5.10.2\junit-jupiter-api-5.10.2.jar;C:\Users\Yann\.m2\repository\org\opentest4j\opentest4j\1.3.0\opentest4j-1.3.0.jar;C:\Users\Yann\.m2\repository\org\junit\platform\junit-platform-commons\1.10.2\junit-platform-commons-1.10.2.jar;C:\Users\Yann\.m2\repository\org\apiguardian\apiguardian-api\1.1.2\apiguardian-api-1.1.2.jar;C:\Users\Yann\.m2\repository\org\junit\jupiter\junit-jupiter-params\5.10.2\junit-jupiter-params-5.10.2.jar;C:\Users\Yann\.m2\repository\org\junit\jupiter\junit-jupiter-engine\5.10.2\junit-jupiter-engine-5.10.2.jar;C:\Users\Yann\.m2\repository\org\junit\platform\junit-platform-engine\1.10.2\junit-platform-engine-1.10.2.jar;C:\Users\Yann\.m2\repository\org\mockito\mockito-core\5.7.0\mockito-core-5.7.0.jar;C:\Users\Yann\.m2\repository\net\bytebuddy\byte-buddy-agent\1.14.12\byte-buddy-agent-1.14.12.jar;C:\Users\Yann\.m2\repository\org\objenesis\objenesis\3.3\objenesis-3.3.jar;C:\Users\Yann\.m2\repository\org\mockito\mockito-junit-jupiter\5.7.0\mockito-junit-jupiter-5.7.0.jar;C:\Users\Yann\.m2\repository\org\skyscreamer\jsonassert\1.5.1\jsonassert-1.5.1.jar;C:\Users\Yann\.m2\repository\com\vaadin\external\google\android-json\0.0.20131108.vaadin1\android-json-0.0.20131108.vaadin1.jar;C:\Users\Yann\.m2\repository\org\springframework\spring-core\6.1.4\spring-core-6.1.4.jar;C:\Users\Yann\.m2\repository\org\springframework\spring-jcl\6.1.4\spring-jcl-6.1.4.jar;C:\Users\Yann\.m2\repository\org\springframework\spring-test\6.1.4\spring-test-6.1.4.jar;C:\Users\Yann\.m2\repository\org\xmlunit\xmlunit-core\2.9.1\xmlunit-core-2.9.1.jar;C:\Users\Yann\.m2\repository\org\springframework\security\spring-security-test\6.2.2\spring-security-test-6.2.2.jar;C:\Users\Yann\.m2\repository\org\springframework\security\spring-security-core\6.2.2\spring-security-core-6.2.2.jar;C:\Users\Yann\.m2\repository\org\springframework\security\spring-security-crypto\6.2.2\spring-security-crypto-6.2.2.jar;C:\Users\Yann\.m2\repository\org\testcontainers\postgresql\1.19.3\postgresql-1.19.3.jar;C:\Users\Yann\.m2\repository\org\testcontainers\jdbc\1.19.3\jdbc-1.19.3.jar;C:\Users\Yann\.m2\repository\org\testcontainers\database-commons\1.19.3\database-commons-1.19.3.jar;C:\Users\Yann\.m2\repository\org\testcontainers\elasticsearch\1.19.3\elasticsearch-1.19.3.jar;C:\Users\Yann\.m2\repository\org\testcontainers\testcontainers\1.19.3\testcontainers-1.19.3.jar;C:\Users\Yann\.m2\repository\junit\junit\4.13.2\junit-4.13.2.jar;C:\Users\Yann\.m2\repository\org\hamcrest\hamcrest-core\2.2\hamcrest-core-2.2.jar;C:\Users\Yann\.m2\repository\org\rnorth\duct-tape\duct-tape\1.0.8\duct-tape-1.0.8.jar;C:\Users\Yann\.m2\repository\org\jetbrains\annotations\17.0.0\annotations-17.0.0.jar;C:\Users\Yann\.m2\repository\com\github\docker-java\docker-java-api\3.3.4\docker-java-api-3.3.4.jar;C:\Users\Yann\.m2\repository\com\github\docker-java\docker-java-transport-zerodep\3.3.4\docker-java-transport-zerodep-3.3.4.jar;C:\Users\Yann\.m2\repository\com\github\docker-java\docker-java-transport\3.3.4\docker-java-transport-3.3.4.jar;C:\Users\Yann\.m2\repository\net\java\dev\jna\jna\5.13.0\jna-5.13.0.jar;C:\Users\Yann\.m2\repository\org\testcontainers\junit-jupiter\1.19.3\junit-jupiter-1.19.3.jar;C:\Users\Yann\.m2\repository\org\springframework\boot\spring-boot-test\3.2.3\spring-boot-test-3.2.3.jar;C:\Users\Yann\.m2\repository\org\springframework\boot\spring-boot\3.2.3\spring-boot-3.2.3.jar;C:\Users\Yann\.m2\repository\org\springframework\boot\spring-boot-test-autoconfigure\3.2.3\spring-boot-test-autoconfigure-3.2.3.jar;C:\Users\Yann\.m2\repository\org\springframework\boot\spring-boot-autoconfigure\3.2.3\spring-boot-autoconfigure-3.2.3.jar;"/>
    <property name="java.vm.vendor" value="Oracle Corporation"/>
    <property name="sun.arch.data.model" value="64"/>
    <property name="user.variant" value=""/>
    <property name="java.vendor.url" value="https://java.oracle.com/"/>
    <property name="user.timezone" value="Africa/Johannesburg"/>
    <property name="org.jboss.logging.provider" value="slf4j"/>
    <property name="user.country.format" value="NG"/>
    <property name="os.name" value="Windows 11"/>
    <property name="java.vm.specification.version" value="21"/>
    <property name="sun.java.launcher" value="SUN_STANDARD"/>
    <property name="user.country" value="GB"/>
    <property name="sun.boot.library.path" value="C:\Program Files\Java\jdk-21.0.6\bin"/>
    <property name="sun.java.command" value="C:\Users\Yann\AppData\Local\Temp\surefire5251360406733543481\surefirebooter-20250708200633181_3.jar C:\Users\Yann\AppData\Local\Temp\surefire5251360406733543481 2025-07-08T20-06-32_923-jvmRun1 surefire-20250708200633181_1tmp surefire_0-20250708200633181_2tmp"/>
    <property name="jdk.debug" value="release"/>
    <property name="surefire.test.class.path" value="C:\Users\Yann\Desktop\biakasystem\backend\target\test-classes;C:\Users\Yann\Desktop\biakasystem\backend\target\classes;C:\Users\Yann\.m2\repository\org\springframework\boot\spring-boot-starter-web\3.2.3\spring-boot-starter-web-3.2.3.jar;C:\Users\Yann\.m2\repository\org\springframework\boot\spring-boot-starter\3.2.3\spring-boot-starter-3.2.3.jar;C:\Users\Yann\.m2\repository\org\springframework\boot\spring-boot-starter-logging\3.2.3\spring-boot-starter-logging-3.2.3.jar;C:\Users\Yann\.m2\repository\ch\qos\logback\logback-classic\1.4.14\logback-classic-1.4.14.jar;C:\Users\Yann\.m2\repository\ch\qos\logback\logback-core\1.4.14\logback-core-1.4.14.jar;C:\Users\Yann\.m2\repository\org\apache\logging\log4j\log4j-to-slf4j\2.21.1\log4j-to-slf4j-2.21.1.jar;C:\Users\Yann\.m2\repository\org\apache\logging\log4j\log4j-api\2.21.1\log4j-api-2.21.1.jar;C:\Users\Yann\.m2\repository\org\slf4j\jul-to-slf4j\2.0.12\jul-to-slf4j-2.0.12.jar;C:\Users\Yann\.m2\repository\jakarta\annotation\jakarta.annotation-api\2.1.1\jakarta.annotation-api-2.1.1.jar;C:\Users\Yann\.m2\repository\org\yaml\snakeyaml\2.2\snakeyaml-2.2.jar;C:\Users\Yann\.m2\repository\org\springframework\boot\spring-boot-starter-json\3.2.3\spring-boot-starter-json-3.2.3.jar;C:\Users\Yann\.m2\repository\com\fasterxml\jackson\datatype\jackson-datatype-jdk8\2.15.4\jackson-datatype-jdk8-2.15.4.jar;C:\Users\Yann\.m2\repository\com\fasterxml\jackson\datatype\jackson-datatype-jsr310\2.15.4\jackson-datatype-jsr310-2.15.4.jar;C:\Users\Yann\.m2\repository\com\fasterxml\jackson\module\jackson-module-parameter-names\2.15.4\jackson-module-parameter-names-2.15.4.jar;C:\Users\Yann\.m2\repository\org\springframework\boot\spring-boot-starter-tomcat\3.2.3\spring-boot-starter-tomcat-3.2.3.jar;C:\Users\Yann\.m2\repository\org\apache\tomcat\embed\tomcat-embed-core\10.1.19\tomcat-embed-core-10.1.19.jar;C:\Users\Yann\.m2\repository\org\apache\tomcat\embed\tomcat-embed-websocket\10.1.19\tomcat-embed-websocket-10.1.19.jar;C:\Users\Yann\.m2\repository\org\springframework\spring-web\6.1.4\spring-web-6.1.4.jar;C:\Users\Yann\.m2\repository\org\springframework\spring-beans\6.1.4\spring-beans-6.1.4.jar;C:\Users\Yann\.m2\repository\org\springframework\spring-webmvc\6.1.4\spring-webmvc-6.1.4.jar;C:\Users\Yann\.m2\repository\org\springframework\spring-context\6.1.4\spring-context-6.1.4.jar;C:\Users\Yann\.m2\repository\org\springframework\spring-expression\6.1.4\spring-expression-6.1.4.jar;C:\Users\Yann\.m2\repository\org\springframework\boot\spring-boot-starter-data-jpa\3.2.3\spring-boot-starter-data-jpa-3.2.3.jar;C:\Users\Yann\.m2\repository\org\springframework\boot\spring-boot-starter-aop\3.2.3\spring-boot-starter-aop-3.2.3.jar;C:\Users\Yann\.m2\repository\org\aspectj\aspectjweaver\1.9.21\aspectjweaver-1.9.21.jar;C:\Users\Yann\.m2\repository\org\springframework\boot\spring-boot-starter-jdbc\3.2.3\spring-boot-starter-jdbc-3.2.3.jar;C:\Users\Yann\.m2\repository\com\zaxxer\HikariCP\5.0.1\HikariCP-5.0.1.jar;C:\Users\Yann\.m2\repository\org\springframework\spring-jdbc\6.1.4\spring-jdbc-6.1.4.jar;C:\Users\Yann\.m2\repository\org\hibernate\orm\hibernate-core\6.4.4.Final\hibernate-core-6.4.4.Final.jar;C:\Users\Yann\.m2\repository\jakarta\persistence\jakarta.persistence-api\3.1.0\jakarta.persistence-api-3.1.0.jar;C:\Users\Yann\.m2\repository\jakarta\transaction\jakarta.transaction-api\2.0.1\jakarta.transaction-api-2.0.1.jar;C:\Users\Yann\.m2\repository\org\jboss\logging\jboss-logging\3.5.3.Final\jboss-logging-3.5.3.Final.jar;C:\Users\Yann\.m2\repository\org\hibernate\common\hibernate-commons-annotations\6.0.6.Final\hibernate-commons-annotations-6.0.6.Final.jar;C:\Users\Yann\.m2\repository\io\smallrye\jandex\3.1.2\jandex-3.1.2.jar;C:\Users\Yann\.m2\repository\com\fasterxml\classmate\1.6.0\classmate-1.6.0.jar;C:\Users\Yann\.m2\repository\net\bytebuddy\byte-buddy\1.14.12\byte-buddy-1.14.12.jar;C:\Users\Yann\.m2\repository\org\glassfish\jaxb\jaxb-runtime\4.0.4\jaxb-runtime-4.0.4.jar;C:\Users\Yann\.m2\repository\org\glassfish\jaxb\jaxb-core\4.0.4\jaxb-core-4.0.4.jar;C:\Users\Yann\.m2\repository\org\eclipse\angus\angus-activation\2.0.1\angus-activation-2.0.1.jar;C:\Users\Yann\.m2\repository\org\glassfish\jaxb\txw2\4.0.4\txw2-4.0.4.jar;C:\Users\Yann\.m2\repository\com\sun\istack\istack-commons-runtime\4.1.2\istack-commons-runtime-4.1.2.jar;C:\Users\Yann\.m2\repository\jakarta\inject\jakarta.inject-api\2.0.1\jakarta.inject-api-2.0.1.jar;C:\Users\Yann\.m2\repository\org\antlr\antlr4-runtime\4.13.0\antlr4-runtime-4.13.0.jar;C:\Users\Yann\.m2\repository\org\springframework\data\spring-data-jpa\3.2.3\spring-data-jpa-3.2.3.jar;C:\Users\Yann\.m2\repository\org\springframework\data\spring-data-commons\3.2.3\spring-data-commons-3.2.3.jar;C:\Users\Yann\.m2\repository\org\springframework\spring-orm\6.1.4\spring-orm-6.1.4.jar;C:\Users\Yann\.m2\repository\org\springframework\spring-tx\6.1.4\spring-tx-6.1.4.jar;C:\Users\Yann\.m2\repository\org\slf4j\slf4j-api\2.0.12\slf4j-api-2.0.12.jar;C:\Users\Yann\.m2\repository\org\springframework\spring-aspects\6.1.4\spring-aspects-6.1.4.jar;C:\Users\Yann\.m2\repository\org\springframework\boot\spring-boot-starter-security\3.2.3\spring-boot-starter-security-3.2.3.jar;C:\Users\Yann\.m2\repository\org\springframework\spring-aop\6.1.4\spring-aop-6.1.4.jar;C:\Users\Yann\.m2\repository\org\springframework\security\spring-security-config\6.2.2\spring-security-config-6.2.2.jar;C:\Users\Yann\.m2\repository\org\springframework\security\spring-security-web\6.2.2\spring-security-web-6.2.2.jar;C:\Users\Yann\.m2\repository\org\springframework\boot\spring-boot-starter-validation\3.2.3\spring-boot-starter-validation-3.2.3.jar;C:\Users\Yann\.m2\repository\org\apache\tomcat\embed\tomcat-embed-el\10.1.19\tomcat-embed-el-10.1.19.jar;C:\Users\Yann\.m2\repository\org\hibernate\validator\hibernate-validator\8.0.1.Final\hibernate-validator-8.0.1.Final.jar;C:\Users\Yann\.m2\repository\jakarta\validation\jakarta.validation-api\3.0.2\jakarta.validation-api-3.0.2.jar;C:\Users\Yann\.m2\repository\org\springframework\boot\spring-boot-starter-actuator\3.2.3\spring-boot-starter-actuator-3.2.3.jar;C:\Users\Yann\.m2\repository\org\springframework\boot\spring-boot-actuator-autoconfigure\3.2.3\spring-boot-actuator-autoconfigure-3.2.3.jar;C:\Users\Yann\.m2\repository\org\springframework\boot\spring-boot-actuator\3.2.3\spring-boot-actuator-3.2.3.jar;C:\Users\Yann\.m2\repository\io\micrometer\micrometer-observation\1.12.3\micrometer-observation-1.12.3.jar;C:\Users\Yann\.m2\repository\io\micrometer\micrometer-commons\1.12.3\micrometer-commons-1.12.3.jar;C:\Users\Yann\.m2\repository\io\micrometer\micrometer-jakarta9\1.12.3\micrometer-jakarta9-1.12.3.jar;C:\Users\Yann\.m2\repository\io\micrometer\micrometer-core\1.12.3\micrometer-core-1.12.3.jar;C:\Users\Yann\.m2\repository\org\hdrhistogram\HdrHistogram\2.1.12\HdrHistogram-2.1.12.jar;C:\Users\Yann\.m2\repository\org\latencyutils\LatencyUtils\2.0.3\LatencyUtils-2.0.3.jar;C:\Users\Yann\.m2\repository\org\springframework\boot\spring-boot-starter-data-redis\3.2.3\spring-boot-starter-data-redis-3.2.3.jar;C:\Users\Yann\.m2\repository\io\lettuce\lettuce-core\6.3.1.RELEASE\lettuce-core-6.3.1.RELEASE.jar;C:\Users\Yann\.m2\repository\io\netty\netty-common\4.1.107.Final\netty-common-4.1.107.Final.jar;C:\Users\Yann\.m2\repository\io\netty\netty-handler\4.1.107.Final\netty-handler-4.1.107.Final.jar;C:\Users\Yann\.m2\repository\io\netty\netty-resolver\4.1.107.Final\netty-resolver-4.1.107.Final.jar;C:\Users\Yann\.m2\repository\io\netty\netty-buffer\4.1.107.Final\netty-buffer-4.1.107.Final.jar;C:\Users\Yann\.m2\repository\io\netty\netty-transport-native-unix-common\4.1.107.Final\netty-transport-native-unix-common-4.1.107.Final.jar;C:\Users\Yann\.m2\repository\io\netty\netty-codec\4.1.107.Final\netty-codec-4.1.107.Final.jar;C:\Users\Yann\.m2\repository\io\netty\netty-transport\4.1.107.Final\netty-transport-4.1.107.Final.jar;C:\Users\Yann\.m2\repository\io\projectreactor\reactor-core\3.6.3\reactor-core-3.6.3.jar;C:\Users\Yann\.m2\repository\org\reactivestreams\reactive-streams\1.0.4\reactive-streams-1.0.4.jar;C:\Users\Yann\.m2\repository\org\springframework\data\spring-data-redis\3.2.3\spring-data-redis-3.2.3.jar;C:\Users\Yann\.m2\repository\org\springframework\data\spring-data-keyvalue\3.2.3\spring-data-keyvalue-3.2.3.jar;C:\Users\Yann\.m2\repository\org\springframework\spring-oxm\6.1.4\spring-oxm-6.1.4.jar;C:\Users\Yann\.m2\repository\org\springframework\spring-context-support\6.1.4\spring-context-support-6.1.4.jar;C:\Users\Yann\.m2\repository\org\postgresql\postgresql\42.6.1\postgresql-42.6.1.jar;C:\Users\Yann\.m2\repository\org\checkerframework\checker-qual\3.31.0\checker-qual-3.31.0.jar;C:\Users\Yann\.m2\repository\com\h2database\h2\2.2.224\h2-2.2.224.jar;C:\Users\Yann\.m2\repository\org\flywaydb\flyway-core\9.22.3\flyway-core-9.22.3.jar;C:\Users\Yann\.m2\repository\com\fasterxml\jackson\dataformat\jackson-dataformat-toml\2.15.4\jackson-dataformat-toml-2.15.4.jar;C:\Users\Yann\.m2\repository\com\google\code\gson\gson\2.10.1\gson-2.10.1.jar;C:\Users\Yann\.m2\repository\io\jsonwebtoken\jjwt-api\0.11.5\jjwt-api-0.11.5.jar;C:\Users\Yann\.m2\repository\io\jsonwebtoken\jjwt-impl\0.11.5\jjwt-impl-0.11.5.jar;C:\Users\Yann\.m2\repository\io\jsonwebtoken\jjwt-jackson\0.11.5\jjwt-jackson-0.11.5.jar;C:\Users\Yann\.m2\repository\com\fasterxml\jackson\core\jackson-databind\2.15.4\jackson-databind-2.15.4.jar;C:\Users\Yann\.m2\repository\org\springframework\boot\spring-boot-starter-data-elasticsearch\3.2.3\spring-boot-starter-data-elasticsearch-3.2.3.jar;C:\Users\Yann\.m2\repository\org\springframework\data\spring-data-elasticsearch\5.2.3\spring-data-elasticsearch-5.2.3.jar;C:\Users\Yann\.m2\repository\co\elastic\clients\elasticsearch-java\8.10.4\elasticsearch-java-8.10.4.jar;C:\Users\Yann\.m2\repository\jakarta\json\jakarta.json-api\2.1.3\jakarta.json-api-2.1.3.jar;C:\Users\Yann\.m2\repository\org\eclipse\parsson\parsson\1.0.0\parsson-1.0.0.jar;C:\Users\Yann\.m2\repository\io\opentelemetry\opentelemetry-api\1.31.0\opentelemetry-api-1.31.0.jar;C:\Users\Yann\.m2\repository\io\opentelemetry\opentelemetry-context\1.31.0\opentelemetry-context-1.31.0.jar;C:\Users\Yann\.m2\repository\org\elasticsearch\client\elasticsearch-rest-client\8.10.4\elasticsearch-rest-client-8.10.4.jar;C:\Users\Yann\.m2\repository\org\apache\httpcomponents\httpclient\4.5.13\httpclient-4.5.13.jar;C:\Users\Yann\.m2\repository\org\apache\httpcomponents\httpcore\4.4.16\httpcore-4.4.16.jar;C:\Users\Yann\.m2\repository\org\apache\httpcomponents\httpasyncclient\4.1.5\httpasyncclient-4.1.5.jar;C:\Users\Yann\.m2\repository\org\apache\httpcomponents\httpcore-nio\4.4.16\httpcore-nio-4.4.16.jar;C:\Users\Yann\.m2\repository\commons-codec\commons-codec\1.16.1\commons-codec-1.16.1.jar;C:\Users\Yann\.m2\repository\io\minio\minio\8.5.7\minio-8.5.7.jar;C:\Users\Yann\.m2\repository\com\carrotsearch\thirdparty\simple-xml-safe\2.7.1\simple-xml-safe-2.7.1.jar;C:\Users\Yann\.m2\repository\com\google\guava\guava\32.1.3-jre\guava-32.1.3-jre.jar;C:\Users\Yann\.m2\repository\com\google\guava\failureaccess\1.0.1\failureaccess-1.0.1.jar;C:\Users\Yann\.m2\repository\com\google\guava\listenablefuture\9999.0-empty-to-avoid-conflict-with-guava\listenablefuture-9999.0-empty-to-avoid-conflict-with-guava.jar;C:\Users\Yann\.m2\repository\com\google\code\findbugs\jsr305\3.0.2\jsr305-3.0.2.jar;C:\Users\Yann\.m2\repository\com\google\errorprone\error_prone_annotations\2.21.1\error_prone_annotations-2.21.1.jar;C:\Users\Yann\.m2\repository\com\google\j2objc\j2objc-annotations\2.8\j2objc-annotations-2.8.jar;C:\Users\Yann\.m2\repository\com\squareup\okhttp3\okhttp\4.12.0\okhttp-4.12.0.jar;C:\Users\Yann\.m2\repository\com\squareup\okio\okio\3.6.0\okio-3.6.0.jar;C:\Users\Yann\.m2\repository\com\squareup\okio\okio-jvm\3.6.0\okio-jvm-3.6.0.jar;C:\Users\Yann\.m2\repository\org\jetbrains\kotlin\kotlin-stdlib-common\1.9.22\kotlin-stdlib-common-1.9.22.jar;C:\Users\Yann\.m2\repository\org\jetbrains\kotlin\kotlin-stdlib-jdk8\1.9.22\kotlin-stdlib-jdk8-1.9.22.jar;C:\Users\Yann\.m2\repository\org\jetbrains\kotlin\kotlin-stdlib\1.9.22\kotlin-stdlib-1.9.22.jar;C:\Users\Yann\.m2\repository\org\jetbrains\kotlin\kotlin-stdlib-jdk7\1.9.22\kotlin-stdlib-jdk7-1.9.22.jar;C:\Users\Yann\.m2\repository\com\fasterxml\jackson\core\jackson-annotations\2.15.4\jackson-annotations-2.15.4.jar;C:\Users\Yann\.m2\repository\com\fasterxml\jackson\core\jackson-core\2.15.4\jackson-core-2.15.4.jar;C:\Users\Yann\.m2\repository\org\bouncycastle\bcprov-jdk18on\1.76\bcprov-jdk18on-1.76.jar;C:\Users\Yann\.m2\repository\org\apache\commons\commons-compress\1.24.0\commons-compress-1.24.0.jar;C:\Users\Yann\.m2\repository\org\xerial\snappy\snappy-java\1.1.10.5\snappy-java-1.1.10.5.jar;C:\Users\Yann\.m2\repository\org\springdoc\springdoc-openapi-starter-webmvc-ui\2.3.0\springdoc-openapi-starter-webmvc-ui-2.3.0.jar;C:\Users\Yann\.m2\repository\org\springdoc\springdoc-openapi-starter-webmvc-api\2.3.0\springdoc-openapi-starter-webmvc-api-2.3.0.jar;C:\Users\Yann\.m2\repository\org\springdoc\springdoc-openapi-starter-common\2.3.0\springdoc-openapi-starter-common-2.3.0.jar;C:\Users\Yann\.m2\repository\io\swagger\core\v3\swagger-core-jakarta\2.2.19\swagger-core-jakarta-2.2.19.jar;C:\Users\Yann\.m2\repository\org\apache\commons\commons-lang3\3.13.0\commons-lang3-3.13.0.jar;C:\Users\Yann\.m2\repository\io\swagger\core\v3\swagger-annotations-jakarta\2.2.19\swagger-annotations-jakarta-2.2.19.jar;C:\Users\Yann\.m2\repository\io\swagger\core\v3\swagger-models-jakarta\2.2.19\swagger-models-jakarta-2.2.19.jar;C:\Users\Yann\.m2\repository\com\fasterxml\jackson\dataformat\jackson-dataformat-yaml\2.15.4\jackson-dataformat-yaml-2.15.4.jar;C:\Users\Yann\.m2\repository\org\webjars\swagger-ui\5.10.3\swagger-ui-5.10.3.jar;C:\Users\Yann\.m2\repository\org\projectlombok\lombok\1.18.30\lombok-1.18.30.jar;C:\Users\Yann\.m2\repository\com\vladmihalcea\hibernate-types-60\2.21.1\hibernate-types-60-2.21.1.jar;C:\Users\Yann\.m2\repository\javax\xml\bind\jaxb-api\2.3.0\jaxb-api-2.3.0.jar;C:\Users\Yann\.m2\repository\jakarta\xml\bind\jakarta.xml.bind-api\4.0.1\jakarta.xml.bind-api-4.0.1.jar;C:\Users\Yann\.m2\repository\jakarta\activation\jakarta.activation-api\2.1.2\jakarta.activation-api-2.1.2.jar;C:\Users\Yann\.m2\repository\org\springframework\boot\spring-boot-starter-test\3.2.3\spring-boot-starter-test-3.2.3.jar;C:\Users\Yann\.m2\repository\com\jayway\jsonpath\json-path\2.9.0\json-path-2.9.0.jar;C:\Users\Yann\.m2\repository\net\minidev\json-smart\2.5.0\json-smart-2.5.0.jar;C:\Users\Yann\.m2\repository\net\minidev\accessors-smart\2.5.0\accessors-smart-2.5.0.jar;C:\Users\Yann\.m2\repository\org\ow2\asm\asm\9.3\asm-9.3.jar;C:\Users\Yann\.m2\repository\org\assertj\assertj-core\3.24.2\assertj-core-3.24.2.jar;C:\Users\Yann\.m2\repository\org\awaitility\awaitility\4.2.0\awaitility-4.2.0.jar;C:\Users\Yann\.m2\repository\org\hamcrest\hamcrest\2.2\hamcrest-2.2.jar;C:\Users\Yann\.m2\repository\org\junit\jupiter\junit-jupiter\5.10.2\junit-jupiter-5.10.2.jar;C:\Users\Yann\.m2\repository\org\junit\jupiter\junit-jupiter-api\5.10.2\junit-jupiter-api-5.10.2.jar;C:\Users\Yann\.m2\repository\org\opentest4j\opentest4j\1.3.0\opentest4j-1.3.0.jar;C:\Users\Yann\.m2\repository\org\junit\platform\junit-platform-commons\1.10.2\junit-platform-commons-1.10.2.jar;C:\Users\Yann\.m2\repository\org\apiguardian\apiguardian-api\1.1.2\apiguardian-api-1.1.2.jar;C:\Users\Yann\.m2\repository\org\junit\jupiter\junit-jupiter-params\5.10.2\junit-jupiter-params-5.10.2.jar;C:\Users\Yann\.m2\repository\org\junit\jupiter\junit-jupiter-engine\5.10.2\junit-jupiter-engine-5.10.2.jar;C:\Users\Yann\.m2\repository\org\junit\platform\junit-platform-engine\1.10.2\junit-platform-engine-1.10.2.jar;C:\Users\Yann\.m2\repository\org\mockito\mockito-core\5.7.0\mockito-core-5.7.0.jar;C:\Users\Yann\.m2\repository\net\bytebuddy\byte-buddy-agent\1.14.12\byte-buddy-agent-1.14.12.jar;C:\Users\Yann\.m2\repository\org\objenesis\objenesis\3.3\objenesis-3.3.jar;C:\Users\Yann\.m2\repository\org\mockito\mockito-junit-jupiter\5.7.0\mockito-junit-jupiter-5.7.0.jar;C:\Users\Yann\.m2\repository\org\skyscreamer\jsonassert\1.5.1\jsonassert-1.5.1.jar;C:\Users\Yann\.m2\repository\com\vaadin\external\google\android-json\0.0.20131108.vaadin1\android-json-0.0.20131108.vaadin1.jar;C:\Users\Yann\.m2\repository\org\springframework\spring-core\6.1.4\spring-core-6.1.4.jar;C:\Users\Yann\.m2\repository\org\springframework\spring-jcl\6.1.4\spring-jcl-6.1.4.jar;C:\Users\Yann\.m2\repository\org\springframework\spring-test\6.1.4\spring-test-6.1.4.jar;C:\Users\Yann\.m2\repository\org\xmlunit\xmlunit-core\2.9.1\xmlunit-core-2.9.1.jar;C:\Users\Yann\.m2\repository\org\springframework\security\spring-security-test\6.2.2\spring-security-test-6.2.2.jar;C:\Users\Yann\.m2\repository\org\springframework\security\spring-security-core\6.2.2\spring-security-core-6.2.2.jar;C:\Users\Yann\.m2\repository\org\springframework\security\spring-security-crypto\6.2.2\spring-security-crypto-6.2.2.jar;C:\Users\Yann\.m2\repository\org\testcontainers\postgresql\1.19.3\postgresql-1.19.3.jar;C:\Users\Yann\.m2\repository\org\testcontainers\jdbc\1.19.3\jdbc-1.19.3.jar;C:\Users\Yann\.m2\repository\org\testcontainers\database-commons\1.19.3\database-commons-1.19.3.jar;C:\Users\Yann\.m2\repository\org\testcontainers\elasticsearch\1.19.3\elasticsearch-1.19.3.jar;C:\Users\Yann\.m2\repository\org\testcontainers\testcontainers\1.19.3\testcontainers-1.19.3.jar;C:\Users\Yann\.m2\repository\junit\junit\4.13.2\junit-4.13.2.jar;C:\Users\Yann\.m2\repository\org\hamcrest\hamcrest-core\2.2\hamcrest-core-2.2.jar;C:\Users\Yann\.m2\repository\org\rnorth\duct-tape\duct-tape\1.0.8\duct-tape-1.0.8.jar;C:\Users\Yann\.m2\repository\org\jetbrains\annotations\17.0.0\annotations-17.0.0.jar;C:\Users\Yann\.m2\repository\com\github\docker-java\docker-java-api\3.3.4\docker-java-api-3.3.4.jar;C:\Users\Yann\.m2\repository\com\github\docker-java\docker-java-transport-zerodep\3.3.4\docker-java-transport-zerodep-3.3.4.jar;C:\Users\Yann\.m2\repository\com\github\docker-java\docker-java-transport\3.3.4\docker-java-transport-3.3.4.jar;C:\Users\Yann\.m2\repository\net\java\dev\jna\jna\5.13.0\jna-5.13.0.jar;C:\Users\Yann\.m2\repository\org\testcontainers\junit-jupiter\1.19.3\junit-jupiter-1.19.3.jar;C:\Users\Yann\.m2\repository\org\springframework\boot\spring-boot-test\3.2.3\spring-boot-test-3.2.3.jar;C:\Users\Yann\.m2\repository\org\springframework\boot\spring-boot\3.2.3\spring-boot-3.2.3.jar;C:\Users\Yann\.m2\repository\org\springframework\boot\spring-boot-test-autoconfigure\3.2.3\spring-boot-test-autoconfigure-3.2.3.jar;C:\Users\Yann\.m2\repository\org\springframework\boot\spring-boot-autoconfigure\3.2.3\spring-boot-autoconfigure-3.2.3.jar;"/>
    <property name="sun.cpu.endian" value="little"/>
    <property name="user.home" value="C:\Users\Yann"/>
    <property name="user.language" value="en"/>
    <property name="java.specification.vendor" value="Oracle Corporation"/>
    <property name="java.version.date" value="2025-01-21"/>
    <property name="java.home" value="C:\Program Files\Java\jdk-21.0.6"/>
    <property name="file.separator" value="\"/>
    <property name="basedir" value="C:\Users\Yann\Desktop\biakasystem\backend"/>
    <property name="java.vm.compressedOopsMode" value="Zero based"/>
    <property name="line.separator" value="&#10;"/>
    <property name="java.vm.specification.vendor" value="Oracle Corporation"/>
    <property name="java.specification.name" value="Java Platform API Specification"/>
    <property name="FILE_LOG_CHARSET" value="UTF-8"/>
    <property name="java.awt.headless" value="true"/>
    <property name="surefire.real.class.path" value="C:\Users\Yann\AppData\Local\Temp\surefire5251360406733543481\surefirebooter-20250708200633181_3.jar"/>
    <property name="user.script" value=""/>
    <property name="sun.management.compiler" value="HotSpot 64-Bit Tiered Compilers"/>
    <property name="java.runtime.version" value="21.0.6+8-LTS-188"/>
    <property name="user.name" value="Yann"/>
    <property name="stdout.encoding" value="Cp1252"/>
    <property name="path.separator" value=";"/>
    <property name="os.version" value="10.0"/>
    <property name="java.runtime.name" value="Java(TM) SE Runtime Environment"/>
    <property name="file.encoding" value="UTF-8"/>
    <property name="java.vm.name" value="Java HotSpot(TM) 64-Bit Server VM"/>
    <property name="localRepository" value="C:\Users\Yann\.m2\repository"/>
    <property name="java.vendor.url.bug" value="https://bugreport.java.com/bugreport/"/>
    <property name="java.io.tmpdir" value="C:\Users\Yann\AppData\Local\Temp\"/>
    <property name="com.zaxxer.hikari.pool_number" value="5"/>
    <property name="java.version" value="21.0.6"/>
    <property name="user.dir" value="C:\Users\Yann\Desktop\biakasystem\backend"/>
    <property name="os.arch" value="amd64"/>
    <property name="java.vm.specification.name" value="Java Virtual Machine Specification"/>
    <property name="PID" value="2708"/>
    <property name="sun.os.patch.level" value=""/>
    <property name="CONSOLE_LOG_CHARSET" value="UTF-8"/>
    <property name="native.encoding" value="Cp1252"/>
    <property name="java.library.path" value="C:\Program Files\Java\jdk-21.0.6\bin;C:\WINDOWS\Sun\Java\bin;C:\WINDOWS\system32;C:\WINDOWS;C:\Program Files\Java\jdk-21.0.6\bin;C:\Python312\Scripts\;C:\Python312\;C:\Program Files\Common Files\Oracle\Java\javapath;C:\Program Files\Microsoft\jdk-11.0.16.101-hotspot\bin;C:\WINDOWS\system32;C:\WINDOWS;C:\WINDOWS\System32\Wbem;C:\WINDOWS\System32\WindowsPowerShell\v1.0\;C:\WINDOWS\System32\OpenSSH\;C:\Program Files\Microsoft SQL Server\150\Tools\Binn\;C:\Program Files\Microsoft SQL Server\Client SDK\ODBC\170\Tools\Binn\;C:\Program Files\dotnet\;C:\Program Files (x86)\BaseX\bin;C:\Program Files\Git\cmd;C:\Program Files\nodejs\;C:\ProgramData\chocolatey\bin;C:\xampp\php;C:\composer;c:\Users\Yann\AppData\Local\Programs\cursor\resources\app\bin;C:\Program Files\Apache\maven\apache-maven-3.9.9\bin;;C:\Program Files\Docker\Docker\resources\bin;C:\Users\Yann\AppData\Local\Microsoft\WindowsApps;C:\Users\Yann\.dotnet\tools;C:\Users\Yann\AppData\Local\Programs\Microsoft VS Code\bin;C:\MinGW\bin;C:\Program Files\MongoDB\mongosh-2.1.0-win32-x64\bin;C:\Program Files\MongoDB\Server\7.0\bin;C:\Program Files\JetBrains\IntelliJ IDEA 2023.3.3\bin;;C:\Users\Yann\AppData\Local\GitHubDesktop\bin;C:\Users\Yann\AppData\Roaming\npm;C:\Users\Yann\AppData\Roaming\Composer\vendor\bin;C:\src\flutter;C:\Users\Yann\AppData\Local\Programs\cursor\resources\app\bin;C:\Users\Yann\AppData\Local\Android\Sdk\platform-tools;C:\Users\Yann\AppData\Local\Android\Sdk\emulator;C:\Users\Yann\AppData\Local\Android\Sdk\tools;C:\Users\Yann\AppData\Local\Android\Sdk\tools\bin;;."/>
    <property name="java.vm.info" value="mixed mode, sharing"/>
    <property name="stderr.encoding" value="Cp1252"/>
    <property name="java.vendor" value="Oracle Corporation"/>
    <property name="java.vm.version" value="21.0.6+8-LTS-188"/>
    <property name="sun.io.unicode.encoding" value="UnicodeLittle"/>
    <property name="java.class.version" value="65.0"/>
    <property name="LOGGED_APPLICATION_NAME" value="[bika] "/>
  </properties>
  <testcase name="getAllTasks_ShouldSucceed_WhenAdmin" classname="com.bika.task.controller.TaskControllerIntegrationTest" time="0.357">
    <system-out><![CDATA[2025-07-08T20:07:36.238+02:00  INFO 2708 --- [bika] [           main] t.c.s.AnnotationConfigContextLoaderUtils : Could not detect default configuration classes for test class [com.bika.task.controller.TaskControllerIntegrationTest]: TaskControllerIntegrationTest does not declare any static, non-private, non-final, nested classes annotated with @Configuration.
2025-07-08T20:07:36.282+02:00  INFO 2708 --- [bika] [           main] .b.t.c.SpringBootTestContextBootstrapper : Found @SpringBootConfiguration com.bika.BikaApplication for test class com.bika.task.controller.TaskControllerIntegrationTest
2025-07-08T20:07:36.302+02:00  INFO 2708 --- [bika] [           main] o.s.b.t.m.w.SpringBootMockServletContext : Initializing Spring TestDispatcherServlet ''
2025-07-08T20:07:36.302+02:00  INFO 2708 --- [bika] [           main] o.s.t.web.servlet.TestDispatcherServlet  : Initializing Servlet ''
2025-07-08T20:07:36.303+02:00  INFO 2708 --- [bika] [           main] o.s.t.web.servlet.TestDispatcherServlet  : Completed initialization in 1 ms
2025-07-08T20:07:36.305+02:00 DEBUG 2708 --- [bika] [           main] org.hibernate.SQL                        : 
    insert 
    into
        companies
        (is_active, address, code, created_at, created_by, description, email, name, phone, updated_at, updated_by, id) 
    values
        (?, ?, ?, ?, ?, ?, ?, ?, ?, ?, ?, default)
Hibernate: 
    insert 
    into
        companies
        (is_active, address, code, created_at, created_by, description, email, name, phone, updated_at, updated_by, id) 
    values
        (?, ?, ?, ?, ?, ?, ?, ?, ?, ?, ?, default)
2025-07-08T20:07:36.308+02:00 DEBUG 2708 --- [bika] [           main] org.hibernate.SQL                        : 
    insert 
    into
        departments
        (is_active, code, company_id, created_at, created_by, name, parent_id, updated_at, updated_by, id) 
    values
        (?, ?, ?, ?, ?, ?, ?, ?, ?, default)
Hibernate: 
    insert 
    into
        departments
        (is_active, code, company_id, created_at, created_by, name, parent_id, updated_at, updated_by, id) 
    values
        (?, ?, ?, ?, ?, ?, ?, ?, ?, default)
2025-07-08T20:07:36.333+02:00 DEBUG 2708 --- [bika] [           main] org.hibernate.SQL                        : 
    insert 
    into
        projects
        (code, company_id, created_at, created_by, department_id, description, end_date, is_active, name, start_date, status, updated_at, updated_by, id) 
    values
        (?, ?, ?, ?, ?, ?, ?, ?, ?, ?, ?, ?, ?, default)
Hibernate: 
    insert 
    into
        projects
        (code, company_id, created_at, created_by, department_id, description, end_date, is_active, name, start_date, status, updated_at, updated_by, id) 
    values
        (?, ?, ?, ?, ?, ?, ?, ?, ?, ?, ?, ?, ?, default)
2025-07-08T20:07:36.476+02:00 DEBUG 2708 --- [bika] [           main] org.hibernate.SQL                        : 
    insert 
    into
        users
        (is_active, company_id, created_at, created_by, department_id, email, first_name, last_login, last_name, password, role, updated_at, updated_by, username, id) 
    values
        (?, ?, ?, ?, ?, ?, ?, ?, ?, ?, ?, ?, ?, ?, default)
Hibernate: 
    insert 
    into
        users
        (is_active, company_id, created_at, created_by, department_id, email, first_name, last_login, last_name, password, role, updated_at, updated_by, username, id) 
    values
        (?, ?, ?, ?, ?, ?, ?, ?, ?, ?, ?, ?, ?, ?, default)
2025-07-08T20:07:36.612+02:00 DEBUG 2708 --- [bika] [           main] org.hibernate.SQL                        : 
    insert 
    into
        users
        (is_active, company_id, created_at, created_by, department_id, email, first_name, last_login, last_name, password, role, updated_at, updated_by, username, id) 
    values
        (?, ?, ?, ?, ?, ?, ?, ?, ?, ?, ?, ?, ?, ?, default)
Hibernate: 
    insert 
    into
        users
        (is_active, company_id, created_at, created_by, department_id, email, first_name, last_login, last_name, password, role, updated_at, updated_by, username, id) 
    values
        (?, ?, ?, ?, ?, ?, ?, ?, ?, ?, ?, ?, ?, ?, default)
2025-07-08T20:07:36.618+02:00 DEBUG 2708 --- [bika] [           main] org.hibernate.SQL                        : 
    select
        t1_0.id,
        t1_0.assigned_to,
        t1_0.company_id,
        t1_0.completed_date,
        t1_0.created_at,
        t1_0.created_by,
        t1_0.creator_id,
        t1_0.department_id,
        t1_0.description,
        t1_0.due_date,
        t1_0.is_active,
        t1_0.priority,
        t1_0.project_id,
        t1_0.start_date,
        t1_0.status,
        t1_0.title,
        t1_0.updated_at,
        t1_0.updated_by 
    from
        tasks t1_0
Hibernate: 
    select
        t1_0.id,
        t1_0.assigned_to,
        t1_0.company_id,
        t1_0.completed_date,
        t1_0.created_at,
        t1_0.created_by,
        t1_0.creator_id,
        t1_0.department_id,
        t1_0.description,
        t1_0.due_date,
        t1_0.is_active,
        t1_0.priority,
        t1_0.project_id,
        t1_0.start_date,
        t1_0.status,
        t1_0.title,
        t1_0.updated_at,
        t1_0.updated_by 
    from
        tasks t1_0
2025-07-08T20:07:36.623+02:00 DEBUG 2708 --- [bika] [           main] org.hibernate.SQL                        : 
    select
        t1_0.id,
        t1_0.assigned_to,
        t1_0.company_id,
        t1_0.completed_date,
        t1_0.created_at,
        t1_0.created_by,
        t1_0.creator_id,
        t1_0.department_id,
        t1_0.description,
        t1_0.due_date,
        t1_0.is_active,
        t1_0.priority,
        t1_0.project_id,
        t1_0.start_date,
        t1_0.status,
        t1_0.title,
        t1_0.updated_at,
        t1_0.updated_by 
    from
        tasks t1_0
Hibernate: 
    select
        t1_0.id,
        t1_0.assigned_to,
        t1_0.company_id,
        t1_0.completed_date,
        t1_0.created_at,
        t1_0.created_by,
        t1_0.creator_id,
        t1_0.department_id,
        t1_0.description,
        t1_0.due_date,
        t1_0.is_active,
        t1_0.priority,
        t1_0.project_id,
        t1_0.start_date,
        t1_0.status,
        t1_0.title,
        t1_0.updated_at,
        t1_0.updated_by 
    from
        tasks t1_0
2025-07-08T20:07:36.625+02:00 DEBUG 2708 --- [bika] [           main] org.hibernate.SQL                        : 
    select
        u1_0.id,
        u1_0.is_active,
        u1_0.company_id,
        u1_0.created_at,
        u1_0.created_by,
        u1_0.department_id,
        u1_0.email,
        u1_0.first_name,
        u1_0.last_login,
        u1_0.last_name,
        u1_0.password,
        u1_0.role,
        u1_0.updated_at,
        u1_0.updated_by,
        u1_0.username 
    from
        users u1_0
Hibernate: 
    select
        u1_0.id,
        u1_0.is_active,
        u1_0.company_id,
        u1_0.created_at,
        u1_0.created_by,
        u1_0.department_id,
        u1_0.email,
        u1_0.first_name,
        u1_0.last_login,
        u1_0.last_name,
        u1_0.password,
        u1_0.role,
        u1_0.updated_at,
        u1_0.updated_by,
        u1_0.username 
    from
        users u1_0
2025-07-08T20:07:36.628+02:00 DEBUG 2708 --- [bika] [           main] org.hibernate.SQL                        : 
    delete 
    from
        users 
    where
        id=?
Hibernate: 
    delete 
    from
        users 
    where
        id=?
2025-07-08T20:07:36.628+02:00 DEBUG 2708 --- [bika] [           main] org.hibernate.SQL                        : 
    delete 
    from
        users 
    where
        id=?
Hibernate: 
    delete 
    from
        users 
    where
        id=?
2025-07-08T20:07:36.632+02:00 DEBUG 2708 --- [bika] [           main] org.hibernate.SQL                        : 
    select
        p1_0.id,
        p1_0.code,
        p1_0.company_id,
        p1_0.created_at,
        p1_0.created_by,
        p1_0.department_id,
        p1_0.description,
        p1_0.end_date,
        p1_0.is_active,
        p1_0.name,
        p1_0.start_date,
        p1_0.status,
        p1_0.updated_at,
        p1_0.updated_by 
    from
        projects p1_0
Hibernate: 
    select
        p1_0.id,
        p1_0.code,
        p1_0.company_id,
        p1_0.created_at,
        p1_0.created_by,
        p1_0.department_id,
        p1_0.description,
        p1_0.end_date,
        p1_0.is_active,
        p1_0.name,
        p1_0.start_date,
        p1_0.status,
        p1_0.updated_at,
        p1_0.updated_by 
    from
        projects p1_0
2025-07-08T20:07:36.633+02:00 DEBUG 2708 --- [bika] [           main] org.hibernate.SQL                        : 
    delete 
    from
        projects 
    where
        id=?
Hibernate: 
    delete 
    from
        projects 
    where
        id=?
2025-07-08T20:07:36.635+02:00 DEBUG 2708 --- [bika] [           main] org.hibernate.SQL                        : 
    select
        d1_0.id,
        d1_0.is_active,
        d1_0.code,
        d1_0.company_id,
        d1_0.created_at,
        d1_0.created_by,
        d1_0.name,
        d1_0.parent_id,
        d1_0.updated_at,
        d1_0.updated_by 
    from
        departments d1_0
Hibernate: 
    select
        d1_0.id,
        d1_0.is_active,
        d1_0.code,
        d1_0.company_id,
        d1_0.created_at,
        d1_0.created_by,
        d1_0.name,
        d1_0.parent_id,
        d1_0.updated_at,
        d1_0.updated_by 
    from
        departments d1_0
2025-07-08T20:07:36.637+02:00 DEBUG 2708 --- [bika] [           main] org.hibernate.SQL                        : 
    delete 
    from
        departments 
    where
        id=?
Hibernate: 
    delete 
    from
        departments 
    where
        id=?
2025-07-08T20:07:36.639+02:00 DEBUG 2708 --- [bika] [           main] org.hibernate.SQL                        : 
    select
        c1_0.id,
        c1_0.is_active,
        c1_0.address,
        c1_0.code,
        c1_0.created_at,
        c1_0.created_by,
        c1_0.description,
        c1_0.email,
        c1_0.name,
        c1_0.phone,
        c1_0.updated_at,
        c1_0.updated_by 
    from
        companies c1_0
Hibernate: 
    select
        c1_0.id,
        c1_0.is_active,
        c1_0.address,
        c1_0.code,
        c1_0.created_at,
        c1_0.created_by,
        c1_0.description,
        c1_0.email,
        c1_0.name,
        c1_0.phone,
        c1_0.updated_at,
        c1_0.updated_by 
    from
        companies c1_0
2025-07-08T20:07:36.640+02:00 DEBUG 2708 --- [bika] [           main] org.hibernate.SQL                        : 
    select
        d1_0.company_id,
        d1_0.id,
        d1_0.is_active,
        d1_0.code,
        d1_0.created_at,
        d1_0.created_by,
        d1_0.name,
        d1_0.parent_id,
        d1_0.updated_at,
        d1_0.updated_by 
    from
        departments d1_0 
    where
        d1_0.company_id=?
Hibernate: 
    select
        d1_0.company_id,
        d1_0.id,
        d1_0.is_active,
        d1_0.code,
        d1_0.created_at,
        d1_0.created_by,
        d1_0.name,
        d1_0.parent_id,
        d1_0.updated_at,
        d1_0.updated_by 
    from
        departments d1_0 
    where
        d1_0.company_id=?
2025-07-08T20:07:36.642+02:00 DEBUG 2708 --- [bika] [           main] org.hibernate.SQL                        : 
    delete 
    from
        companies 
    where
        id=?
Hibernate: 
    delete 
    from
        companies 
    where
        id=?
]]></system-out>
  </testcase>
  <testcase name="assignTask_ShouldSucceed_WhenManager" classname="com.bika.task.controller.TaskControllerIntegrationTest" time="0.433">
    <system-out><![CDATA[2025-07-08T20:07:36.648+02:00  INFO 2708 --- [bika] [           main] o.s.b.t.m.w.SpringBootMockServletContext : Initializing Spring TestDispatcherServlet ''
2025-07-08T20:07:36.648+02:00  INFO 2708 --- [bika] [           main] o.s.t.web.servlet.TestDispatcherServlet  : Initializing Servlet ''
2025-07-08T20:07:36.650+02:00  INFO 2708 --- [bika] [           main] o.s.t.web.servlet.TestDispatcherServlet  : Completed initialization in 2 ms
2025-07-08T20:07:36.651+02:00 DEBUG 2708 --- [bika] [           main] org.hibernate.SQL                        : 
    insert 
    into
        companies
        (is_active, address, code, created_at, created_by, description, email, name, phone, updated_at, updated_by, id) 
    values
        (?, ?, ?, ?, ?, ?, ?, ?, ?, ?, ?, default)
Hibernate: 
    insert 
    into
        companies
        (is_active, address, code, created_at, created_by, description, email, name, phone, updated_at, updated_by, id) 
    values
        (?, ?, ?, ?, ?, ?, ?, ?, ?, ?, ?, default)
2025-07-08T20:07:36.653+02:00 DEBUG 2708 --- [bika] [           main] org.hibernate.SQL                        : 
    insert 
    into
        departments
        (is_active, code, company_id, created_at, created_by, name, parent_id, updated_at, updated_by, id) 
    values
        (?, ?, ?, ?, ?, ?, ?, ?, ?, default)
Hibernate: 
    insert 
    into
        departments
        (is_active, code, company_id, created_at, created_by, name, parent_id, updated_at, updated_by, id) 
    values
        (?, ?, ?, ?, ?, ?, ?, ?, ?, default)
2025-07-08T20:07:36.655+02:00 DEBUG 2708 --- [bika] [           main] org.hibernate.SQL                        : 
    insert 
    into
        projects
        (code, company_id, created_at, created_by, department_id, description, end_date, is_active, name, start_date, status, updated_at, updated_by, id) 
    values
        (?, ?, ?, ?, ?, ?, ?, ?, ?, ?, ?, ?, ?, default)
Hibernate: 
    insert 
    into
        projects
        (code, company_id, created_at, created_by, department_id, description, end_date, is_active, name, start_date, status, updated_at, updated_by, id) 
    values
        (?, ?, ?, ?, ?, ?, ?, ?, ?, ?, ?, ?, ?, default)
2025-07-08T20:07:36.791+02:00 DEBUG 2708 --- [bika] [           main] org.hibernate.SQL                        : 
    insert 
    into
        users
        (is_active, company_id, created_at, created_by, department_id, email, first_name, last_login, last_name, password, role, updated_at, updated_by, username, id) 
    values
        (?, ?, ?, ?, ?, ?, ?, ?, ?, ?, ?, ?, ?, ?, default)
Hibernate: 
    insert 
    into
        users
        (is_active, company_id, created_at, created_by, department_id, email, first_name, last_login, last_name, password, role, updated_at, updated_by, username, id) 
    values
        (?, ?, ?, ?, ?, ?, ?, ?, ?, ?, ?, ?, ?, ?, default)
2025-07-08T20:07:36.926+02:00 DEBUG 2708 --- [bika] [           main] org.hibernate.SQL                        : 
    insert 
    into
        users
        (is_active, company_id, created_at, created_by, department_id, email, first_name, last_login, last_name, password, role, updated_at, updated_by, username, id) 
    values
        (?, ?, ?, ?, ?, ?, ?, ?, ?, ?, ?, ?, ?, ?, default)
Hibernate: 
    insert 
    into
        users
        (is_active, company_id, created_at, created_by, department_id, email, first_name, last_login, last_name, password, role, updated_at, updated_by, username, id) 
    values
        (?, ?, ?, ?, ?, ?, ?, ?, ?, ?, ?, ?, ?, ?, default)
2025-07-08T20:07:36.951+02:00 DEBUG 2708 --- [bika] [           main] org.hibernate.SQL                        : 
    select
        c1_0.id,
        c1_0.is_active,
        c1_0.address,
        c1_0.code,
        c1_0.created_at,
        c1_0.created_by,
        c1_0.description,
        c1_0.email,
        c1_0.name,
        c1_0.phone,
        c1_0.updated_at,
        c1_0.updated_by 
    from
        companies c1_0 
    where
        c1_0.id=?
Hibernate: 
    select
        c1_0.id,
        c1_0.is_active,
        c1_0.address,
        c1_0.code,
        c1_0.created_at,
        c1_0.created_by,
        c1_0.description,
        c1_0.email,
        c1_0.name,
        c1_0.phone,
        c1_0.updated_at,
        c1_0.updated_by 
    from
        companies c1_0 
    where
        c1_0.id=?
2025-07-08T20:07:36.954+02:00 DEBUG 2708 --- [bika] [           main] org.hibernate.SQL                        : 
    select
        d1_0.id,
        d1_0.is_active,
        d1_0.code,
        d1_0.company_id,
        d1_0.created_at,
        d1_0.created_by,
        d1_0.name,
        d1_0.parent_id,
        d1_0.updated_at,
        d1_0.updated_by 
    from
        departments d1_0 
    where
        d1_0.id=?
Hibernate: 
    select
        d1_0.id,
        d1_0.is_active,
        d1_0.code,
        d1_0.company_id,
        d1_0.created_at,
        d1_0.created_by,
        d1_0.name,
        d1_0.parent_id,
        d1_0.updated_at,
        d1_0.updated_by 
    from
        departments d1_0 
    where
        d1_0.id=?
2025-07-08T20:07:36.956+02:00 DEBUG 2708 --- [bika] [           main] org.hibernate.SQL                        : 
    select
        p1_0.id,
        p1_0.code,
        p1_0.company_id,
        p1_0.created_at,
        p1_0.created_by,
        p1_0.department_id,
        p1_0.description,
        p1_0.end_date,
        p1_0.is_active,
        p1_0.name,
        p1_0.start_date,
        p1_0.status,
        p1_0.updated_at,
        p1_0.updated_by 
    from
        projects p1_0 
    where
        p1_0.id=?
Hibernate: 
    select
        p1_0.id,
        p1_0.code,
        p1_0.company_id,
        p1_0.created_at,
        p1_0.created_by,
        p1_0.department_id,
        p1_0.description,
        p1_0.end_date,
        p1_0.is_active,
        p1_0.name,
        p1_0.start_date,
        p1_0.status,
        p1_0.updated_at,
        p1_0.updated_by 
    from
        projects p1_0 
    where
        p1_0.id=?
2025-07-08T20:07:36.958+02:00 DEBUG 2708 --- [bika] [           main] org.hibernate.SQL                        : 
    select
        u1_0.id,
        u1_0.is_active,
        u1_0.company_id,
        u1_0.created_at,
        u1_0.created_by,
        u1_0.department_id,
        u1_0.email,
        u1_0.first_name,
        u1_0.last_login,
        u1_0.last_name,
        u1_0.password,
        u1_0.role,
        u1_0.updated_at,
        u1_0.updated_by,
        u1_0.username 
    from
        users u1_0 
    where
        u1_0.id=?
Hibernate: 
    select
        u1_0.id,
        u1_0.is_active,
        u1_0.company_id,
        u1_0.created_at,
        u1_0.created_by,
        u1_0.department_id,
        u1_0.email,
        u1_0.first_name,
        u1_0.last_login,
        u1_0.last_name,
        u1_0.password,
        u1_0.role,
        u1_0.updated_at,
        u1_0.updated_by,
        u1_0.username 
    from
        users u1_0 
    where
        u1_0.id=?
2025-07-08T20:07:36.962+02:00 DEBUG 2708 --- [bika] [           main] org.hibernate.SQL                        : 
    select
        u1_0.id,
        u1_0.is_active,
        u1_0.company_id,
        u1_0.created_at,
        u1_0.created_by,
        u1_0.department_id,
        u1_0.email,
        u1_0.first_name,
        u1_0.last_login,
        u1_0.last_name,
        u1_0.password,
        u1_0.role,
        u1_0.updated_at,
        u1_0.updated_by,
        u1_0.username 
    from
        users u1_0 
    where
        u1_0.email=?
Hibernate: 
    select
        u1_0.id,
        u1_0.is_active,
        u1_0.company_id,
        u1_0.created_at,
        u1_0.created_by,
        u1_0.department_id,
        u1_0.email,
        u1_0.first_name,
        u1_0.last_login,
        u1_0.last_name,
        u1_0.password,
        u1_0.role,
        u1_0.updated_at,
        u1_0.updated_by,
        u1_0.username 
    from
        users u1_0 
    where
        u1_0.email=?
2025-07-08T20:07:36.964+02:00 DEBUG 2708 --- [bika] [           main] org.hibernate.SQL                        : 
    select
        u1_0.id,
        u1_0.is_active,
        u1_0.company_id,
        u1_0.created_at,
        u1_0.created_by,
        u1_0.department_id,
        u1_0.email,
        u1_0.first_name,
        u1_0.last_login,
        u1_0.last_name,
        u1_0.password,
        u1_0.role,
        u1_0.updated_at,
        u1_0.updated_by,
        u1_0.username 
    from
        users u1_0 
    where
        u1_0.id=?
Hibernate: 
    select
        u1_0.id,
        u1_0.is_active,
        u1_0.company_id,
        u1_0.created_at,
        u1_0.created_by,
        u1_0.department_id,
        u1_0.email,
        u1_0.first_name,
        u1_0.last_login,
        u1_0.last_name,
        u1_0.password,
        u1_0.role,
        u1_0.updated_at,
        u1_0.updated_by,
        u1_0.username 
    from
        users u1_0 
    where
        u1_0.id=?
2025-07-08T20:07:36.973+02:00 DEBUG 2708 --- [bika] [           main] org.hibernate.SQL                        : 
    insert 
    into
        tasks
        (assigned_to, company_id, completed_date, created_at, created_by, creator_id, department_id, description, due_date, is_active, priority, project_id, start_date, status, title, updated_at, updated_by, id) 
    values
        (?, ?, ?, ?, ?, ?, ?, ?, ?, ?, ?, ?, ?, ?, ?, ?, ?, default)
Hibernate: 
    insert 
    into
        tasks
        (assigned_to, company_id, completed_date, created_at, created_by, creator_id, department_id, description, due_date, is_active, priority, project_id, start_date, status, title, updated_at, updated_by, id) 
    values
        (?, ?, ?, ?, ?, ?, ?, ?, ?, ?, ?, ?, ?, ?, ?, ?, ?, default)
2025-07-08T20:07:36.985+02:00 DEBUG 2708 --- [bika] [           main] org.hibernate.SQL                        : 
    select
        t1_0.id,
        t1_0.assigned_to,
        t1_0.company_id,
        t1_0.completed_date,
        t1_0.created_at,
        t1_0.created_by,
        t1_0.creator_id,
        t1_0.department_id,
        t1_0.description,
        t1_0.due_date,
        t1_0.is_active,
        t1_0.priority,
        t1_0.project_id,
        t1_0.start_date,
        t1_0.status,
        t1_0.title,
        t1_0.updated_at,
        t1_0.updated_by 
    from
        tasks t1_0 
    where
        t1_0.id=?
Hibernate: 
    select
        t1_0.id,
        t1_0.assigned_to,
        t1_0.company_id,
        t1_0.completed_date,
        t1_0.created_at,
        t1_0.created_by,
        t1_0.creator_id,
        t1_0.department_id,
        t1_0.description,
        t1_0.due_date,
        t1_0.is_active,
        t1_0.priority,
        t1_0.project_id,
        t1_0.start_date,
        t1_0.status,
        t1_0.title,
        t1_0.updated_at,
        t1_0.updated_by 
    from
        tasks t1_0 
    where
        t1_0.id=?
2025-07-08T20:07:36.988+02:00 DEBUG 2708 --- [bika] [           main] org.hibernate.SQL                        : 
    select
        u1_0.id,
        u1_0.is_active,
        u1_0.company_id,
        u1_0.created_at,
        u1_0.created_by,
        u1_0.department_id,
        u1_0.email,
        u1_0.first_name,
        u1_0.last_login,
        u1_0.last_name,
        u1_0.password,
        u1_0.role,
        u1_0.updated_at,
        u1_0.updated_by,
        u1_0.username 
    from
        users u1_0 
    where
        u1_0.id=?
Hibernate: 
    select
        u1_0.id,
        u1_0.is_active,
        u1_0.company_id,
        u1_0.created_at,
        u1_0.created_by,
        u1_0.department_id,
        u1_0.email,
        u1_0.first_name,
        u1_0.last_login,
        u1_0.last_name,
        u1_0.password,
        u1_0.role,
        u1_0.updated_at,
        u1_0.updated_by,
        u1_0.username 
    from
        users u1_0 
    where
        u1_0.id=?
2025-07-08T20:07:36.997+02:00 DEBUG 2708 --- [bika] [           main] org.hibernate.SQL                        : 
    select
        u1_0.id,
        u1_0.is_active,
        u1_0.company_id,
        u1_0.created_at,
        u1_0.created_by,
        u1_0.department_id,
        u1_0.email,
        u1_0.first_name,
        u1_0.last_login,
        u1_0.last_name,
        u1_0.password,
        u1_0.role,
        u1_0.updated_at,
        u1_0.updated_by,
        u1_0.username 
    from
        users u1_0 
    where
        u1_0.id=?
Hibernate: 
    select
        u1_0.id,
        u1_0.is_active,
        u1_0.company_id,
        u1_0.created_at,
        u1_0.created_by,
        u1_0.department_id,
        u1_0.email,
        u1_0.first_name,
        u1_0.last_login,
        u1_0.last_name,
        u1_0.password,
        u1_0.role,
        u1_0.updated_at,
        u1_0.updated_by,
        u1_0.username 
    from
        users u1_0 
    where
        u1_0.id=?
2025-07-08T20:07:36.999+02:00 DEBUG 2708 --- [bika] [           main] org.hibernate.SQL                        : 
    select
        c1_0.id,
        c1_0.is_active,
        c1_0.address,
        c1_0.code,
        c1_0.created_at,
        c1_0.created_by,
        c1_0.description,
        c1_0.email,
        c1_0.name,
        c1_0.phone,
        c1_0.updated_at,
        c1_0.updated_by 
    from
        companies c1_0 
    where
        c1_0.id=?
Hibernate: 
    select
        c1_0.id,
        c1_0.is_active,
        c1_0.address,
        c1_0.code,
        c1_0.created_at,
        c1_0.created_by,
        c1_0.description,
        c1_0.email,
        c1_0.name,
        c1_0.phone,
        c1_0.updated_at,
        c1_0.updated_by 
    from
        companies c1_0 
    where
        c1_0.id=?
2025-07-08T20:07:37.002+02:00 DEBUG 2708 --- [bika] [           main] org.hibernate.SQL                        : 
    select
        d1_0.id,
        d1_0.is_active,
        d1_0.code,
        d1_0.company_id,
        d1_0.created_at,
        d1_0.created_by,
        d1_0.name,
        d1_0.parent_id,
        d1_0.updated_at,
        d1_0.updated_by 
    from
        departments d1_0 
    where
        d1_0.id=?
Hibernate: 
    select
        d1_0.id,
        d1_0.is_active,
        d1_0.code,
        d1_0.company_id,
        d1_0.created_at,
        d1_0.created_by,
        d1_0.name,
        d1_0.parent_id,
        d1_0.updated_at,
        d1_0.updated_by 
    from
        departments d1_0 
    where
        d1_0.id=?
2025-07-08T20:07:37.003+02:00 DEBUG 2708 --- [bika] [           main] org.hibernate.SQL                        : 
    select
        p1_0.id,
        p1_0.code,
        p1_0.company_id,
        p1_0.created_at,
        p1_0.created_by,
        p1_0.department_id,
        p1_0.description,
        p1_0.end_date,
        p1_0.is_active,
        p1_0.name,
        p1_0.start_date,
        p1_0.status,
        p1_0.updated_at,
        p1_0.updated_by 
    from
        projects p1_0 
    where
        p1_0.id=?
Hibernate: 
    select
        p1_0.id,
        p1_0.code,
        p1_0.company_id,
        p1_0.created_at,
        p1_0.created_by,
        p1_0.department_id,
        p1_0.description,
        p1_0.end_date,
        p1_0.is_active,
        p1_0.name,
        p1_0.start_date,
        p1_0.status,
        p1_0.updated_at,
        p1_0.updated_by 
    from
        projects p1_0 
    where
        p1_0.id=?
2025-07-08T20:07:37.011+02:00 DEBUG 2708 --- [bika] [           main] org.hibernate.SQL                        : 
    select
        t1_0.id,
        t1_0.assigned_to,
        t1_0.company_id,
        t1_0.completed_date,
        t1_0.created_at,
        t1_0.created_by,
        t1_0.creator_id,
        t1_0.department_id,
        t1_0.description,
        t1_0.due_date,
        t1_0.is_active,
        t1_0.priority,
        t1_0.project_id,
        t1_0.start_date,
        t1_0.status,
        t1_0.title,
        t1_0.updated_at,
        t1_0.updated_by 
    from
        tasks t1_0
Hibernate: 
    select
        t1_0.id,
        t1_0.assigned_to,
        t1_0.company_id,
        t1_0.completed_date,
        t1_0.created_at,
        t1_0.created_by,
        t1_0.creator_id,
        t1_0.department_id,
        t1_0.description,
        t1_0.due_date,
        t1_0.is_active,
        t1_0.priority,
        t1_0.project_id,
        t1_0.start_date,
        t1_0.status,
        t1_0.title,
        t1_0.updated_at,
        t1_0.updated_by 
    from
        tasks t1_0
2025-07-08T20:07:37.013+02:00 DEBUG 2708 --- [bika] [           main] org.hibernate.SQL                        : 
    delete 
    from
        tasks 
    where
        id=?
Hibernate: 
    delete 
    from
        tasks 
    where
        id=?
2025-07-08T20:07:37.016+02:00 DEBUG 2708 --- [bika] [           main] org.hibernate.SQL                        : 
    select
        u1_0.id,
        u1_0.is_active,
        u1_0.company_id,
        u1_0.created_at,
        u1_0.created_by,
        u1_0.department_id,
        u1_0.email,
        u1_0.first_name,
        u1_0.last_login,
        u1_0.last_name,
        u1_0.password,
        u1_0.role,
        u1_0.updated_at,
        u1_0.updated_by,
        u1_0.username 
    from
        users u1_0
Hibernate: 
    select
        u1_0.id,
        u1_0.is_active,
        u1_0.company_id,
        u1_0.created_at,
        u1_0.created_by,
        u1_0.department_id,
        u1_0.email,
        u1_0.first_name,
        u1_0.last_login,
        u1_0.last_name,
        u1_0.password,
        u1_0.role,
        u1_0.updated_at,
        u1_0.updated_by,
        u1_0.username 
    from
        users u1_0
2025-07-08T20:07:37.032+02:00 DEBUG 2708 --- [bika] [           main] org.hibernate.SQL                        : 
    delete 
    from
        users 
    where
        id=?
Hibernate: 
    delete 
    from
        users 
    where
        id=?
2025-07-08T20:07:37.034+02:00 DEBUG 2708 --- [bika] [           main] org.hibernate.SQL                        : 
    delete 
    from
        users 
    where
        id=?
Hibernate: 
    delete 
    from
        users 
    where
        id=?
2025-07-08T20:07:37.048+02:00 DEBUG 2708 --- [bika] [           main] org.hibernate.SQL                        : 
    select
        p1_0.id,
        p1_0.code,
        p1_0.company_id,
        p1_0.created_at,
        p1_0.created_by,
        p1_0.department_id,
        p1_0.description,
        p1_0.end_date,
        p1_0.is_active,
        p1_0.name,
        p1_0.start_date,
        p1_0.status,
        p1_0.updated_at,
        p1_0.updated_by 
    from
        projects p1_0
Hibernate: 
    select
        p1_0.id,
        p1_0.code,
        p1_0.company_id,
        p1_0.created_at,
        p1_0.created_by,
        p1_0.department_id,
        p1_0.description,
        p1_0.end_date,
        p1_0.is_active,
        p1_0.name,
        p1_0.start_date,
        p1_0.status,
        p1_0.updated_at,
        p1_0.updated_by 
    from
        projects p1_0
2025-07-08T20:07:37.052+02:00 DEBUG 2708 --- [bika] [           main] org.hibernate.SQL                        : 
    delete 
    from
        projects 
    where
        id=?
Hibernate: 
    delete 
    from
        projects 
    where
        id=?
2025-07-08T20:07:37.060+02:00 DEBUG 2708 --- [bika] [           main] org.hibernate.SQL                        : 
    select
        d1_0.id,
        d1_0.is_active,
        d1_0.code,
        d1_0.company_id,
        d1_0.created_at,
        d1_0.created_by,
        d1_0.name,
        d1_0.parent_id,
        d1_0.updated_at,
        d1_0.updated_by 
    from
        departments d1_0
Hibernate: 
    select
        d1_0.id,
        d1_0.is_active,
        d1_0.code,
        d1_0.company_id,
        d1_0.created_at,
        d1_0.created_by,
        d1_0.name,
        d1_0.parent_id,
        d1_0.updated_at,
        d1_0.updated_by 
    from
        departments d1_0
2025-07-08T20:07:37.065+02:00 DEBUG 2708 --- [bika] [           main] org.hibernate.SQL                        : 
    delete 
    from
        departments 
    where
        id=?
Hibernate: 
    delete 
    from
        departments 
    where
        id=?
2025-07-08T20:07:37.067+02:00 DEBUG 2708 --- [bika] [           main] org.hibernate.SQL                        : 
    select
        c1_0.id,
        c1_0.is_active,
        c1_0.address,
        c1_0.code,
        c1_0.created_at,
        c1_0.created_by,
        c1_0.description,
        c1_0.email,
        c1_0.name,
        c1_0.phone,
        c1_0.updated_at,
        c1_0.updated_by 
    from
        companies c1_0
Hibernate: 
    select
        c1_0.id,
        c1_0.is_active,
        c1_0.address,
        c1_0.code,
        c1_0.created_at,
        c1_0.created_by,
        c1_0.description,
        c1_0.email,
        c1_0.name,
        c1_0.phone,
        c1_0.updated_at,
        c1_0.updated_by 
    from
        companies c1_0
2025-07-08T20:07:37.068+02:00 DEBUG 2708 --- [bika] [           main] org.hibernate.SQL                        : 
    select
        d1_0.company_id,
        d1_0.id,
        d1_0.is_active,
        d1_0.code,
        d1_0.created_at,
        d1_0.created_by,
        d1_0.name,
        d1_0.parent_id,
        d1_0.updated_at,
        d1_0.updated_by 
    from
        departments d1_0 
    where
        d1_0.company_id=?
Hibernate: 
    select
        d1_0.company_id,
        d1_0.id,
        d1_0.is_active,
        d1_0.code,
        d1_0.created_at,
        d1_0.created_by,
        d1_0.name,
        d1_0.parent_id,
        d1_0.updated_at,
        d1_0.updated_by 
    from
        departments d1_0 
    where
        d1_0.company_id=?
2025-07-08T20:07:37.074+02:00 DEBUG 2708 --- [bika] [           main] org.hibernate.SQL                        : 
    delete 
    from
        companies 
    where
        id=?
Hibernate: 
    delete 
    from
        companies 
    where
        id=?
]]></system-out>
  </testcase>
  <testcase name="getTasksByDepartment_ShouldSucceed_WhenAdmin" classname="com.bika.task.controller.TaskControllerIntegrationTest" time="0.363">
    <system-out><![CDATA[2025-07-08T20:07:37.084+02:00  INFO 2708 --- [bika] [           main] o.s.b.t.m.w.SpringBootMockServletContext : Initializing Spring TestDispatcherServlet ''
2025-07-08T20:07:37.084+02:00  INFO 2708 --- [bika] [           main] o.s.t.web.servlet.TestDispatcherServlet  : Initializing Servlet ''
2025-07-08T20:07:37.091+02:00  INFO 2708 --- [bika] [           main] o.s.t.web.servlet.TestDispatcherServlet  : Completed initialization in 6 ms
2025-07-08T20:07:37.093+02:00 DEBUG 2708 --- [bika] [           main] org.hibernate.SQL                        : 
    insert 
    into
        companies
        (is_active, address, code, created_at, created_by, description, email, name, phone, updated_at, updated_by, id) 
    values
        (?, ?, ?, ?, ?, ?, ?, ?, ?, ?, ?, default)
Hibernate: 
    insert 
    into
        companies
        (is_active, address, code, created_at, created_by, description, email, name, phone, updated_at, updated_by, id) 
    values
        (?, ?, ?, ?, ?, ?, ?, ?, ?, ?, ?, default)
2025-07-08T20:07:37.121+02:00 DEBUG 2708 --- [bika] [           main] org.hibernate.SQL                        : 
    insert 
    into
        departments
        (is_active, code, company_id, created_at, created_by, name, parent_id, updated_at, updated_by, id) 
    values
        (?, ?, ?, ?, ?, ?, ?, ?, ?, default)
Hibernate: 
    insert 
    into
        departments
        (is_active, code, company_id, created_at, created_by, name, parent_id, updated_at, updated_by, id) 
    values
        (?, ?, ?, ?, ?, ?, ?, ?, ?, default)
2025-07-08T20:07:37.133+02:00 DEBUG 2708 --- [bika] [           main] org.hibernate.SQL                        : 
    insert 
    into
        projects
        (code, company_id, created_at, created_by, department_id, description, end_date, is_active, name, start_date, status, updated_at, updated_by, id) 
    values
        (?, ?, ?, ?, ?, ?, ?, ?, ?, ?, ?, ?, ?, default)
Hibernate: 
    insert 
    into
        projects
        (code, company_id, created_at, created_by, department_id, description, end_date, is_active, name, start_date, status, updated_at, updated_by, id) 
    values
        (?, ?, ?, ?, ?, ?, ?, ?, ?, ?, ?, ?, ?, default)
2025-07-08T20:07:37.285+02:00 DEBUG 2708 --- [bika] [           main] org.hibernate.SQL                        : 
    insert 
    into
        users
        (is_active, company_id, created_at, created_by, department_id, email, first_name, last_login, last_name, password, role, updated_at, updated_by, username, id) 
    values
        (?, ?, ?, ?, ?, ?, ?, ?, ?, ?, ?, ?, ?, ?, default)
Hibernate: 
    insert 
    into
        users
        (is_active, company_id, created_at, created_by, department_id, email, first_name, last_login, last_name, password, role, updated_at, updated_by, username, id) 
    values
        (?, ?, ?, ?, ?, ?, ?, ?, ?, ?, ?, ?, ?, ?, default)
2025-07-08T20:07:37.408+02:00 DEBUG 2708 --- [bika] [           main] org.hibernate.SQL                        : 
    insert 
    into
        users
        (is_active, company_id, created_at, created_by, department_id, email, first_name, last_login, last_name, password, role, updated_at, updated_by, username, id) 
    values
        (?, ?, ?, ?, ?, ?, ?, ?, ?, ?, ?, ?, ?, ?, default)
Hibernate: 
    insert 
    into
        users
        (is_active, company_id, created_at, created_by, department_id, email, first_name, last_login, last_name, password, role, updated_at, updated_by, username, id) 
    values
        (?, ?, ?, ?, ?, ?, ?, ?, ?, ?, ?, ?, ?, ?, default)
2025-07-08T20:07:37.416+02:00 DEBUG 2708 --- [bika] [           main] org.hibernate.SQL                        : 
    select
        d1_0.id,
        d1_0.is_active,
        d1_0.code,
        d1_0.company_id,
        d1_0.created_at,
        d1_0.created_by,
        d1_0.name,
        d1_0.parent_id,
        d1_0.updated_at,
        d1_0.updated_by 
    from
        departments d1_0 
    where
        d1_0.id=?
Hibernate: 
    select
        d1_0.id,
        d1_0.is_active,
        d1_0.code,
        d1_0.company_id,
        d1_0.created_at,
        d1_0.created_by,
        d1_0.name,
        d1_0.parent_id,
        d1_0.updated_at,
        d1_0.updated_by 
    from
        departments d1_0 
    where
        d1_0.id=?
2025-07-08T20:07:37.420+02:00 DEBUG 2708 --- [bika] [           main] org.hibernate.SQL                        : 
    select
        t1_0.id,
        t1_0.assigned_to,
        t1_0.company_id,
        t1_0.completed_date,
        t1_0.created_at,
        t1_0.created_by,
        t1_0.creator_id,
        t1_0.department_id,
        t1_0.description,
        t1_0.due_date,
        t1_0.is_active,
        t1_0.priority,
        t1_0.project_id,
        t1_0.start_date,
        t1_0.status,
        t1_0.title,
        t1_0.updated_at,
        t1_0.updated_by 
    from
        tasks t1_0 
    where
        t1_0.department_id=?
Hibernate: 
    select
        t1_0.id,
        t1_0.assigned_to,
        t1_0.company_id,
        t1_0.completed_date,
        t1_0.created_at,
        t1_0.created_by,
        t1_0.creator_id,
        t1_0.department_id,
        t1_0.description,
        t1_0.due_date,
        t1_0.is_active,
        t1_0.priority,
        t1_0.project_id,
        t1_0.start_date,
        t1_0.status,
        t1_0.title,
        t1_0.updated_at,
        t1_0.updated_by 
    from
        tasks t1_0 
    where
        t1_0.department_id=?
2025-07-08T20:07:37.425+02:00 DEBUG 2708 --- [bika] [           main] org.hibernate.SQL                        : 
    select
        t1_0.id,
        t1_0.assigned_to,
        t1_0.company_id,
        t1_0.completed_date,
        t1_0.created_at,
        t1_0.created_by,
        t1_0.creator_id,
        t1_0.department_id,
        t1_0.description,
        t1_0.due_date,
        t1_0.is_active,
        t1_0.priority,
        t1_0.project_id,
        t1_0.start_date,
        t1_0.status,
        t1_0.title,
        t1_0.updated_at,
        t1_0.updated_by 
    from
        tasks t1_0
Hibernate: 
    select
        t1_0.id,
        t1_0.assigned_to,
        t1_0.company_id,
        t1_0.completed_date,
        t1_0.created_at,
        t1_0.created_by,
        t1_0.creator_id,
        t1_0.department_id,
        t1_0.description,
        t1_0.due_date,
        t1_0.is_active,
        t1_0.priority,
        t1_0.project_id,
        t1_0.start_date,
        t1_0.status,
        t1_0.title,
        t1_0.updated_at,
        t1_0.updated_by 
    from
        tasks t1_0
2025-07-08T20:07:37.427+02:00 DEBUG 2708 --- [bika] [           main] org.hibernate.SQL                        : 
    select
        u1_0.id,
        u1_0.is_active,
        u1_0.company_id,
        u1_0.created_at,
        u1_0.created_by,
        u1_0.department_id,
        u1_0.email,
        u1_0.first_name,
        u1_0.last_login,
        u1_0.last_name,
        u1_0.password,
        u1_0.role,
        u1_0.updated_at,
        u1_0.updated_by,
        u1_0.username 
    from
        users u1_0
Hibernate: 
    select
        u1_0.id,
        u1_0.is_active,
        u1_0.company_id,
        u1_0.created_at,
        u1_0.created_by,
        u1_0.department_id,
        u1_0.email,
        u1_0.first_name,
        u1_0.last_login,
        u1_0.last_name,
        u1_0.password,
        u1_0.role,
        u1_0.updated_at,
        u1_0.updated_by,
        u1_0.username 
    from
        users u1_0
2025-07-08T20:07:37.430+02:00 DEBUG 2708 --- [bika] [           main] org.hibernate.SQL                        : 
    delete 
    from
        users 
    where
        id=?
Hibernate: 
    delete 
    from
        users 
    where
        id=?
2025-07-08T20:07:37.430+02:00 DEBUG 2708 --- [bika] [           main] org.hibernate.SQL                        : 
    delete 
    from
        users 
    where
        id=?
Hibernate: 
    delete 
    from
        users 
    where
        id=?
2025-07-08T20:07:37.432+02:00 DEBUG 2708 --- [bika] [           main] org.hibernate.SQL                        : 
    select
        p1_0.id,
        p1_0.code,
        p1_0.company_id,
        p1_0.created_at,
        p1_0.created_by,
        p1_0.department_id,
        p1_0.description,
        p1_0.end_date,
        p1_0.is_active,
        p1_0.name,
        p1_0.start_date,
        p1_0.status,
        p1_0.updated_at,
        p1_0.updated_by 
    from
        projects p1_0
Hibernate: 
    select
        p1_0.id,
        p1_0.code,
        p1_0.company_id,
        p1_0.created_at,
        p1_0.created_by,
        p1_0.department_id,
        p1_0.description,
        p1_0.end_date,
        p1_0.is_active,
        p1_0.name,
        p1_0.start_date,
        p1_0.status,
        p1_0.updated_at,
        p1_0.updated_by 
    from
        projects p1_0
2025-07-08T20:07:37.434+02:00 DEBUG 2708 --- [bika] [           main] org.hibernate.SQL                        : 
    delete 
    from
        projects 
    where
        id=?
Hibernate: 
    delete 
    from
        projects 
    where
        id=?
2025-07-08T20:07:37.436+02:00 DEBUG 2708 --- [bika] [           main] org.hibernate.SQL                        : 
    select
        d1_0.id,
        d1_0.is_active,
        d1_0.code,
        d1_0.company_id,
        d1_0.created_at,
        d1_0.created_by,
        d1_0.name,
        d1_0.parent_id,
        d1_0.updated_at,
        d1_0.updated_by 
    from
        departments d1_0
Hibernate: 
    select
        d1_0.id,
        d1_0.is_active,
        d1_0.code,
        d1_0.company_id,
        d1_0.created_at,
        d1_0.created_by,
        d1_0.name,
        d1_0.parent_id,
        d1_0.updated_at,
        d1_0.updated_by 
    from
        departments d1_0
2025-07-08T20:07:37.437+02:00 DEBUG 2708 --- [bika] [           main] org.hibernate.SQL                        : 
    delete 
    from
        departments 
    where
        id=?
Hibernate: 
    delete 
    from
        departments 
    where
        id=?
2025-07-08T20:07:37.438+02:00 DEBUG 2708 --- [bika] [           main] org.hibernate.SQL                        : 
    select
        c1_0.id,
        c1_0.is_active,
        c1_0.address,
        c1_0.code,
        c1_0.created_at,
        c1_0.created_by,
        c1_0.description,
        c1_0.email,
        c1_0.name,
        c1_0.phone,
        c1_0.updated_at,
        c1_0.updated_by 
    from
        companies c1_0
Hibernate: 
    select
        c1_0.id,
        c1_0.is_active,
        c1_0.address,
        c1_0.code,
        c1_0.created_at,
        c1_0.created_by,
        c1_0.description,
        c1_0.email,
        c1_0.name,
        c1_0.phone,
        c1_0.updated_at,
        c1_0.updated_by 
    from
        companies c1_0
2025-07-08T20:07:37.441+02:00 DEBUG 2708 --- [bika] [           main] org.hibernate.SQL                        : 
    select
        d1_0.company_id,
        d1_0.id,
        d1_0.is_active,
        d1_0.code,
        d1_0.created_at,
        d1_0.created_by,
        d1_0.name,
        d1_0.parent_id,
        d1_0.updated_at,
        d1_0.updated_by 
    from
        departments d1_0 
    where
        d1_0.company_id=?
Hibernate: 
    select
        d1_0.company_id,
        d1_0.id,
        d1_0.is_active,
        d1_0.code,
        d1_0.created_at,
        d1_0.created_by,
        d1_0.name,
        d1_0.parent_id,
        d1_0.updated_at,
        d1_0.updated_by 
    from
        departments d1_0 
    where
        d1_0.company_id=?
2025-07-08T20:07:37.442+02:00 DEBUG 2708 --- [bika] [           main] org.hibernate.SQL                        : 
    delete 
    from
        companies 
    where
        id=?
Hibernate: 
    delete 
    from
        companies 
    where
        id=?
]]></system-out>
  </testcase>
  <testcase name="assignTask_ShouldSucceed_WhenAdmin" classname="com.bika.task.controller.TaskControllerIntegrationTest" time="0.344">
    <system-out><![CDATA[2025-07-08T20:07:37.451+02:00  INFO 2708 --- [bika] [           main] o.s.b.t.m.w.SpringBootMockServletContext : Initializing Spring TestDispatcherServlet ''
2025-07-08T20:07:37.452+02:00  INFO 2708 --- [bika] [           main] o.s.t.web.servlet.TestDispatcherServlet  : Initializing Servlet ''
2025-07-08T20:07:37.454+02:00  INFO 2708 --- [bika] [           main] o.s.t.web.servlet.TestDispatcherServlet  : Completed initialization in 2 ms
2025-07-08T20:07:37.456+02:00 DEBUG 2708 --- [bika] [           main] org.hibernate.SQL                        : 
    insert 
    into
        companies
        (is_active, address, code, created_at, created_by, description, email, name, phone, updated_at, updated_by, id) 
    values
        (?, ?, ?, ?, ?, ?, ?, ?, ?, ?, ?, default)
Hibernate: 
    insert 
    into
        companies
        (is_active, address, code, created_at, created_by, description, email, name, phone, updated_at, updated_by, id) 
    values
        (?, ?, ?, ?, ?, ?, ?, ?, ?, ?, ?, default)
2025-07-08T20:07:37.472+02:00 DEBUG 2708 --- [bika] [           main] org.hibernate.SQL                        : 
    insert 
    into
        departments
        (is_active, code, company_id, created_at, created_by, name, parent_id, updated_at, updated_by, id) 
    values
        (?, ?, ?, ?, ?, ?, ?, ?, ?, default)
Hibernate: 
    insert 
    into
        departments
        (is_active, code, company_id, created_at, created_by, name, parent_id, updated_at, updated_by, id) 
    values
        (?, ?, ?, ?, ?, ?, ?, ?, ?, default)
2025-07-08T20:07:37.476+02:00 DEBUG 2708 --- [bika] [           main] org.hibernate.SQL                        : 
    insert 
    into
        projects
        (code, company_id, created_at, created_by, department_id, description, end_date, is_active, name, start_date, status, updated_at, updated_by, id) 
    values
        (?, ?, ?, ?, ?, ?, ?, ?, ?, ?, ?, ?, ?, default)
Hibernate: 
    insert 
    into
        projects
        (code, company_id, created_at, created_by, department_id, description, end_date, is_active, name, start_date, status, updated_at, updated_by, id) 
    values
        (?, ?, ?, ?, ?, ?, ?, ?, ?, ?, ?, ?, ?, default)
2025-07-08T20:07:37.612+02:00 DEBUG 2708 --- [bika] [           main] org.hibernate.SQL                        : 
    insert 
    into
        users
        (is_active, company_id, created_at, created_by, department_id, email, first_name, last_login, last_name, password, role, updated_at, updated_by, username, id) 
    values
        (?, ?, ?, ?, ?, ?, ?, ?, ?, ?, ?, ?, ?, ?, default)
Hibernate: 
    insert 
    into
        users
        (is_active, company_id, created_at, created_by, department_id, email, first_name, last_login, last_name, password, role, updated_at, updated_by, username, id) 
    values
        (?, ?, ?, ?, ?, ?, ?, ?, ?, ?, ?, ?, ?, ?, default)
2025-07-08T20:07:37.734+02:00 DEBUG 2708 --- [bika] [           main] org.hibernate.SQL                        : 
    insert 
    into
        users
        (is_active, company_id, created_at, created_by, department_id, email, first_name, last_login, last_name, password, role, updated_at, updated_by, username, id) 
    values
        (?, ?, ?, ?, ?, ?, ?, ?, ?, ?, ?, ?, ?, ?, default)
Hibernate: 
    insert 
    into
        users
        (is_active, company_id, created_at, created_by, department_id, email, first_name, last_login, last_name, password, role, updated_at, updated_by, username, id) 
    values
        (?, ?, ?, ?, ?, ?, ?, ?, ?, ?, ?, ?, ?, ?, default)
2025-07-08T20:07:37.738+02:00 DEBUG 2708 --- [bika] [           main] org.hibernate.SQL                        : 
    select
        c1_0.id,
        c1_0.is_active,
        c1_0.address,
        c1_0.code,
        c1_0.created_at,
        c1_0.created_by,
        c1_0.description,
        c1_0.email,
        c1_0.name,
        c1_0.phone,
        c1_0.updated_at,
        c1_0.updated_by 
    from
        companies c1_0 
    where
        c1_0.id=?
Hibernate: 
    select
        c1_0.id,
        c1_0.is_active,
        c1_0.address,
        c1_0.code,
        c1_0.created_at,
        c1_0.created_by,
        c1_0.description,
        c1_0.email,
        c1_0.name,
        c1_0.phone,
        c1_0.updated_at,
        c1_0.updated_by 
    from
        companies c1_0 
    where
        c1_0.id=?
2025-07-08T20:07:37.741+02:00 DEBUG 2708 --- [bika] [           main] org.hibernate.SQL                        : 
    select
        d1_0.id,
        d1_0.is_active,
        d1_0.code,
        d1_0.company_id,
        d1_0.created_at,
        d1_0.created_by,
        d1_0.name,
        d1_0.parent_id,
        d1_0.updated_at,
        d1_0.updated_by 
    from
        departments d1_0 
    where
        d1_0.id=?
Hibernate: 
    select
        d1_0.id,
        d1_0.is_active,
        d1_0.code,
        d1_0.company_id,
        d1_0.created_at,
        d1_0.created_by,
        d1_0.name,
        d1_0.parent_id,
        d1_0.updated_at,
        d1_0.updated_by 
    from
        departments d1_0 
    where
        d1_0.id=?
2025-07-08T20:07:37.742+02:00 DEBUG 2708 --- [bika] [           main] org.hibernate.SQL                        : 
    select
        p1_0.id,
        p1_0.code,
        p1_0.company_id,
        p1_0.created_at,
        p1_0.created_by,
        p1_0.department_id,
        p1_0.description,
        p1_0.end_date,
        p1_0.is_active,
        p1_0.name,
        p1_0.start_date,
        p1_0.status,
        p1_0.updated_at,
        p1_0.updated_by 
    from
        projects p1_0 
    where
        p1_0.id=?
Hibernate: 
    select
        p1_0.id,
        p1_0.code,
        p1_0.company_id,
        p1_0.created_at,
        p1_0.created_by,
        p1_0.department_id,
        p1_0.description,
        p1_0.end_date,
        p1_0.is_active,
        p1_0.name,
        p1_0.start_date,
        p1_0.status,
        p1_0.updated_at,
        p1_0.updated_by 
    from
        projects p1_0 
    where
        p1_0.id=?
2025-07-08T20:07:37.743+02:00 DEBUG 2708 --- [bika] [           main] org.hibernate.SQL                        : 
    select
        u1_0.id,
        u1_0.is_active,
        u1_0.company_id,
        u1_0.created_at,
        u1_0.created_by,
        u1_0.department_id,
        u1_0.email,
        u1_0.first_name,
        u1_0.last_login,
        u1_0.last_name,
        u1_0.password,
        u1_0.role,
        u1_0.updated_at,
        u1_0.updated_by,
        u1_0.username 
    from
        users u1_0 
    where
        u1_0.id=?
Hibernate: 
    select
        u1_0.id,
        u1_0.is_active,
        u1_0.company_id,
        u1_0.created_at,
        u1_0.created_by,
        u1_0.department_id,
        u1_0.email,
        u1_0.first_name,
        u1_0.last_login,
        u1_0.last_name,
        u1_0.password,
        u1_0.role,
        u1_0.updated_at,
        u1_0.updated_by,
        u1_0.username 
    from
        users u1_0 
    where
        u1_0.id=?
2025-07-08T20:07:37.746+02:00 DEBUG 2708 --- [bika] [           main] org.hibernate.SQL                        : 
    select
        u1_0.id,
        u1_0.is_active,
        u1_0.company_id,
        u1_0.created_at,
        u1_0.created_by,
        u1_0.department_id,
        u1_0.email,
        u1_0.first_name,
        u1_0.last_login,
        u1_0.last_name,
        u1_0.password,
        u1_0.role,
        u1_0.updated_at,
        u1_0.updated_by,
        u1_0.username 
    from
        users u1_0 
    where
        u1_0.email=?
Hibernate: 
    select
        u1_0.id,
        u1_0.is_active,
        u1_0.company_id,
        u1_0.created_at,
        u1_0.created_by,
        u1_0.department_id,
        u1_0.email,
        u1_0.first_name,
        u1_0.last_login,
        u1_0.last_name,
        u1_0.password,
        u1_0.role,
        u1_0.updated_at,
        u1_0.updated_by,
        u1_0.username 
    from
        users u1_0 
    where
        u1_0.email=?
2025-07-08T20:07:37.747+02:00 DEBUG 2708 --- [bika] [           main] org.hibernate.SQL                        : 
    select
        u1_0.id,
        u1_0.is_active,
        u1_0.company_id,
        u1_0.created_at,
        u1_0.created_by,
        u1_0.department_id,
        u1_0.email,
        u1_0.first_name,
        u1_0.last_login,
        u1_0.last_name,
        u1_0.password,
        u1_0.role,
        u1_0.updated_at,
        u1_0.updated_by,
        u1_0.username 
    from
        users u1_0 
    where
        u1_0.id=?
Hibernate: 
    select
        u1_0.id,
        u1_0.is_active,
        u1_0.company_id,
        u1_0.created_at,
        u1_0.created_by,
        u1_0.department_id,
        u1_0.email,
        u1_0.first_name,
        u1_0.last_login,
        u1_0.last_name,
        u1_0.password,
        u1_0.role,
        u1_0.updated_at,
        u1_0.updated_by,
        u1_0.username 
    from
        users u1_0 
    where
        u1_0.id=?
2025-07-08T20:07:37.748+02:00 DEBUG 2708 --- [bika] [           main] org.hibernate.SQL                        : 
    insert 
    into
        tasks
        (assigned_to, company_id, completed_date, created_at, created_by, creator_id, department_id, description, due_date, is_active, priority, project_id, start_date, status, title, updated_at, updated_by, id) 
    values
        (?, ?, ?, ?, ?, ?, ?, ?, ?, ?, ?, ?, ?, ?, ?, ?, ?, default)
Hibernate: 
    insert 
    into
        tasks
        (assigned_to, company_id, completed_date, created_at, created_by, creator_id, department_id, description, due_date, is_active, priority, project_id, start_date, status, title, updated_at, updated_by, id) 
    values
        (?, ?, ?, ?, ?, ?, ?, ?, ?, ?, ?, ?, ?, ?, ?, ?, ?, default)
2025-07-08T20:07:37.755+02:00 DEBUG 2708 --- [bika] [           main] org.hibernate.SQL                        : 
    select
        t1_0.id,
        t1_0.assigned_to,
        t1_0.company_id,
        t1_0.completed_date,
        t1_0.created_at,
        t1_0.created_by,
        t1_0.creator_id,
        t1_0.department_id,
        t1_0.description,
        t1_0.due_date,
        t1_0.is_active,
        t1_0.priority,
        t1_0.project_id,
        t1_0.start_date,
        t1_0.status,
        t1_0.title,
        t1_0.updated_at,
        t1_0.updated_by 
    from
        tasks t1_0 
    where
        t1_0.id=?
Hibernate: 
    select
        t1_0.id,
        t1_0.assigned_to,
        t1_0.company_id,
        t1_0.completed_date,
        t1_0.created_at,
        t1_0.created_by,
        t1_0.creator_id,
        t1_0.department_id,
        t1_0.description,
        t1_0.due_date,
        t1_0.is_active,
        t1_0.priority,
        t1_0.project_id,
        t1_0.start_date,
        t1_0.status,
        t1_0.title,
        t1_0.updated_at,
        t1_0.updated_by 
    from
        tasks t1_0 
    where
        t1_0.id=?
2025-07-08T20:07:37.757+02:00 DEBUG 2708 --- [bika] [           main] org.hibernate.SQL                        : 
    select
        u1_0.id,
        u1_0.is_active,
        u1_0.company_id,
        u1_0.created_at,
        u1_0.created_by,
        u1_0.department_id,
        u1_0.email,
        u1_0.first_name,
        u1_0.last_login,
        u1_0.last_name,
        u1_0.password,
        u1_0.role,
        u1_0.updated_at,
        u1_0.updated_by,
        u1_0.username 
    from
        users u1_0 
    where
        u1_0.id=?
Hibernate: 
    select
        u1_0.id,
        u1_0.is_active,
        u1_0.company_id,
        u1_0.created_at,
        u1_0.created_by,
        u1_0.department_id,
        u1_0.email,
        u1_0.first_name,
        u1_0.last_login,
        u1_0.last_name,
        u1_0.password,
        u1_0.role,
        u1_0.updated_at,
        u1_0.updated_by,
        u1_0.username 
    from
        users u1_0 
    where
        u1_0.id=?
2025-07-08T20:07:37.758+02:00 DEBUG 2708 --- [bika] [           main] org.hibernate.SQL                        : 
    select
        u1_0.id,
        u1_0.is_active,
        u1_0.company_id,
        u1_0.created_at,
        u1_0.created_by,
        u1_0.department_id,
        u1_0.email,
        u1_0.first_name,
        u1_0.last_login,
        u1_0.last_name,
        u1_0.password,
        u1_0.role,
        u1_0.updated_at,
        u1_0.updated_by,
        u1_0.username 
    from
        users u1_0 
    where
        u1_0.id=?
Hibernate: 
    select
        u1_0.id,
        u1_0.is_active,
        u1_0.company_id,
        u1_0.created_at,
        u1_0.created_by,
        u1_0.department_id,
        u1_0.email,
        u1_0.first_name,
        u1_0.last_login,
        u1_0.last_name,
        u1_0.password,
        u1_0.role,
        u1_0.updated_at,
        u1_0.updated_by,
        u1_0.username 
    from
        users u1_0 
    where
        u1_0.id=?
2025-07-08T20:07:37.758+02:00 DEBUG 2708 --- [bika] [           main] org.hibernate.SQL                        : 
    select
        c1_0.id,
        c1_0.is_active,
        c1_0.address,
        c1_0.code,
        c1_0.created_at,
        c1_0.created_by,
        c1_0.description,
        c1_0.email,
        c1_0.name,
        c1_0.phone,
        c1_0.updated_at,
        c1_0.updated_by 
    from
        companies c1_0 
    where
        c1_0.id=?
Hibernate: 
    select
        c1_0.id,
        c1_0.is_active,
        c1_0.address,
        c1_0.code,
        c1_0.created_at,
        c1_0.created_by,
        c1_0.description,
        c1_0.email,
        c1_0.name,
        c1_0.phone,
        c1_0.updated_at,
        c1_0.updated_by 
    from
        companies c1_0 
    where
        c1_0.id=?
2025-07-08T20:07:37.760+02:00 DEBUG 2708 --- [bika] [           main] org.hibernate.SQL                        : 
    select
        d1_0.id,
        d1_0.is_active,
        d1_0.code,
        d1_0.company_id,
        d1_0.created_at,
        d1_0.created_by,
        d1_0.name,
        d1_0.parent_id,
        d1_0.updated_at,
        d1_0.updated_by 
    from
        departments d1_0 
    where
        d1_0.id=?
Hibernate: 
    select
        d1_0.id,
        d1_0.is_active,
        d1_0.code,
        d1_0.company_id,
        d1_0.created_at,
        d1_0.created_by,
        d1_0.name,
        d1_0.parent_id,
        d1_0.updated_at,
        d1_0.updated_by 
    from
        departments d1_0 
    where
        d1_0.id=?
2025-07-08T20:07:37.761+02:00 DEBUG 2708 --- [bika] [           main] org.hibernate.SQL                        : 
    select
        p1_0.id,
        p1_0.code,
        p1_0.company_id,
        p1_0.created_at,
        p1_0.created_by,
        p1_0.department_id,
        p1_0.description,
        p1_0.end_date,
        p1_0.is_active,
        p1_0.name,
        p1_0.start_date,
        p1_0.status,
        p1_0.updated_at,
        p1_0.updated_by 
    from
        projects p1_0 
    where
        p1_0.id=?
Hibernate: 
    select
        p1_0.id,
        p1_0.code,
        p1_0.company_id,
        p1_0.created_at,
        p1_0.created_by,
        p1_0.department_id,
        p1_0.description,
        p1_0.end_date,
        p1_0.is_active,
        p1_0.name,
        p1_0.start_date,
        p1_0.status,
        p1_0.updated_at,
        p1_0.updated_by 
    from
        projects p1_0 
    where
        p1_0.id=?
2025-07-08T20:07:37.766+02:00 DEBUG 2708 --- [bika] [           main] org.hibernate.SQL                        : 
    select
        t1_0.id,
        t1_0.assigned_to,
        t1_0.company_id,
        t1_0.completed_date,
        t1_0.created_at,
        t1_0.created_by,
        t1_0.creator_id,
        t1_0.department_id,
        t1_0.description,
        t1_0.due_date,
        t1_0.is_active,
        t1_0.priority,
        t1_0.project_id,
        t1_0.start_date,
        t1_0.status,
        t1_0.title,
        t1_0.updated_at,
        t1_0.updated_by 
    from
        tasks t1_0
Hibernate: 
    select
        t1_0.id,
        t1_0.assigned_to,
        t1_0.company_id,
        t1_0.completed_date,
        t1_0.created_at,
        t1_0.created_by,
        t1_0.creator_id,
        t1_0.department_id,
        t1_0.description,
        t1_0.due_date,
        t1_0.is_active,
        t1_0.priority,
        t1_0.project_id,
        t1_0.start_date,
        t1_0.status,
        t1_0.title,
        t1_0.updated_at,
        t1_0.updated_by 
    from
        tasks t1_0
2025-07-08T20:07:37.768+02:00 DEBUG 2708 --- [bika] [           main] org.hibernate.SQL                        : 
    delete 
    from
        tasks 
    where
        id=?
Hibernate: 
    delete 
    from
        tasks 
    where
        id=?
2025-07-08T20:07:37.770+02:00 DEBUG 2708 --- [bika] [           main] org.hibernate.SQL                        : 
    select
        u1_0.id,
        u1_0.is_active,
        u1_0.company_id,
        u1_0.created_at,
        u1_0.created_by,
        u1_0.department_id,
        u1_0.email,
        u1_0.first_name,
        u1_0.last_login,
        u1_0.last_name,
        u1_0.password,
        u1_0.role,
        u1_0.updated_at,
        u1_0.updated_by,
        u1_0.username 
    from
        users u1_0
Hibernate: 
    select
        u1_0.id,
        u1_0.is_active,
        u1_0.company_id,
        u1_0.created_at,
        u1_0.created_by,
        u1_0.department_id,
        u1_0.email,
        u1_0.first_name,
        u1_0.last_login,
        u1_0.last_name,
        u1_0.password,
        u1_0.role,
        u1_0.updated_at,
        u1_0.updated_by,
        u1_0.username 
    from
        users u1_0
2025-07-08T20:07:37.772+02:00 DEBUG 2708 --- [bika] [           main] org.hibernate.SQL                        : 
    delete 
    from
        users 
    where
        id=?
Hibernate: 
    delete 
    from
        users 
    where
        id=?
2025-07-08T20:07:37.773+02:00 DEBUG 2708 --- [bika] [           main] org.hibernate.SQL                        : 
    delete 
    from
        users 
    where
        id=?
Hibernate: 
    delete 
    from
        users 
    where
        id=?
2025-07-08T20:07:37.775+02:00 DEBUG 2708 --- [bika] [           main] org.hibernate.SQL                        : 
    select
        p1_0.id,
        p1_0.code,
        p1_0.company_id,
        p1_0.created_at,
        p1_0.created_by,
        p1_0.department_id,
        p1_0.description,
        p1_0.end_date,
        p1_0.is_active,
        p1_0.name,
        p1_0.start_date,
        p1_0.status,
        p1_0.updated_at,
        p1_0.updated_by 
    from
        projects p1_0
Hibernate: 
    select
        p1_0.id,
        p1_0.code,
        p1_0.company_id,
        p1_0.created_at,
        p1_0.created_by,
        p1_0.department_id,
        p1_0.description,
        p1_0.end_date,
        p1_0.is_active,
        p1_0.name,
        p1_0.start_date,
        p1_0.status,
        p1_0.updated_at,
        p1_0.updated_by 
    from
        projects p1_0
2025-07-08T20:07:37.778+02:00 DEBUG 2708 --- [bika] [           main] org.hibernate.SQL                        : 
    delete 
    from
        projects 
    where
        id=?
Hibernate: 
    delete 
    from
        projects 
    where
        id=?
2025-07-08T20:07:37.781+02:00 DEBUG 2708 --- [bika] [           main] org.hibernate.SQL                        : 
    select
        d1_0.id,
        d1_0.is_active,
        d1_0.code,
        d1_0.company_id,
        d1_0.created_at,
        d1_0.created_by,
        d1_0.name,
        d1_0.parent_id,
        d1_0.updated_at,
        d1_0.updated_by 
    from
        departments d1_0
Hibernate: 
    select
        d1_0.id,
        d1_0.is_active,
        d1_0.code,
        d1_0.company_id,
        d1_0.created_at,
        d1_0.created_by,
        d1_0.name,
        d1_0.parent_id,
        d1_0.updated_at,
        d1_0.updated_by 
    from
        departments d1_0
2025-07-08T20:07:37.783+02:00 DEBUG 2708 --- [bika] [           main] org.hibernate.SQL                        : 
    delete 
    from
        departments 
    where
        id=?
Hibernate: 
    delete 
    from
        departments 
    where
        id=?
2025-07-08T20:07:37.785+02:00 DEBUG 2708 --- [bika] [           main] org.hibernate.SQL                        : 
    select
        c1_0.id,
        c1_0.is_active,
        c1_0.address,
        c1_0.code,
        c1_0.created_at,
        c1_0.created_by,
        c1_0.description,
        c1_0.email,
        c1_0.name,
        c1_0.phone,
        c1_0.updated_at,
        c1_0.updated_by 
    from
        companies c1_0
Hibernate: 
    select
        c1_0.id,
        c1_0.is_active,
        c1_0.address,
        c1_0.code,
        c1_0.created_at,
        c1_0.created_by,
        c1_0.description,
        c1_0.email,
        c1_0.name,
        c1_0.phone,
        c1_0.updated_at,
        c1_0.updated_by 
    from
        companies c1_0
2025-07-08T20:07:37.787+02:00 DEBUG 2708 --- [bika] [           main] org.hibernate.SQL                        : 
    select
        d1_0.company_id,
        d1_0.id,
        d1_0.is_active,
        d1_0.code,
        d1_0.created_at,
        d1_0.created_by,
        d1_0.name,
        d1_0.parent_id,
        d1_0.updated_at,
        d1_0.updated_by 
    from
        departments d1_0 
    where
        d1_0.company_id=?
Hibernate: 
    select
        d1_0.company_id,
        d1_0.id,
        d1_0.is_active,
        d1_0.code,
        d1_0.created_at,
        d1_0.created_by,
        d1_0.name,
        d1_0.parent_id,
        d1_0.updated_at,
        d1_0.updated_by 
    from
        departments d1_0 
    where
        d1_0.company_id=?
2025-07-08T20:07:37.788+02:00 DEBUG 2708 --- [bika] [           main] org.hibernate.SQL                        : 
    delete 
    from
        companies 
    where
        id=?
Hibernate: 
    delete 
    from
        companies 
    where
        id=?
]]></system-out>
  </testcase>
  <testcase name="getTasksByUser_ShouldSucceed_WhenAdmin" classname="com.bika.task.controller.TaskControllerIntegrationTest" time="0.305">
    <system-out><![CDATA[2025-07-08T20:07:37.795+02:00  INFO 2708 --- [bika] [           main] o.s.b.t.m.w.SpringBootMockServletContext : Initializing Spring TestDispatcherServlet ''
2025-07-08T20:07:37.795+02:00  INFO 2708 --- [bika] [           main] o.s.t.web.servlet.TestDispatcherServlet  : Initializing Servlet ''
2025-07-08T20:07:37.796+02:00  INFO 2708 --- [bika] [           main] o.s.t.web.servlet.TestDispatcherServlet  : Completed initialization in 1 ms
2025-07-08T20:07:37.797+02:00 DEBUG 2708 --- [bika] [           main] org.hibernate.SQL                        : 
    insert 
    into
        companies
        (is_active, address, code, created_at, created_by, description, email, name, phone, updated_at, updated_by, id) 
    values
        (?, ?, ?, ?, ?, ?, ?, ?, ?, ?, ?, default)
Hibernate: 
    insert 
    into
        companies
        (is_active, address, code, created_at, created_by, description, email, name, phone, updated_at, updated_by, id) 
    values
        (?, ?, ?, ?, ?, ?, ?, ?, ?, ?, ?, default)
2025-07-08T20:07:37.800+02:00 DEBUG 2708 --- [bika] [           main] org.hibernate.SQL                        : 
    insert 
    into
        departments
        (is_active, code, company_id, created_at, created_by, name, parent_id, updated_at, updated_by, id) 
    values
        (?, ?, ?, ?, ?, ?, ?, ?, ?, default)
Hibernate: 
    insert 
    into
        departments
        (is_active, code, company_id, created_at, created_by, name, parent_id, updated_at, updated_by, id) 
    values
        (?, ?, ?, ?, ?, ?, ?, ?, ?, default)
2025-07-08T20:07:37.801+02:00 DEBUG 2708 --- [bika] [           main] org.hibernate.SQL                        : 
    insert 
    into
        projects
        (code, company_id, created_at, created_by, department_id, description, end_date, is_active, name, start_date, status, updated_at, updated_by, id) 
    values
        (?, ?, ?, ?, ?, ?, ?, ?, ?, ?, ?, ?, ?, default)
Hibernate: 
    insert 
    into
        projects
        (code, company_id, created_at, created_by, department_id, description, end_date, is_active, name, start_date, status, updated_at, updated_by, id) 
    values
        (?, ?, ?, ?, ?, ?, ?, ?, ?, ?, ?, ?, ?, default)
2025-07-08T20:07:37.938+02:00 DEBUG 2708 --- [bika] [           main] org.hibernate.SQL                        : 
    insert 
    into
        users
        (is_active, company_id, created_at, created_by, department_id, email, first_name, last_login, last_name, password, role, updated_at, updated_by, username, id) 
    values
        (?, ?, ?, ?, ?, ?, ?, ?, ?, ?, ?, ?, ?, ?, default)
Hibernate: 
    insert 
    into
        users
        (is_active, company_id, created_at, created_by, department_id, email, first_name, last_login, last_name, password, role, updated_at, updated_by, username, id) 
    values
        (?, ?, ?, ?, ?, ?, ?, ?, ?, ?, ?, ?, ?, ?, default)
2025-07-08T20:07:38.070+02:00 DEBUG 2708 --- [bika] [           main] org.hibernate.SQL                        : 
    insert 
    into
        users
        (is_active, company_id, created_at, created_by, department_id, email, first_name, last_login, last_name, password, role, updated_at, updated_by, username, id) 
    values
        (?, ?, ?, ?, ?, ?, ?, ?, ?, ?, ?, ?, ?, ?, default)
Hibernate: 
    insert 
    into
        users
        (is_active, company_id, created_at, created_by, department_id, email, first_name, last_login, last_name, password, role, updated_at, updated_by, username, id) 
    values
        (?, ?, ?, ?, ?, ?, ?, ?, ?, ?, ?, ?, ?, ?, default)
2025-07-08T20:07:38.074+02:00 DEBUG 2708 --- [bika] [           main] org.hibernate.SQL                        : 
    select
        u1_0.id,
        u1_0.is_active,
        u1_0.company_id,
        u1_0.created_at,
        u1_0.created_by,
        u1_0.department_id,
        u1_0.email,
        u1_0.first_name,
        u1_0.last_login,
        u1_0.last_name,
        u1_0.password,
        u1_0.role,
        u1_0.updated_at,
        u1_0.updated_by,
        u1_0.username 
    from
        users u1_0 
    where
        u1_0.id=?
Hibernate: 
    select
        u1_0.id,
        u1_0.is_active,
        u1_0.company_id,
        u1_0.created_at,
        u1_0.created_by,
        u1_0.department_id,
        u1_0.email,
        u1_0.first_name,
        u1_0.last_login,
        u1_0.last_name,
        u1_0.password,
        u1_0.role,
        u1_0.updated_at,
        u1_0.updated_by,
        u1_0.username 
    from
        users u1_0 
    where
        u1_0.id=?
2025-07-08T20:07:38.077+02:00 DEBUG 2708 --- [bika] [           main] org.hibernate.SQL                        : 
    select
        t1_0.id,
        t1_0.assigned_to,
        t1_0.company_id,
        t1_0.completed_date,
        t1_0.created_at,
        t1_0.created_by,
        t1_0.creator_id,
        t1_0.department_id,
        t1_0.description,
        t1_0.due_date,
        t1_0.is_active,
        t1_0.priority,
        t1_0.project_id,
        t1_0.start_date,
        t1_0.status,
        t1_0.title,
        t1_0.updated_at,
        t1_0.updated_by 
    from
        tasks t1_0 
    where
        t1_0.assigned_to=?
Hibernate: 
    select
        t1_0.id,
        t1_0.assigned_to,
        t1_0.company_id,
        t1_0.completed_date,
        t1_0.created_at,
        t1_0.created_by,
        t1_0.creator_id,
        t1_0.department_id,
        t1_0.description,
        t1_0.due_date,
        t1_0.is_active,
        t1_0.priority,
        t1_0.project_id,
        t1_0.start_date,
        t1_0.status,
        t1_0.title,
        t1_0.updated_at,
        t1_0.updated_by 
    from
        tasks t1_0 
    where
        t1_0.assigned_to=?
2025-07-08T20:07:38.081+02:00 DEBUG 2708 --- [bika] [           main] org.hibernate.SQL                        : 
    select
        t1_0.id,
        t1_0.assigned_to,
        t1_0.company_id,
        t1_0.completed_date,
        t1_0.created_at,
        t1_0.created_by,
        t1_0.creator_id,
        t1_0.department_id,
        t1_0.description,
        t1_0.due_date,
        t1_0.is_active,
        t1_0.priority,
        t1_0.project_id,
        t1_0.start_date,
        t1_0.status,
        t1_0.title,
        t1_0.updated_at,
        t1_0.updated_by 
    from
        tasks t1_0
Hibernate: 
    select
        t1_0.id,
        t1_0.assigned_to,
        t1_0.company_id,
        t1_0.completed_date,
        t1_0.created_at,
        t1_0.created_by,
        t1_0.creator_id,
        t1_0.department_id,
        t1_0.description,
        t1_0.due_date,
        t1_0.is_active,
        t1_0.priority,
        t1_0.project_id,
        t1_0.start_date,
        t1_0.status,
        t1_0.title,
        t1_0.updated_at,
        t1_0.updated_by 
    from
        tasks t1_0
2025-07-08T20:07:38.083+02:00 DEBUG 2708 --- [bika] [           main] org.hibernate.SQL                        : 
    select
        u1_0.id,
        u1_0.is_active,
        u1_0.company_id,
        u1_0.created_at,
        u1_0.created_by,
        u1_0.department_id,
        u1_0.email,
        u1_0.first_name,
        u1_0.last_login,
        u1_0.last_name,
        u1_0.password,
        u1_0.role,
        u1_0.updated_at,
        u1_0.updated_by,
        u1_0.username 
    from
        users u1_0
Hibernate: 
    select
        u1_0.id,
        u1_0.is_active,
        u1_0.company_id,
        u1_0.created_at,
        u1_0.created_by,
        u1_0.department_id,
        u1_0.email,
        u1_0.first_name,
        u1_0.last_login,
        u1_0.last_name,
        u1_0.password,
        u1_0.role,
        u1_0.updated_at,
        u1_0.updated_by,
        u1_0.username 
    from
        users u1_0
2025-07-08T20:07:38.085+02:00 DEBUG 2708 --- [bika] [           main] org.hibernate.SQL                        : 
    delete 
    from
        users 
    where
        id=?
Hibernate: 
    delete 
    from
        users 
    where
        id=?
2025-07-08T20:07:38.085+02:00 DEBUG 2708 --- [bika] [           main] org.hibernate.SQL                        : 
    delete 
    from
        users 
    where
        id=?
Hibernate: 
    delete 
    from
        users 
    where
        id=?
2025-07-08T20:07:38.086+02:00 DEBUG 2708 --- [bika] [           main] org.hibernate.SQL                        : 
    select
        p1_0.id,
        p1_0.code,
        p1_0.company_id,
        p1_0.created_at,
        p1_0.created_by,
        p1_0.department_id,
        p1_0.description,
        p1_0.end_date,
        p1_0.is_active,
        p1_0.name,
        p1_0.start_date,
        p1_0.status,
        p1_0.updated_at,
        p1_0.updated_by 
    from
        projects p1_0
Hibernate: 
    select
        p1_0.id,
        p1_0.code,
        p1_0.company_id,
        p1_0.created_at,
        p1_0.created_by,
        p1_0.department_id,
        p1_0.description,
        p1_0.end_date,
        p1_0.is_active,
        p1_0.name,
        p1_0.start_date,
        p1_0.status,
        p1_0.updated_at,
        p1_0.updated_by 
    from
        projects p1_0
2025-07-08T20:07:38.088+02:00 DEBUG 2708 --- [bika] [           main] org.hibernate.SQL                        : 
    delete 
    from
        projects 
    where
        id=?
Hibernate: 
    delete 
    from
        projects 
    where
        id=?
2025-07-08T20:07:38.090+02:00 DEBUG 2708 --- [bika] [           main] org.hibernate.SQL                        : 
    select
        d1_0.id,
        d1_0.is_active,
        d1_0.code,
        d1_0.company_id,
        d1_0.created_at,
        d1_0.created_by,
        d1_0.name,
        d1_0.parent_id,
        d1_0.updated_at,
        d1_0.updated_by 
    from
        departments d1_0
Hibernate: 
    select
        d1_0.id,
        d1_0.is_active,
        d1_0.code,
        d1_0.company_id,
        d1_0.created_at,
        d1_0.created_by,
        d1_0.name,
        d1_0.parent_id,
        d1_0.updated_at,
        d1_0.updated_by 
    from
        departments d1_0
2025-07-08T20:07:38.091+02:00 DEBUG 2708 --- [bika] [           main] org.hibernate.SQL                        : 
    delete 
    from
        departments 
    where
        id=?
Hibernate: 
    delete 
    from
        departments 
    where
        id=?
2025-07-08T20:07:38.093+02:00 DEBUG 2708 --- [bika] [           main] org.hibernate.SQL                        : 
    select
        c1_0.id,
        c1_0.is_active,
        c1_0.address,
        c1_0.code,
        c1_0.created_at,
        c1_0.created_by,
        c1_0.description,
        c1_0.email,
        c1_0.name,
        c1_0.phone,
        c1_0.updated_at,
        c1_0.updated_by 
    from
        companies c1_0
Hibernate: 
    select
        c1_0.id,
        c1_0.is_active,
        c1_0.address,
        c1_0.code,
        c1_0.created_at,
        c1_0.created_by,
        c1_0.description,
        c1_0.email,
        c1_0.name,
        c1_0.phone,
        c1_0.updated_at,
        c1_0.updated_by 
    from
        companies c1_0
2025-07-08T20:07:38.094+02:00 DEBUG 2708 --- [bika] [           main] org.hibernate.SQL                        : 
    select
        d1_0.company_id,
        d1_0.id,
        d1_0.is_active,
        d1_0.code,
        d1_0.created_at,
        d1_0.created_by,
        d1_0.name,
        d1_0.parent_id,
        d1_0.updated_at,
        d1_0.updated_by 
    from
        departments d1_0 
    where
        d1_0.company_id=?
Hibernate: 
    select
        d1_0.company_id,
        d1_0.id,
        d1_0.is_active,
        d1_0.code,
        d1_0.created_at,
        d1_0.created_by,
        d1_0.name,
        d1_0.parent_id,
        d1_0.updated_at,
        d1_0.updated_by 
    from
        departments d1_0 
    where
        d1_0.company_id=?
2025-07-08T20:07:38.095+02:00 DEBUG 2708 --- [bika] [           main] org.hibernate.SQL                        : 
    delete 
    from
        companies 
    where
        id=?
Hibernate: 
    delete 
    from
        companies 
    where
        id=?
]]></system-out>
  </testcase>
  <testcase name="getAllTasks_ShouldSucceed_WhenManager" classname="com.bika.task.controller.TaskControllerIntegrationTest" time="0.342">
    <system-out><![CDATA[2025-07-08T20:07:38.105+02:00  INFO 2708 --- [bika] [           main] o.s.b.t.m.w.SpringBootMockServletContext : Initializing Spring TestDispatcherServlet ''
2025-07-08T20:07:38.106+02:00  INFO 2708 --- [bika] [           main] o.s.t.web.servlet.TestDispatcherServlet  : Initializing Servlet ''
2025-07-08T20:07:38.116+02:00  INFO 2708 --- [bika] [           main] o.s.t.web.servlet.TestDispatcherServlet  : Completed initialization in 10 ms
2025-07-08T20:07:38.116+02:00 DEBUG 2708 --- [bika] [           main] org.hibernate.SQL                        : 
    insert 
    into
        companies
        (is_active, address, code, created_at, created_by, description, email, name, phone, updated_at, updated_by, id) 
    values
        (?, ?, ?, ?, ?, ?, ?, ?, ?, ?, ?, default)
Hibernate: 
    insert 
    into
        companies
        (is_active, address, code, created_at, created_by, description, email, name, phone, updated_at, updated_by, id) 
    values
        (?, ?, ?, ?, ?, ?, ?, ?, ?, ?, ?, default)
2025-07-08T20:07:38.120+02:00 DEBUG 2708 --- [bika] [           main] org.hibernate.SQL                        : 
    insert 
    into
        departments
        (is_active, code, company_id, created_at, created_by, name, parent_id, updated_at, updated_by, id) 
    values
        (?, ?, ?, ?, ?, ?, ?, ?, ?, default)
Hibernate: 
    insert 
    into
        departments
        (is_active, code, company_id, created_at, created_by, name, parent_id, updated_at, updated_by, id) 
    values
        (?, ?, ?, ?, ?, ?, ?, ?, ?, default)
2025-07-08T20:07:38.133+02:00 DEBUG 2708 --- [bika] [           main] org.hibernate.SQL                        : 
    insert 
    into
        projects
        (code, company_id, created_at, created_by, department_id, description, end_date, is_active, name, start_date, status, updated_at, updated_by, id) 
    values
        (?, ?, ?, ?, ?, ?, ?, ?, ?, ?, ?, ?, ?, default)
Hibernate: 
    insert 
    into
        projects
        (code, company_id, created_at, created_by, department_id, description, end_date, is_active, name, start_date, status, updated_at, updated_by, id) 
    values
        (?, ?, ?, ?, ?, ?, ?, ?, ?, ?, ?, ?, ?, default)
2025-07-08T20:07:38.271+02:00 DEBUG 2708 --- [bika] [           main] org.hibernate.SQL                        : 
    insert 
    into
        users
        (is_active, company_id, created_at, created_by, department_id, email, first_name, last_login, last_name, password, role, updated_at, updated_by, username, id) 
    values
        (?, ?, ?, ?, ?, ?, ?, ?, ?, ?, ?, ?, ?, ?, default)
Hibernate: 
    insert 
    into
        users
        (is_active, company_id, created_at, created_by, department_id, email, first_name, last_login, last_name, password, role, updated_at, updated_by, username, id) 
    values
        (?, ?, ?, ?, ?, ?, ?, ?, ?, ?, ?, ?, ?, ?, default)
2025-07-08T20:07:38.395+02:00 DEBUG 2708 --- [bika] [           main] org.hibernate.SQL                        : 
    insert 
    into
        users
        (is_active, company_id, created_at, created_by, department_id, email, first_name, last_login, last_name, password, role, updated_at, updated_by, username, id) 
    values
        (?, ?, ?, ?, ?, ?, ?, ?, ?, ?, ?, ?, ?, ?, default)
Hibernate: 
    insert 
    into
        users
        (is_active, company_id, created_at, created_by, department_id, email, first_name, last_login, last_name, password, role, updated_at, updated_by, username, id) 
    values
        (?, ?, ?, ?, ?, ?, ?, ?, ?, ?, ?, ?, ?, ?, default)
2025-07-08T20:07:38.398+02:00 DEBUG 2708 --- [bika] [           main] org.hibernate.SQL                        : 
    select
        t1_0.id,
        t1_0.assigned_to,
        t1_0.company_id,
        t1_0.completed_date,
        t1_0.created_at,
        t1_0.created_by,
        t1_0.creator_id,
        t1_0.department_id,
        t1_0.description,
        t1_0.due_date,
        t1_0.is_active,
        t1_0.priority,
        t1_0.project_id,
        t1_0.start_date,
        t1_0.status,
        t1_0.title,
        t1_0.updated_at,
        t1_0.updated_by 
    from
        tasks t1_0
Hibernate: 
    select
        t1_0.id,
        t1_0.assigned_to,
        t1_0.company_id,
        t1_0.completed_date,
        t1_0.created_at,
        t1_0.created_by,
        t1_0.creator_id,
        t1_0.department_id,
        t1_0.description,
        t1_0.due_date,
        t1_0.is_active,
        t1_0.priority,
        t1_0.project_id,
        t1_0.start_date,
        t1_0.status,
        t1_0.title,
        t1_0.updated_at,
        t1_0.updated_by 
    from
        tasks t1_0
2025-07-08T20:07:38.403+02:00 DEBUG 2708 --- [bika] [           main] org.hibernate.SQL                        : 
    select
        t1_0.id,
        t1_0.assigned_to,
        t1_0.company_id,
        t1_0.completed_date,
        t1_0.created_at,
        t1_0.created_by,
        t1_0.creator_id,
        t1_0.department_id,
        t1_0.description,
        t1_0.due_date,
        t1_0.is_active,
        t1_0.priority,
        t1_0.project_id,
        t1_0.start_date,
        t1_0.status,
        t1_0.title,
        t1_0.updated_at,
        t1_0.updated_by 
    from
        tasks t1_0
Hibernate: 
    select
        t1_0.id,
        t1_0.assigned_to,
        t1_0.company_id,
        t1_0.completed_date,
        t1_0.created_at,
        t1_0.created_by,
        t1_0.creator_id,
        t1_0.department_id,
        t1_0.description,
        t1_0.due_date,
        t1_0.is_active,
        t1_0.priority,
        t1_0.project_id,
        t1_0.start_date,
        t1_0.status,
        t1_0.title,
        t1_0.updated_at,
        t1_0.updated_by 
    from
        tasks t1_0
2025-07-08T20:07:38.404+02:00 DEBUG 2708 --- [bika] [           main] org.hibernate.SQL                        : 
    select
        u1_0.id,
        u1_0.is_active,
        u1_0.company_id,
        u1_0.created_at,
        u1_0.created_by,
        u1_0.department_id,
        u1_0.email,
        u1_0.first_name,
        u1_0.last_login,
        u1_0.last_name,
        u1_0.password,
        u1_0.role,
        u1_0.updated_at,
        u1_0.updated_by,
        u1_0.username 
    from
        users u1_0
Hibernate: 
    select
        u1_0.id,
        u1_0.is_active,
        u1_0.company_id,
        u1_0.created_at,
        u1_0.created_by,
        u1_0.department_id,
        u1_0.email,
        u1_0.first_name,
        u1_0.last_login,
        u1_0.last_name,
        u1_0.password,
        u1_0.role,
        u1_0.updated_at,
        u1_0.updated_by,
        u1_0.username 
    from
        users u1_0
2025-07-08T20:07:38.407+02:00 DEBUG 2708 --- [bika] [           main] org.hibernate.SQL                        : 
    delete 
    from
        users 
    where
        id=?
Hibernate: 
    delete 
    from
        users 
    where
        id=?
2025-07-08T20:07:38.409+02:00 DEBUG 2708 --- [bika] [           main] org.hibernate.SQL                        : 
    delete 
    from
        users 
    where
        id=?
Hibernate: 
    delete 
    from
        users 
    where
        id=?
2025-07-08T20:07:38.412+02:00 DEBUG 2708 --- [bika] [           main] org.hibernate.SQL                        : 
    select
        p1_0.id,
        p1_0.code,
        p1_0.company_id,
        p1_0.created_at,
        p1_0.created_by,
        p1_0.department_id,
        p1_0.description,
        p1_0.end_date,
        p1_0.is_active,
        p1_0.name,
        p1_0.start_date,
        p1_0.status,
        p1_0.updated_at,
        p1_0.updated_by 
    from
        projects p1_0
Hibernate: 
    select
        p1_0.id,
        p1_0.code,
        p1_0.company_id,
        p1_0.created_at,
        p1_0.created_by,
        p1_0.department_id,
        p1_0.description,
        p1_0.end_date,
        p1_0.is_active,
        p1_0.name,
        p1_0.start_date,
        p1_0.status,
        p1_0.updated_at,
        p1_0.updated_by 
    from
        projects p1_0
2025-07-08T20:07:38.414+02:00 DEBUG 2708 --- [bika] [           main] org.hibernate.SQL                        : 
    delete 
    from
        projects 
    where
        id=?
Hibernate: 
    delete 
    from
        projects 
    where
        id=?
2025-07-08T20:07:38.420+02:00 DEBUG 2708 --- [bika] [           main] org.hibernate.SQL                        : 
    select
        d1_0.id,
        d1_0.is_active,
        d1_0.code,
        d1_0.company_id,
        d1_0.created_at,
        d1_0.created_by,
        d1_0.name,
        d1_0.parent_id,
        d1_0.updated_at,
        d1_0.updated_by 
    from
        departments d1_0
Hibernate: 
    select
        d1_0.id,
        d1_0.is_active,
        d1_0.code,
        d1_0.company_id,
        d1_0.created_at,
        d1_0.created_by,
        d1_0.name,
        d1_0.parent_id,
        d1_0.updated_at,
        d1_0.updated_by 
    from
        departments d1_0
2025-07-08T20:07:38.423+02:00 DEBUG 2708 --- [bika] [           main] org.hibernate.SQL                        : 
    delete 
    from
        departments 
    where
        id=?
Hibernate: 
    delete 
    from
        departments 
    where
        id=?
2025-07-08T20:07:38.425+02:00 DEBUG 2708 --- [bika] [           main] org.hibernate.SQL                        : 
    select
        c1_0.id,
        c1_0.is_active,
        c1_0.address,
        c1_0.code,
        c1_0.created_at,
        c1_0.created_by,
        c1_0.description,
        c1_0.email,
        c1_0.name,
        c1_0.phone,
        c1_0.updated_at,
        c1_0.updated_by 
    from
        companies c1_0
Hibernate: 
    select
        c1_0.id,
        c1_0.is_active,
        c1_0.address,
        c1_0.code,
        c1_0.created_at,
        c1_0.created_by,
        c1_0.description,
        c1_0.email,
        c1_0.name,
        c1_0.phone,
        c1_0.updated_at,
        c1_0.updated_by 
    from
        companies c1_0
2025-07-08T20:07:38.430+02:00 DEBUG 2708 --- [bika] [           main] org.hibernate.SQL                        : 
    select
        d1_0.company_id,
        d1_0.id,
        d1_0.is_active,
        d1_0.code,
        d1_0.created_at,
        d1_0.created_by,
        d1_0.name,
        d1_0.parent_id,
        d1_0.updated_at,
        d1_0.updated_by 
    from
        departments d1_0 
    where
        d1_0.company_id=?
Hibernate: 
    select
        d1_0.company_id,
        d1_0.id,
        d1_0.is_active,
        d1_0.code,
        d1_0.created_at,
        d1_0.created_by,
        d1_0.name,
        d1_0.parent_id,
        d1_0.updated_at,
        d1_0.updated_by 
    from
        departments d1_0 
    where
        d1_0.company_id=?
2025-07-08T20:07:38.432+02:00 DEBUG 2708 --- [bika] [           main] org.hibernate.SQL                        : 
    delete 
    from
        companies 
    where
        id=?
Hibernate: 
    delete 
    from
        companies 
    where
        id=?
]]></system-out>
  </testcase>
  <testcase name="createTask_ShouldSucceed_WhenManager" classname="com.bika.task.controller.TaskControllerIntegrationTest" time="0.343">
    <system-out><![CDATA[2025-07-08T20:07:38.451+02:00  INFO 2708 --- [bika] [           main] o.s.b.t.m.w.SpringBootMockServletContext : Initializing Spring TestDispatcherServlet ''
2025-07-08T20:07:38.451+02:00  INFO 2708 --- [bika] [           main] o.s.t.web.servlet.TestDispatcherServlet  : Initializing Servlet ''
2025-07-08T20:07:38.454+02:00  INFO 2708 --- [bika] [           main] o.s.t.web.servlet.TestDispatcherServlet  : Completed initialization in 3 ms
2025-07-08T20:07:38.455+02:00 DEBUG 2708 --- [bika] [           main] org.hibernate.SQL                        : 
    insert 
    into
        companies
        (is_active, address, code, created_at, created_by, description, email, name, phone, updated_at, updated_by, id) 
    values
        (?, ?, ?, ?, ?, ?, ?, ?, ?, ?, ?, default)
Hibernate: 
    insert 
    into
        companies
        (is_active, address, code, created_at, created_by, description, email, name, phone, updated_at, updated_by, id) 
    values
        (?, ?, ?, ?, ?, ?, ?, ?, ?, ?, ?, default)
2025-07-08T20:07:38.460+02:00 DEBUG 2708 --- [bika] [           main] org.hibernate.SQL                        : 
    insert 
    into
        departments
        (is_active, code, company_id, created_at, created_by, name, parent_id, updated_at, updated_by, id) 
    values
        (?, ?, ?, ?, ?, ?, ?, ?, ?, default)
Hibernate: 
    insert 
    into
        departments
        (is_active, code, company_id, created_at, created_by, name, parent_id, updated_at, updated_by, id) 
    values
        (?, ?, ?, ?, ?, ?, ?, ?, ?, default)
2025-07-08T20:07:38.472+02:00 DEBUG 2708 --- [bika] [           main] org.hibernate.SQL                        : 
    insert 
    into
        projects
        (code, company_id, created_at, created_by, department_id, description, end_date, is_active, name, start_date, status, updated_at, updated_by, id) 
    values
        (?, ?, ?, ?, ?, ?, ?, ?, ?, ?, ?, ?, ?, default)
Hibernate: 
    insert 
    into
        projects
        (code, company_id, created_at, created_by, department_id, description, end_date, is_active, name, start_date, status, updated_at, updated_by, id) 
    values
        (?, ?, ?, ?, ?, ?, ?, ?, ?, ?, ?, ?, ?, default)
2025-07-08T20:07:38.612+02:00 DEBUG 2708 --- [bika] [           main] org.hibernate.SQL                        : 
    insert 
    into
        users
        (is_active, company_id, created_at, created_by, department_id, email, first_name, last_login, last_name, password, role, updated_at, updated_by, username, id) 
    values
        (?, ?, ?, ?, ?, ?, ?, ?, ?, ?, ?, ?, ?, ?, default)
Hibernate: 
    insert 
    into
        users
        (is_active, company_id, created_at, created_by, department_id, email, first_name, last_login, last_name, password, role, updated_at, updated_by, username, id) 
    values
        (?, ?, ?, ?, ?, ?, ?, ?, ?, ?, ?, ?, ?, ?, default)
2025-07-08T20:07:38.751+02:00 DEBUG 2708 --- [bika] [           main] org.hibernate.SQL                        : 
    insert 
    into
        users
        (is_active, company_id, created_at, created_by, department_id, email, first_name, last_login, last_name, password, role, updated_at, updated_by, username, id) 
    values
        (?, ?, ?, ?, ?, ?, ?, ?, ?, ?, ?, ?, ?, ?, default)
Hibernate: 
    insert 
    into
        users
        (is_active, company_id, created_at, created_by, department_id, email, first_name, last_login, last_name, password, role, updated_at, updated_by, username, id) 
    values
        (?, ?, ?, ?, ?, ?, ?, ?, ?, ?, ?, ?, ?, ?, default)
2025-07-08T20:07:38.755+02:00 DEBUG 2708 --- [bika] [           main] org.hibernate.SQL                        : 
    select
        c1_0.id,
        c1_0.is_active,
        c1_0.address,
        c1_0.code,
        c1_0.created_at,
        c1_0.created_by,
        c1_0.description,
        c1_0.email,
        c1_0.name,
        c1_0.phone,
        c1_0.updated_at,
        c1_0.updated_by 
    from
        companies c1_0 
    where
        c1_0.id=?
Hibernate: 
    select
        c1_0.id,
        c1_0.is_active,
        c1_0.address,
        c1_0.code,
        c1_0.created_at,
        c1_0.created_by,
        c1_0.description,
        c1_0.email,
        c1_0.name,
        c1_0.phone,
        c1_0.updated_at,
        c1_0.updated_by 
    from
        companies c1_0 
    where
        c1_0.id=?
2025-07-08T20:07:38.757+02:00 DEBUG 2708 --- [bika] [           main] org.hibernate.SQL                        : 
    select
        d1_0.id,
        d1_0.is_active,
        d1_0.code,
        d1_0.company_id,
        d1_0.created_at,
        d1_0.created_by,
        d1_0.name,
        d1_0.parent_id,
        d1_0.updated_at,
        d1_0.updated_by 
    from
        departments d1_0 
    where
        d1_0.id=?
Hibernate: 
    select
        d1_0.id,
        d1_0.is_active,
        d1_0.code,
        d1_0.company_id,
        d1_0.created_at,
        d1_0.created_by,
        d1_0.name,
        d1_0.parent_id,
        d1_0.updated_at,
        d1_0.updated_by 
    from
        departments d1_0 
    where
        d1_0.id=?
2025-07-08T20:07:38.758+02:00 DEBUG 2708 --- [bika] [           main] org.hibernate.SQL                        : 
    select
        p1_0.id,
        p1_0.code,
        p1_0.company_id,
        p1_0.created_at,
        p1_0.created_by,
        p1_0.department_id,
        p1_0.description,
        p1_0.end_date,
        p1_0.is_active,
        p1_0.name,
        p1_0.start_date,
        p1_0.status,
        p1_0.updated_at,
        p1_0.updated_by 
    from
        projects p1_0 
    where
        p1_0.id=?
Hibernate: 
    select
        p1_0.id,
        p1_0.code,
        p1_0.company_id,
        p1_0.created_at,
        p1_0.created_by,
        p1_0.department_id,
        p1_0.description,
        p1_0.end_date,
        p1_0.is_active,
        p1_0.name,
        p1_0.start_date,
        p1_0.status,
        p1_0.updated_at,
        p1_0.updated_by 
    from
        projects p1_0 
    where
        p1_0.id=?
2025-07-08T20:07:38.758+02:00 DEBUG 2708 --- [bika] [           main] org.hibernate.SQL                        : 
    select
        u1_0.id,
        u1_0.is_active,
        u1_0.company_id,
        u1_0.created_at,
        u1_0.created_by,
        u1_0.department_id,
        u1_0.email,
        u1_0.first_name,
        u1_0.last_login,
        u1_0.last_name,
        u1_0.password,
        u1_0.role,
        u1_0.updated_at,
        u1_0.updated_by,
        u1_0.username 
    from
        users u1_0 
    where
        u1_0.id=?
Hibernate: 
    select
        u1_0.id,
        u1_0.is_active,
        u1_0.company_id,
        u1_0.created_at,
        u1_0.created_by,
        u1_0.department_id,
        u1_0.email,
        u1_0.first_name,
        u1_0.last_login,
        u1_0.last_name,
        u1_0.password,
        u1_0.role,
        u1_0.updated_at,
        u1_0.updated_by,
        u1_0.username 
    from
        users u1_0 
    where
        u1_0.id=?
2025-07-08T20:07:38.762+02:00 DEBUG 2708 --- [bika] [           main] org.hibernate.SQL                        : 
    select
        u1_0.id,
        u1_0.is_active,
        u1_0.company_id,
        u1_0.created_at,
        u1_0.created_by,
        u1_0.department_id,
        u1_0.email,
        u1_0.first_name,
        u1_0.last_login,
        u1_0.last_name,
        u1_0.password,
        u1_0.role,
        u1_0.updated_at,
        u1_0.updated_by,
        u1_0.username 
    from
        users u1_0 
    where
        u1_0.email=?
Hibernate: 
    select
        u1_0.id,
        u1_0.is_active,
        u1_0.company_id,
        u1_0.created_at,
        u1_0.created_by,
        u1_0.department_id,
        u1_0.email,
        u1_0.first_name,
        u1_0.last_login,
        u1_0.last_name,
        u1_0.password,
        u1_0.role,
        u1_0.updated_at,
        u1_0.updated_by,
        u1_0.username 
    from
        users u1_0 
    where
        u1_0.email=?
2025-07-08T20:07:38.764+02:00 DEBUG 2708 --- [bika] [           main] org.hibernate.SQL                        : 
    select
        u1_0.id,
        u1_0.is_active,
        u1_0.company_id,
        u1_0.created_at,
        u1_0.created_by,
        u1_0.department_id,
        u1_0.email,
        u1_0.first_name,
        u1_0.last_login,
        u1_0.last_name,
        u1_0.password,
        u1_0.role,
        u1_0.updated_at,
        u1_0.updated_by,
        u1_0.username 
    from
        users u1_0 
    where
        u1_0.id=?
Hibernate: 
    select
        u1_0.id,
        u1_0.is_active,
        u1_0.company_id,
        u1_0.created_at,
        u1_0.created_by,
        u1_0.department_id,
        u1_0.email,
        u1_0.first_name,
        u1_0.last_login,
        u1_0.last_name,
        u1_0.password,
        u1_0.role,
        u1_0.updated_at,
        u1_0.updated_by,
        u1_0.username 
    from
        users u1_0 
    where
        u1_0.id=?
2025-07-08T20:07:38.765+02:00 DEBUG 2708 --- [bika] [           main] org.hibernate.SQL                        : 
    insert 
    into
        tasks
        (assigned_to, company_id, completed_date, created_at, created_by, creator_id, department_id, description, due_date, is_active, priority, project_id, start_date, status, title, updated_at, updated_by, id) 
    values
        (?, ?, ?, ?, ?, ?, ?, ?, ?, ?, ?, ?, ?, ?, ?, ?, ?, default)
Hibernate: 
    insert 
    into
        tasks
        (assigned_to, company_id, completed_date, created_at, created_by, creator_id, department_id, description, due_date, is_active, priority, project_id, start_date, status, title, updated_at, updated_by, id) 
    values
        (?, ?, ?, ?, ?, ?, ?, ?, ?, ?, ?, ?, ?, ?, ?, ?, ?, default)
2025-07-08T20:07:38.769+02:00 DEBUG 2708 --- [bika] [           main] org.hibernate.SQL                        : 
    select
        t1_0.id,
        t1_0.assigned_to,
        t1_0.company_id,
        t1_0.completed_date,
        t1_0.created_at,
        t1_0.created_by,
        t1_0.creator_id,
        t1_0.department_id,
        t1_0.description,
        t1_0.due_date,
        t1_0.is_active,
        t1_0.priority,
        t1_0.project_id,
        t1_0.start_date,
        t1_0.status,
        t1_0.title,
        t1_0.updated_at,
        t1_0.updated_by 
    from
        tasks t1_0
Hibernate: 
    select
        t1_0.id,
        t1_0.assigned_to,
        t1_0.company_id,
        t1_0.completed_date,
        t1_0.created_at,
        t1_0.created_by,
        t1_0.creator_id,
        t1_0.department_id,
        t1_0.description,
        t1_0.due_date,
        t1_0.is_active,
        t1_0.priority,
        t1_0.project_id,
        t1_0.start_date,
        t1_0.status,
        t1_0.title,
        t1_0.updated_at,
        t1_0.updated_by 
    from
        tasks t1_0
2025-07-08T20:07:38.773+02:00 DEBUG 2708 --- [bika] [           main] org.hibernate.SQL                        : 
    delete 
    from
        tasks 
    where
        id=?
Hibernate: 
    delete 
    from
        tasks 
    where
        id=?
2025-07-08T20:07:38.774+02:00 DEBUG 2708 --- [bika] [           main] org.hibernate.SQL                        : 
    select
        u1_0.id,
        u1_0.is_active,
        u1_0.company_id,
        u1_0.created_at,
        u1_0.created_by,
        u1_0.department_id,
        u1_0.email,
        u1_0.first_name,
        u1_0.last_login,
        u1_0.last_name,
        u1_0.password,
        u1_0.role,
        u1_0.updated_at,
        u1_0.updated_by,
        u1_0.username 
    from
        users u1_0
Hibernate: 
    select
        u1_0.id,
        u1_0.is_active,
        u1_0.company_id,
        u1_0.created_at,
        u1_0.created_by,
        u1_0.department_id,
        u1_0.email,
        u1_0.first_name,
        u1_0.last_login,
        u1_0.last_name,
        u1_0.password,
        u1_0.role,
        u1_0.updated_at,
        u1_0.updated_by,
        u1_0.username 
    from
        users u1_0
2025-07-08T20:07:38.776+02:00 DEBUG 2708 --- [bika] [           main] org.hibernate.SQL                        : 
    delete 
    from
        users 
    where
        id=?
Hibernate: 
    delete 
    from
        users 
    where
        id=?
2025-07-08T20:07:38.776+02:00 DEBUG 2708 --- [bika] [           main] org.hibernate.SQL                        : 
    delete 
    from
        users 
    where
        id=?
Hibernate: 
    delete 
    from
        users 
    where
        id=?
2025-07-08T20:07:38.778+02:00 DEBUG 2708 --- [bika] [           main] org.hibernate.SQL                        : 
    select
        p1_0.id,
        p1_0.code,
        p1_0.company_id,
        p1_0.created_at,
        p1_0.created_by,
        p1_0.department_id,
        p1_0.description,
        p1_0.end_date,
        p1_0.is_active,
        p1_0.name,
        p1_0.start_date,
        p1_0.status,
        p1_0.updated_at,
        p1_0.updated_by 
    from
        projects p1_0
Hibernate: 
    select
        p1_0.id,
        p1_0.code,
        p1_0.company_id,
        p1_0.created_at,
        p1_0.created_by,
        p1_0.department_id,
        p1_0.description,
        p1_0.end_date,
        p1_0.is_active,
        p1_0.name,
        p1_0.start_date,
        p1_0.status,
        p1_0.updated_at,
        p1_0.updated_by 
    from
        projects p1_0
2025-07-08T20:07:38.780+02:00 DEBUG 2708 --- [bika] [           main] org.hibernate.SQL                        : 
    delete 
    from
        projects 
    where
        id=?
Hibernate: 
    delete 
    from
        projects 
    where
        id=?
2025-07-08T20:07:38.782+02:00 DEBUG 2708 --- [bika] [           main] org.hibernate.SQL                        : 
    select
        d1_0.id,
        d1_0.is_active,
        d1_0.code,
        d1_0.company_id,
        d1_0.created_at,
        d1_0.created_by,
        d1_0.name,
        d1_0.parent_id,
        d1_0.updated_at,
        d1_0.updated_by 
    from
        departments d1_0
Hibernate: 
    select
        d1_0.id,
        d1_0.is_active,
        d1_0.code,
        d1_0.company_id,
        d1_0.created_at,
        d1_0.created_by,
        d1_0.name,
        d1_0.parent_id,
        d1_0.updated_at,
        d1_0.updated_by 
    from
        departments d1_0
2025-07-08T20:07:38.783+02:00 DEBUG 2708 --- [bika] [           main] org.hibernate.SQL                        : 
    delete 
    from
        departments 
    where
        id=?
Hibernate: 
    delete 
    from
        departments 
    where
        id=?
2025-07-08T20:07:38.785+02:00 DEBUG 2708 --- [bika] [           main] org.hibernate.SQL                        : 
    select
        c1_0.id,
        c1_0.is_active,
        c1_0.address,
        c1_0.code,
        c1_0.created_at,
        c1_0.created_by,
        c1_0.description,
        c1_0.email,
        c1_0.name,
        c1_0.phone,
        c1_0.updated_at,
        c1_0.updated_by 
    from
        companies c1_0
Hibernate: 
    select
        c1_0.id,
        c1_0.is_active,
        c1_0.address,
        c1_0.code,
        c1_0.created_at,
        c1_0.created_by,
        c1_0.description,
        c1_0.email,
        c1_0.name,
        c1_0.phone,
        c1_0.updated_at,
        c1_0.updated_by 
    from
        companies c1_0
2025-07-08T20:07:38.786+02:00 DEBUG 2708 --- [bika] [           main] org.hibernate.SQL                        : 
    select
        d1_0.company_id,
        d1_0.id,
        d1_0.is_active,
        d1_0.code,
        d1_0.created_at,
        d1_0.created_by,
        d1_0.name,
        d1_0.parent_id,
        d1_0.updated_at,
        d1_0.updated_by 
    from
        departments d1_0 
    where
        d1_0.company_id=?
Hibernate: 
    select
        d1_0.company_id,
        d1_0.id,
        d1_0.is_active,
        d1_0.code,
        d1_0.created_at,
        d1_0.created_by,
        d1_0.name,
        d1_0.parent_id,
        d1_0.updated_at,
        d1_0.updated_by 
    from
        departments d1_0 
    where
        d1_0.company_id=?
2025-07-08T20:07:38.787+02:00 DEBUG 2708 --- [bika] [           main] org.hibernate.SQL                        : 
    delete 
    from
        companies 
    where
        id=?
Hibernate: 
    delete 
    from
        companies 
    where
        id=?
]]></system-out>
  </testcase>
  <testcase name="updateTaskStatus_ShouldSucceed" classname="com.bika.task.controller.TaskControllerIntegrationTest" time="0.391">
    <system-out><![CDATA[2025-07-08T20:07:38.794+02:00  INFO 2708 --- [bika] [           main] o.s.b.t.m.w.SpringBootMockServletContext : Initializing Spring TestDispatcherServlet ''
2025-07-08T20:07:38.794+02:00  INFO 2708 --- [bika] [           main] o.s.t.web.servlet.TestDispatcherServlet  : Initializing Servlet ''
2025-07-08T20:07:38.798+02:00  INFO 2708 --- [bika] [           main] o.s.t.web.servlet.TestDispatcherServlet  : Completed initialization in 4 ms
2025-07-08T20:07:38.800+02:00 DEBUG 2708 --- [bika] [           main] org.hibernate.SQL                        : 
    insert 
    into
        companies
        (is_active, address, code, created_at, created_by, description, email, name, phone, updated_at, updated_by, id) 
    values
        (?, ?, ?, ?, ?, ?, ?, ?, ?, ?, ?, default)
Hibernate: 
    insert 
    into
        companies
        (is_active, address, code, created_at, created_by, description, email, name, phone, updated_at, updated_by, id) 
    values
        (?, ?, ?, ?, ?, ?, ?, ?, ?, ?, ?, default)
2025-07-08T20:07:38.803+02:00 DEBUG 2708 --- [bika] [           main] org.hibernate.SQL                        : 
    insert 
    into
        departments
        (is_active, code, company_id, created_at, created_by, name, parent_id, updated_at, updated_by, id) 
    values
        (?, ?, ?, ?, ?, ?, ?, ?, ?, default)
Hibernate: 
    insert 
    into
        departments
        (is_active, code, company_id, created_at, created_by, name, parent_id, updated_at, updated_by, id) 
    values
        (?, ?, ?, ?, ?, ?, ?, ?, ?, default)
2025-07-08T20:07:38.806+02:00 DEBUG 2708 --- [bika] [           main] org.hibernate.SQL                        : 
    insert 
    into
        projects
        (code, company_id, created_at, created_by, department_id, description, end_date, is_active, name, start_date, status, updated_at, updated_by, id) 
    values
        (?, ?, ?, ?, ?, ?, ?, ?, ?, ?, ?, ?, ?, default)
Hibernate: 
    insert 
    into
        projects
        (code, company_id, created_at, created_by, department_id, description, end_date, is_active, name, start_date, status, updated_at, updated_by, id) 
    values
        (?, ?, ?, ?, ?, ?, ?, ?, ?, ?, ?, ?, ?, default)
2025-07-08T20:07:38.960+02:00 DEBUG 2708 --- [bika] [           main] org.hibernate.SQL                        : 
    insert 
    into
        users
        (is_active, company_id, created_at, created_by, department_id, email, first_name, last_login, last_name, password, role, updated_at, updated_by, username, id) 
    values
        (?, ?, ?, ?, ?, ?, ?, ?, ?, ?, ?, ?, ?, ?, default)
Hibernate: 
    insert 
    into
        users
        (is_active, company_id, created_at, created_by, department_id, email, first_name, last_login, last_name, password, role, updated_at, updated_by, username, id) 
    values
        (?, ?, ?, ?, ?, ?, ?, ?, ?, ?, ?, ?, ?, ?, default)
2025-07-08T20:07:39.080+02:00 DEBUG 2708 --- [bika] [           main] org.hibernate.SQL                        : 
    insert 
    into
        users
        (is_active, company_id, created_at, created_by, department_id, email, first_name, last_login, last_name, password, role, updated_at, updated_by, username, id) 
    values
        (?, ?, ?, ?, ?, ?, ?, ?, ?, ?, ?, ?, ?, ?, default)
Hibernate: 
    insert 
    into
        users
        (is_active, company_id, created_at, created_by, department_id, email, first_name, last_login, last_name, password, role, updated_at, updated_by, username, id) 
    values
        (?, ?, ?, ?, ?, ?, ?, ?, ?, ?, ?, ?, ?, ?, default)
2025-07-08T20:07:39.098+02:00 DEBUG 2708 --- [bika] [           main] org.hibernate.SQL                        : 
    select
        c1_0.id,
        c1_0.is_active,
        c1_0.address,
        c1_0.code,
        c1_0.created_at,
        c1_0.created_by,
        c1_0.description,
        c1_0.email,
        c1_0.name,
        c1_0.phone,
        c1_0.updated_at,
        c1_0.updated_by 
    from
        companies c1_0 
    where
        c1_0.id=?
Hibernate: 
    select
        c1_0.id,
        c1_0.is_active,
        c1_0.address,
        c1_0.code,
        c1_0.created_at,
        c1_0.created_by,
        c1_0.description,
        c1_0.email,
        c1_0.name,
        c1_0.phone,
        c1_0.updated_at,
        c1_0.updated_by 
    from
        companies c1_0 
    where
        c1_0.id=?
2025-07-08T20:07:39.101+02:00 DEBUG 2708 --- [bika] [           main] org.hibernate.SQL                        : 
    select
        d1_0.id,
        d1_0.is_active,
        d1_0.code,
        d1_0.company_id,
        d1_0.created_at,
        d1_0.created_by,
        d1_0.name,
        d1_0.parent_id,
        d1_0.updated_at,
        d1_0.updated_by 
    from
        departments d1_0 
    where
        d1_0.id=?
Hibernate: 
    select
        d1_0.id,
        d1_0.is_active,
        d1_0.code,
        d1_0.company_id,
        d1_0.created_at,
        d1_0.created_by,
        d1_0.name,
        d1_0.parent_id,
        d1_0.updated_at,
        d1_0.updated_by 
    from
        departments d1_0 
    where
        d1_0.id=?
2025-07-08T20:07:39.102+02:00 DEBUG 2708 --- [bika] [           main] org.hibernate.SQL                        : 
    select
        p1_0.id,
        p1_0.code,
        p1_0.company_id,
        p1_0.created_at,
        p1_0.created_by,
        p1_0.department_id,
        p1_0.description,
        p1_0.end_date,
        p1_0.is_active,
        p1_0.name,
        p1_0.start_date,
        p1_0.status,
        p1_0.updated_at,
        p1_0.updated_by 
    from
        projects p1_0 
    where
        p1_0.id=?
Hibernate: 
    select
        p1_0.id,
        p1_0.code,
        p1_0.company_id,
        p1_0.created_at,
        p1_0.created_by,
        p1_0.department_id,
        p1_0.description,
        p1_0.end_date,
        p1_0.is_active,
        p1_0.name,
        p1_0.start_date,
        p1_0.status,
        p1_0.updated_at,
        p1_0.updated_by 
    from
        projects p1_0 
    where
        p1_0.id=?
2025-07-08T20:07:39.103+02:00 DEBUG 2708 --- [bika] [           main] org.hibernate.SQL                        : 
    select
        u1_0.id,
        u1_0.is_active,
        u1_0.company_id,
        u1_0.created_at,
        u1_0.created_by,
        u1_0.department_id,
        u1_0.email,
        u1_0.first_name,
        u1_0.last_login,
        u1_0.last_name,
        u1_0.password,
        u1_0.role,
        u1_0.updated_at,
        u1_0.updated_by,
        u1_0.username 
    from
        users u1_0 
    where
        u1_0.id=?
Hibernate: 
    select
        u1_0.id,
        u1_0.is_active,
        u1_0.company_id,
        u1_0.created_at,
        u1_0.created_by,
        u1_0.department_id,
        u1_0.email,
        u1_0.first_name,
        u1_0.last_login,
        u1_0.last_name,
        u1_0.password,
        u1_0.role,
        u1_0.updated_at,
        u1_0.updated_by,
        u1_0.username 
    from
        users u1_0 
    where
        u1_0.id=?
2025-07-08T20:07:39.106+02:00 DEBUG 2708 --- [bika] [           main] org.hibernate.SQL                        : 
    select
        u1_0.id,
        u1_0.is_active,
        u1_0.company_id,
        u1_0.created_at,
        u1_0.created_by,
        u1_0.department_id,
        u1_0.email,
        u1_0.first_name,
        u1_0.last_login,
        u1_0.last_name,
        u1_0.password,
        u1_0.role,
        u1_0.updated_at,
        u1_0.updated_by,
        u1_0.username 
    from
        users u1_0 
    where
        u1_0.email=?
Hibernate: 
    select
        u1_0.id,
        u1_0.is_active,
        u1_0.company_id,
        u1_0.created_at,
        u1_0.created_by,
        u1_0.department_id,
        u1_0.email,
        u1_0.first_name,
        u1_0.last_login,
        u1_0.last_name,
        u1_0.password,
        u1_0.role,
        u1_0.updated_at,
        u1_0.updated_by,
        u1_0.username 
    from
        users u1_0 
    where
        u1_0.email=?
2025-07-08T20:07:39.106+02:00 DEBUG 2708 --- [bika] [           main] org.hibernate.SQL                        : 
    select
        u1_0.id,
        u1_0.is_active,
        u1_0.company_id,
        u1_0.created_at,
        u1_0.created_by,
        u1_0.department_id,
        u1_0.email,
        u1_0.first_name,
        u1_0.last_login,
        u1_0.last_name,
        u1_0.password,
        u1_0.role,
        u1_0.updated_at,
        u1_0.updated_by,
        u1_0.username 
    from
        users u1_0 
    where
        u1_0.id=?
Hibernate: 
    select
        u1_0.id,
        u1_0.is_active,
        u1_0.company_id,
        u1_0.created_at,
        u1_0.created_by,
        u1_0.department_id,
        u1_0.email,
        u1_0.first_name,
        u1_0.last_login,
        u1_0.last_name,
        u1_0.password,
        u1_0.role,
        u1_0.updated_at,
        u1_0.updated_by,
        u1_0.username 
    from
        users u1_0 
    where
        u1_0.id=?
2025-07-08T20:07:39.109+02:00 DEBUG 2708 --- [bika] [           main] org.hibernate.SQL                        : 
    insert 
    into
        tasks
        (assigned_to, company_id, completed_date, created_at, created_by, creator_id, department_id, description, due_date, is_active, priority, project_id, start_date, status, title, updated_at, updated_by, id) 
    values
        (?, ?, ?, ?, ?, ?, ?, ?, ?, ?, ?, ?, ?, ?, ?, ?, ?, default)
Hibernate: 
    insert 
    into
        tasks
        (assigned_to, company_id, completed_date, created_at, created_by, creator_id, department_id, description, due_date, is_active, priority, project_id, start_date, status, title, updated_at, updated_by, id) 
    values
        (?, ?, ?, ?, ?, ?, ?, ?, ?, ?, ?, ?, ?, ?, ?, ?, ?, default)
2025-07-08T20:07:39.126+02:00 DEBUG 2708 --- [bika] [           main] org.hibernate.SQL                        : 
    select
        t1_0.id,
        t1_0.assigned_to,
        t1_0.company_id,
        t1_0.completed_date,
        t1_0.created_at,
        t1_0.created_by,
        t1_0.creator_id,
        t1_0.department_id,
        t1_0.description,
        t1_0.due_date,
        t1_0.is_active,
        t1_0.priority,
        t1_0.project_id,
        t1_0.start_date,
        t1_0.status,
        t1_0.title,
        t1_0.updated_at,
        t1_0.updated_by 
    from
        tasks t1_0 
    where
        t1_0.id=?
Hibernate: 
    select
        t1_0.id,
        t1_0.assigned_to,
        t1_0.company_id,
        t1_0.completed_date,
        t1_0.created_at,
        t1_0.created_by,
        t1_0.creator_id,
        t1_0.department_id,
        t1_0.description,
        t1_0.due_date,
        t1_0.is_active,
        t1_0.priority,
        t1_0.project_id,
        t1_0.start_date,
        t1_0.status,
        t1_0.title,
        t1_0.updated_at,
        t1_0.updated_by 
    from
        tasks t1_0 
    where
        t1_0.id=?
2025-07-08T20:07:39.129+02:00 DEBUG 2708 --- [bika] [           main] org.hibernate.SQL                        : 
    select
        u1_0.id,
        u1_0.is_active,
        u1_0.company_id,
        u1_0.created_at,
        u1_0.created_by,
        u1_0.department_id,
        u1_0.email,
        u1_0.first_name,
        u1_0.last_login,
        u1_0.last_name,
        u1_0.password,
        u1_0.role,
        u1_0.updated_at,
        u1_0.updated_by,
        u1_0.username 
    from
        users u1_0 
    where
        u1_0.id=?
Hibernate: 
    select
        u1_0.id,
        u1_0.is_active,
        u1_0.company_id,
        u1_0.created_at,
        u1_0.created_by,
        u1_0.department_id,
        u1_0.email,
        u1_0.first_name,
        u1_0.last_login,
        u1_0.last_name,
        u1_0.password,
        u1_0.role,
        u1_0.updated_at,
        u1_0.updated_by,
        u1_0.username 
    from
        users u1_0 
    where
        u1_0.id=?
2025-07-08T20:07:39.130+02:00 DEBUG 2708 --- [bika] [           main] org.hibernate.SQL                        : 
    select
        u1_0.id,
        u1_0.is_active,
        u1_0.company_id,
        u1_0.created_at,
        u1_0.created_by,
        u1_0.department_id,
        u1_0.email,
        u1_0.first_name,
        u1_0.last_login,
        u1_0.last_name,
        u1_0.password,
        u1_0.role,
        u1_0.updated_at,
        u1_0.updated_by,
        u1_0.username 
    from
        users u1_0 
    where
        u1_0.id=?
Hibernate: 
    select
        u1_0.id,
        u1_0.is_active,
        u1_0.company_id,
        u1_0.created_at,
        u1_0.created_by,
        u1_0.department_id,
        u1_0.email,
        u1_0.first_name,
        u1_0.last_login,
        u1_0.last_name,
        u1_0.password,
        u1_0.role,
        u1_0.updated_at,
        u1_0.updated_by,
        u1_0.username 
    from
        users u1_0 
    where
        u1_0.id=?
2025-07-08T20:07:39.131+02:00 DEBUG 2708 --- [bika] [           main] org.hibernate.SQL                        : 
    select
        c1_0.id,
        c1_0.is_active,
        c1_0.address,
        c1_0.code,
        c1_0.created_at,
        c1_0.created_by,
        c1_0.description,
        c1_0.email,
        c1_0.name,
        c1_0.phone,
        c1_0.updated_at,
        c1_0.updated_by 
    from
        companies c1_0 
    where
        c1_0.id=?
Hibernate: 
    select
        c1_0.id,
        c1_0.is_active,
        c1_0.address,
        c1_0.code,
        c1_0.created_at,
        c1_0.created_by,
        c1_0.description,
        c1_0.email,
        c1_0.name,
        c1_0.phone,
        c1_0.updated_at,
        c1_0.updated_by 
    from
        companies c1_0 
    where
        c1_0.id=?
2025-07-08T20:07:39.131+02:00 DEBUG 2708 --- [bika] [           main] org.hibernate.SQL                        : 
    select
        d1_0.id,
        d1_0.is_active,
        d1_0.code,
        d1_0.company_id,
        d1_0.created_at,
        d1_0.created_by,
        d1_0.name,
        d1_0.parent_id,
        d1_0.updated_at,
        d1_0.updated_by 
    from
        departments d1_0 
    where
        d1_0.id=?
Hibernate: 
    select
        d1_0.id,
        d1_0.is_active,
        d1_0.code,
        d1_0.company_id,
        d1_0.created_at,
        d1_0.created_by,
        d1_0.name,
        d1_0.parent_id,
        d1_0.updated_at,
        d1_0.updated_by 
    from
        departments d1_0 
    where
        d1_0.id=?
2025-07-08T20:07:39.132+02:00 DEBUG 2708 --- [bika] [           main] org.hibernate.SQL                        : 
    select
        p1_0.id,
        p1_0.code,
        p1_0.company_id,
        p1_0.created_at,
        p1_0.created_by,
        p1_0.department_id,
        p1_0.description,
        p1_0.end_date,
        p1_0.is_active,
        p1_0.name,
        p1_0.start_date,
        p1_0.status,
        p1_0.updated_at,
        p1_0.updated_by 
    from
        projects p1_0 
    where
        p1_0.id=?
Hibernate: 
    select
        p1_0.id,
        p1_0.code,
        p1_0.company_id,
        p1_0.created_at,
        p1_0.created_by,
        p1_0.department_id,
        p1_0.description,
        p1_0.end_date,
        p1_0.is_active,
        p1_0.name,
        p1_0.start_date,
        p1_0.status,
        p1_0.updated_at,
        p1_0.updated_by 
    from
        projects p1_0 
    where
        p1_0.id=?
2025-07-08T20:07:39.147+02:00 DEBUG 2708 --- [bika] [           main] org.hibernate.SQL                        : 
    update
        tasks 
    set
        assigned_to=?,
        company_id=?,
        completed_date=?,
        creator_id=?,
        department_id=?,
        description=?,
        due_date=?,
        is_active=?,
        priority=?,
        project_id=?,
        start_date=?,
        status=?,
        title=?,
        updated_at=?,
        updated_by=? 
    where
        id=?
Hibernate: 
    update
        tasks 
    set
        assigned_to=?,
        company_id=?,
        completed_date=?,
        creator_id=?,
        department_id=?,
        description=?,
        due_date=?,
        is_active=?,
        priority=?,
        project_id=?,
        start_date=?,
        status=?,
        title=?,
        updated_at=?,
        updated_by=? 
    where
        id=?
2025-07-08T20:07:39.156+02:00 DEBUG 2708 --- [bika] [           main] org.hibernate.SQL                        : 
    select
        t1_0.id,
        t1_0.assigned_to,
        t1_0.company_id,
        t1_0.completed_date,
        t1_0.created_at,
        t1_0.created_by,
        t1_0.creator_id,
        t1_0.department_id,
        t1_0.description,
        t1_0.due_date,
        t1_0.is_active,
        t1_0.priority,
        t1_0.project_id,
        t1_0.start_date,
        t1_0.status,
        t1_0.title,
        t1_0.updated_at,
        t1_0.updated_by 
    from
        tasks t1_0
Hibernate: 
    select
        t1_0.id,
        t1_0.assigned_to,
        t1_0.company_id,
        t1_0.completed_date,
        t1_0.created_at,
        t1_0.created_by,
        t1_0.creator_id,
        t1_0.department_id,
        t1_0.description,
        t1_0.due_date,
        t1_0.is_active,
        t1_0.priority,
        t1_0.project_id,
        t1_0.start_date,
        t1_0.status,
        t1_0.title,
        t1_0.updated_at,
        t1_0.updated_by 
    from
        tasks t1_0
2025-07-08T20:07:39.158+02:00 DEBUG 2708 --- [bika] [           main] org.hibernate.SQL                        : 
    delete 
    from
        tasks 
    where
        id=?
Hibernate: 
    delete 
    from
        tasks 
    where
        id=?
2025-07-08T20:07:39.161+02:00 DEBUG 2708 --- [bika] [           main] org.hibernate.SQL                        : 
    select
        u1_0.id,
        u1_0.is_active,
        u1_0.company_id,
        u1_0.created_at,
        u1_0.created_by,
        u1_0.department_id,
        u1_0.email,
        u1_0.first_name,
        u1_0.last_login,
        u1_0.last_name,
        u1_0.password,
        u1_0.role,
        u1_0.updated_at,
        u1_0.updated_by,
        u1_0.username 
    from
        users u1_0
Hibernate: 
    select
        u1_0.id,
        u1_0.is_active,
        u1_0.company_id,
        u1_0.created_at,
        u1_0.created_by,
        u1_0.department_id,
        u1_0.email,
        u1_0.first_name,
        u1_0.last_login,
        u1_0.last_name,
        u1_0.password,
        u1_0.role,
        u1_0.updated_at,
        u1_0.updated_by,
        u1_0.username 
    from
        users u1_0
2025-07-08T20:07:39.163+02:00 DEBUG 2708 --- [bika] [           main] org.hibernate.SQL                        : 
    delete 
    from
        users 
    where
        id=?
Hibernate: 
    delete 
    from
        users 
    where
        id=?
2025-07-08T20:07:39.164+02:00 DEBUG 2708 --- [bika] [           main] org.hibernate.SQL                        : 
    delete 
    from
        users 
    where
        id=?
Hibernate: 
    delete 
    from
        users 
    where
        id=?
2025-07-08T20:07:39.166+02:00 DEBUG 2708 --- [bika] [           main] org.hibernate.SQL                        : 
    select
        p1_0.id,
        p1_0.code,
        p1_0.company_id,
        p1_0.created_at,
        p1_0.created_by,
        p1_0.department_id,
        p1_0.description,
        p1_0.end_date,
        p1_0.is_active,
        p1_0.name,
        p1_0.start_date,
        p1_0.status,
        p1_0.updated_at,
        p1_0.updated_by 
    from
        projects p1_0
Hibernate: 
    select
        p1_0.id,
        p1_0.code,
        p1_0.company_id,
        p1_0.created_at,
        p1_0.created_by,
        p1_0.department_id,
        p1_0.description,
        p1_0.end_date,
        p1_0.is_active,
        p1_0.name,
        p1_0.start_date,
        p1_0.status,
        p1_0.updated_at,
        p1_0.updated_by 
    from
        projects p1_0
2025-07-08T20:07:39.167+02:00 DEBUG 2708 --- [bika] [           main] org.hibernate.SQL                        : 
    delete 
    from
        projects 
    where
        id=?
Hibernate: 
    delete 
    from
        projects 
    where
        id=?
2025-07-08T20:07:39.170+02:00 DEBUG 2708 --- [bika] [           main] org.hibernate.SQL                        : 
    select
        d1_0.id,
        d1_0.is_active,
        d1_0.code,
        d1_0.company_id,
        d1_0.created_at,
        d1_0.created_by,
        d1_0.name,
        d1_0.parent_id,
        d1_0.updated_at,
        d1_0.updated_by 
    from
        departments d1_0
Hibernate: 
    select
        d1_0.id,
        d1_0.is_active,
        d1_0.code,
        d1_0.company_id,
        d1_0.created_at,
        d1_0.created_by,
        d1_0.name,
        d1_0.parent_id,
        d1_0.updated_at,
        d1_0.updated_by 
    from
        departments d1_0
2025-07-08T20:07:39.173+02:00 DEBUG 2708 --- [bika] [           main] org.hibernate.SQL                        : 
    delete 
    from
        departments 
    where
        id=?
Hibernate: 
    delete 
    from
        departments 
    where
        id=?
2025-07-08T20:07:39.176+02:00 DEBUG 2708 --- [bika] [           main] org.hibernate.SQL                        : 
    select
        c1_0.id,
        c1_0.is_active,
        c1_0.address,
        c1_0.code,
        c1_0.created_at,
        c1_0.created_by,
        c1_0.description,
        c1_0.email,
        c1_0.name,
        c1_0.phone,
        c1_0.updated_at,
        c1_0.updated_by 
    from
        companies c1_0
Hibernate: 
    select
        c1_0.id,
        c1_0.is_active,
        c1_0.address,
        c1_0.code,
        c1_0.created_at,
        c1_0.created_by,
        c1_0.description,
        c1_0.email,
        c1_0.name,
        c1_0.phone,
        c1_0.updated_at,
        c1_0.updated_by 
    from
        companies c1_0
2025-07-08T20:07:39.178+02:00 DEBUG 2708 --- [bika] [           main] org.hibernate.SQL                        : 
    select
        d1_0.company_id,
        d1_0.id,
        d1_0.is_active,
        d1_0.code,
        d1_0.created_at,
        d1_0.created_by,
        d1_0.name,
        d1_0.parent_id,
        d1_0.updated_at,
        d1_0.updated_by 
    from
        departments d1_0 
    where
        d1_0.company_id=?
Hibernate: 
    select
        d1_0.company_id,
        d1_0.id,
        d1_0.is_active,
        d1_0.code,
        d1_0.created_at,
        d1_0.created_by,
        d1_0.name,
        d1_0.parent_id,
        d1_0.updated_at,
        d1_0.updated_by 
    from
        departments d1_0 
    where
        d1_0.company_id=?
2025-07-08T20:07:39.178+02:00 DEBUG 2708 --- [bika] [           main] org.hibernate.SQL                        : 
    delete 
    from
        companies 
    where
        id=?
Hibernate: 
    delete 
    from
        companies 
    where
        id=?
]]></system-out>
  </testcase>
  <testcase name="getTasksByCompany_ShouldFail_WhenCompanyNotFound" classname="com.bika.task.controller.TaskControllerIntegrationTest" time="0.321">
    <system-out><![CDATA[2025-07-08T20:07:39.185+02:00  INFO 2708 --- [bika] [           main] o.s.b.t.m.w.SpringBootMockServletContext : Initializing Spring TestDispatcherServlet ''
2025-07-08T20:07:39.185+02:00  INFO 2708 --- [bika] [           main] o.s.t.web.servlet.TestDispatcherServlet  : Initializing Servlet ''
2025-07-08T20:07:39.187+02:00  INFO 2708 --- [bika] [           main] o.s.t.web.servlet.TestDispatcherServlet  : Completed initialization in 2 ms
2025-07-08T20:07:39.188+02:00 DEBUG 2708 --- [bika] [           main] org.hibernate.SQL                        : 
    insert 
    into
        companies
        (is_active, address, code, created_at, created_by, description, email, name, phone, updated_at, updated_by, id) 
    values
        (?, ?, ?, ?, ?, ?, ?, ?, ?, ?, ?, default)
Hibernate: 
    insert 
    into
        companies
        (is_active, address, code, created_at, created_by, description, email, name, phone, updated_at, updated_by, id) 
    values
        (?, ?, ?, ?, ?, ?, ?, ?, ?, ?, ?, default)
2025-07-08T20:07:39.192+02:00 DEBUG 2708 --- [bika] [           main] org.hibernate.SQL                        : 
    insert 
    into
        departments
        (is_active, code, company_id, created_at, created_by, name, parent_id, updated_at, updated_by, id) 
    values
        (?, ?, ?, ?, ?, ?, ?, ?, ?, default)
Hibernate: 
    insert 
    into
        departments
        (is_active, code, company_id, created_at, created_by, name, parent_id, updated_at, updated_by, id) 
    values
        (?, ?, ?, ?, ?, ?, ?, ?, ?, default)
2025-07-08T20:07:39.202+02:00 DEBUG 2708 --- [bika] [           main] org.hibernate.SQL                        : 
    insert 
    into
        projects
        (code, company_id, created_at, created_by, department_id, description, end_date, is_active, name, start_date, status, updated_at, updated_by, id) 
    values
        (?, ?, ?, ?, ?, ?, ?, ?, ?, ?, ?, ?, ?, default)
Hibernate: 
    insert 
    into
        projects
        (code, company_id, created_at, created_by, department_id, description, end_date, is_active, name, start_date, status, updated_at, updated_by, id) 
    values
        (?, ?, ?, ?, ?, ?, ?, ?, ?, ?, ?, ?, ?, default)
2025-07-08T20:07:39.334+02:00 DEBUG 2708 --- [bika] [           main] org.hibernate.SQL                        : 
    insert 
    into
        users
        (is_active, company_id, created_at, created_by, department_id, email, first_name, last_login, last_name, password, role, updated_at, updated_by, username, id) 
    values
        (?, ?, ?, ?, ?, ?, ?, ?, ?, ?, ?, ?, ?, ?, default)
Hibernate: 
    insert 
    into
        users
        (is_active, company_id, created_at, created_by, department_id, email, first_name, last_login, last_name, password, role, updated_at, updated_by, username, id) 
    values
        (?, ?, ?, ?, ?, ?, ?, ?, ?, ?, ?, ?, ?, ?, default)
2025-07-08T20:07:39.472+02:00 DEBUG 2708 --- [bika] [           main] org.hibernate.SQL                        : 
    insert 
    into
        users
        (is_active, company_id, created_at, created_by, department_id, email, first_name, last_login, last_name, password, role, updated_at, updated_by, username, id) 
    values
        (?, ?, ?, ?, ?, ?, ?, ?, ?, ?, ?, ?, ?, ?, default)
Hibernate: 
    insert 
    into
        users
        (is_active, company_id, created_at, created_by, department_id, email, first_name, last_login, last_name, password, role, updated_at, updated_by, username, id) 
    values
        (?, ?, ?, ?, ?, ?, ?, ?, ?, ?, ?, ?, ?, ?, default)
2025-07-08T20:07:39.476+02:00 DEBUG 2708 --- [bika] [           main] org.hibernate.SQL                        : 
    select
        c1_0.id,
        c1_0.is_active,
        c1_0.address,
        c1_0.code,
        c1_0.created_at,
        c1_0.created_by,
        c1_0.description,
        c1_0.email,
        c1_0.name,
        c1_0.phone,
        c1_0.updated_at,
        c1_0.updated_by 
    from
        companies c1_0 
    where
        c1_0.id=?
Hibernate: 
    select
        c1_0.id,
        c1_0.is_active,
        c1_0.address,
        c1_0.code,
        c1_0.created_at,
        c1_0.created_by,
        c1_0.description,
        c1_0.email,
        c1_0.name,
        c1_0.phone,
        c1_0.updated_at,
        c1_0.updated_by 
    from
        companies c1_0 
    where
        c1_0.id=?
2025-07-08T20:07:39.484+02:00 DEBUG 2708 --- [bika] [           main] org.hibernate.SQL                        : 
    select
        t1_0.id,
        t1_0.assigned_to,
        t1_0.company_id,
        t1_0.completed_date,
        t1_0.created_at,
        t1_0.created_by,
        t1_0.creator_id,
        t1_0.department_id,
        t1_0.description,
        t1_0.due_date,
        t1_0.is_active,
        t1_0.priority,
        t1_0.project_id,
        t1_0.start_date,
        t1_0.status,
        t1_0.title,
        t1_0.updated_at,
        t1_0.updated_by 
    from
        tasks t1_0
Hibernate: 
    select
        t1_0.id,
        t1_0.assigned_to,
        t1_0.company_id,
        t1_0.completed_date,
        t1_0.created_at,
        t1_0.created_by,
        t1_0.creator_id,
        t1_0.department_id,
        t1_0.description,
        t1_0.due_date,
        t1_0.is_active,
        t1_0.priority,
        t1_0.project_id,
        t1_0.start_date,
        t1_0.status,
        t1_0.title,
        t1_0.updated_at,
        t1_0.updated_by 
    from
        tasks t1_0
2025-07-08T20:07:39.486+02:00 DEBUG 2708 --- [bika] [           main] org.hibernate.SQL                        : 
    select
        u1_0.id,
        u1_0.is_active,
        u1_0.company_id,
        u1_0.created_at,
        u1_0.created_by,
        u1_0.department_id,
        u1_0.email,
        u1_0.first_name,
        u1_0.last_login,
        u1_0.last_name,
        u1_0.password,
        u1_0.role,
        u1_0.updated_at,
        u1_0.updated_by,
        u1_0.username 
    from
        users u1_0
Hibernate: 
    select
        u1_0.id,
        u1_0.is_active,
        u1_0.company_id,
        u1_0.created_at,
        u1_0.created_by,
        u1_0.department_id,
        u1_0.email,
        u1_0.first_name,
        u1_0.last_login,
        u1_0.last_name,
        u1_0.password,
        u1_0.role,
        u1_0.updated_at,
        u1_0.updated_by,
        u1_0.username 
    from
        users u1_0
2025-07-08T20:07:39.488+02:00 DEBUG 2708 --- [bika] [           main] org.hibernate.SQL                        : 
    delete 
    from
        users 
    where
        id=?
Hibernate: 
    delete 
    from
        users 
    where
        id=?
2025-07-08T20:07:39.489+02:00 DEBUG 2708 --- [bika] [           main] org.hibernate.SQL                        : 
    delete 
    from
        users 
    where
        id=?
Hibernate: 
    delete 
    from
        users 
    where
        id=?
2025-07-08T20:07:39.491+02:00 DEBUG 2708 --- [bika] [           main] org.hibernate.SQL                        : 
    select
        p1_0.id,
        p1_0.code,
        p1_0.company_id,
        p1_0.created_at,
        p1_0.created_by,
        p1_0.department_id,
        p1_0.description,
        p1_0.end_date,
        p1_0.is_active,
        p1_0.name,
        p1_0.start_date,
        p1_0.status,
        p1_0.updated_at,
        p1_0.updated_by 
    from
        projects p1_0
Hibernate: 
    select
        p1_0.id,
        p1_0.code,
        p1_0.company_id,
        p1_0.created_at,
        p1_0.created_by,
        p1_0.department_id,
        p1_0.description,
        p1_0.end_date,
        p1_0.is_active,
        p1_0.name,
        p1_0.start_date,
        p1_0.status,
        p1_0.updated_at,
        p1_0.updated_by 
    from
        projects p1_0
2025-07-08T20:07:39.492+02:00 DEBUG 2708 --- [bika] [           main] org.hibernate.SQL                        : 
    delete 
    from
        projects 
    where
        id=?
Hibernate: 
    delete 
    from
        projects 
    where
        id=?
2025-07-08T20:07:39.494+02:00 DEBUG 2708 --- [bika] [           main] org.hibernate.SQL                        : 
    select
        d1_0.id,
        d1_0.is_active,
        d1_0.code,
        d1_0.company_id,
        d1_0.created_at,
        d1_0.created_by,
        d1_0.name,
        d1_0.parent_id,
        d1_0.updated_at,
        d1_0.updated_by 
    from
        departments d1_0
Hibernate: 
    select
        d1_0.id,
        d1_0.is_active,
        d1_0.code,
        d1_0.company_id,
        d1_0.created_at,
        d1_0.created_by,
        d1_0.name,
        d1_0.parent_id,
        d1_0.updated_at,
        d1_0.updated_by 
    from
        departments d1_0
2025-07-08T20:07:39.495+02:00 DEBUG 2708 --- [bika] [           main] org.hibernate.SQL                        : 
    delete 
    from
        departments 
    where
        id=?
Hibernate: 
    delete 
    from
        departments 
    where
        id=?
2025-07-08T20:07:39.497+02:00 DEBUG 2708 --- [bika] [           main] org.hibernate.SQL                        : 
    select
        c1_0.id,
        c1_0.is_active,
        c1_0.address,
        c1_0.code,
        c1_0.created_at,
        c1_0.created_by,
        c1_0.description,
        c1_0.email,
        c1_0.name,
        c1_0.phone,
        c1_0.updated_at,
        c1_0.updated_by 
    from
        companies c1_0
Hibernate: 
    select
        c1_0.id,
        c1_0.is_active,
        c1_0.address,
        c1_0.code,
        c1_0.created_at,
        c1_0.created_by,
        c1_0.description,
        c1_0.email,
        c1_0.name,
        c1_0.phone,
        c1_0.updated_at,
        c1_0.updated_by 
    from
        companies c1_0
2025-07-08T20:07:39.498+02:00 DEBUG 2708 --- [bika] [           main] org.hibernate.SQL                        : 
    select
        d1_0.company_id,
        d1_0.id,
        d1_0.is_active,
        d1_0.code,
        d1_0.created_at,
        d1_0.created_by,
        d1_0.name,
        d1_0.parent_id,
        d1_0.updated_at,
        d1_0.updated_by 
    from
        departments d1_0 
    where
        d1_0.company_id=?
Hibernate: 
    select
        d1_0.company_id,
        d1_0.id,
        d1_0.is_active,
        d1_0.code,
        d1_0.created_at,
        d1_0.created_by,
        d1_0.name,
        d1_0.parent_id,
        d1_0.updated_at,
        d1_0.updated_by 
    from
        departments d1_0 
    where
        d1_0.company_id=?
2025-07-08T20:07:39.498+02:00 DEBUG 2708 --- [bika] [           main] org.hibernate.SQL                        : 
    delete 
    from
        companies 
    where
        id=?
Hibernate: 
    delete 
    from
        companies 
    where
        id=?
]]></system-out>
  </testcase>
  <testcase name="assignTask_ShouldFail_WhenUser" classname="com.bika.task.controller.TaskControllerIntegrationTest" time="0.3">
    <system-out><![CDATA[2025-07-08T20:07:39.507+02:00  INFO 2708 --- [bika] [           main] o.s.b.t.m.w.SpringBootMockServletContext : Initializing Spring TestDispatcherServlet ''
2025-07-08T20:07:39.508+02:00  INFO 2708 --- [bika] [           main] o.s.t.web.servlet.TestDispatcherServlet  : Initializing Servlet ''
2025-07-08T20:07:39.510+02:00  INFO 2708 --- [bika] [           main] o.s.t.web.servlet.TestDispatcherServlet  : Completed initialization in 2 ms
2025-07-08T20:07:39.510+02:00 DEBUG 2708 --- [bika] [           main] org.hibernate.SQL                        : 
    insert 
    into
        companies
        (is_active, address, code, created_at, created_by, description, email, name, phone, updated_at, updated_by, id) 
    values
        (?, ?, ?, ?, ?, ?, ?, ?, ?, ?, ?, default)
Hibernate: 
    insert 
    into
        companies
        (is_active, address, code, created_at, created_by, description, email, name, phone, updated_at, updated_by, id) 
    values
        (?, ?, ?, ?, ?, ?, ?, ?, ?, ?, ?, default)
2025-07-08T20:07:39.513+02:00 DEBUG 2708 --- [bika] [           main] org.hibernate.SQL                        : 
    insert 
    into
        departments
        (is_active, code, company_id, created_at, created_by, name, parent_id, updated_at, updated_by, id) 
    values
        (?, ?, ?, ?, ?, ?, ?, ?, ?, default)
Hibernate: 
    insert 
    into
        departments
        (is_active, code, company_id, created_at, created_by, name, parent_id, updated_at, updated_by, id) 
    values
        (?, ?, ?, ?, ?, ?, ?, ?, ?, default)
2025-07-08T20:07:39.516+02:00 DEBUG 2708 --- [bika] [           main] org.hibernate.SQL                        : 
    insert 
    into
        projects
        (code, company_id, created_at, created_by, department_id, description, end_date, is_active, name, start_date, status, updated_at, updated_by, id) 
    values
        (?, ?, ?, ?, ?, ?, ?, ?, ?, ?, ?, ?, ?, default)
Hibernate: 
    insert 
    into
        projects
        (code, company_id, created_at, created_by, department_id, description, end_date, is_active, name, start_date, status, updated_at, updated_by, id) 
    values
        (?, ?, ?, ?, ?, ?, ?, ?, ?, ?, ?, ?, ?, default)
2025-07-08T20:07:39.667+02:00 DEBUG 2708 --- [bika] [           main] org.hibernate.SQL                        : 
    insert 
    into
        users
        (is_active, company_id, created_at, created_by, department_id, email, first_name, last_login, last_name, password, role, updated_at, updated_by, username, id) 
    values
        (?, ?, ?, ?, ?, ?, ?, ?, ?, ?, ?, ?, ?, ?, default)
Hibernate: 
    insert 
    into
        users
        (is_active, company_id, created_at, created_by, department_id, email, first_name, last_login, last_name, password, role, updated_at, updated_by, username, id) 
    values
        (?, ?, ?, ?, ?, ?, ?, ?, ?, ?, ?, ?, ?, ?, default)
2025-07-08T20:07:39.781+02:00 DEBUG 2708 --- [bika] [           main] org.hibernate.SQL                        : 
    insert 
    into
        users
        (is_active, company_id, created_at, created_by, department_id, email, first_name, last_login, last_name, password, role, updated_at, updated_by, username, id) 
    values
        (?, ?, ?, ?, ?, ?, ?, ?, ?, ?, ?, ?, ?, ?, default)
Hibernate: 
    insert 
    into
        users
        (is_active, company_id, created_at, created_by, department_id, email, first_name, last_login, last_name, password, role, updated_at, updated_by, username, id) 
    values
        (?, ?, ?, ?, ?, ?, ?, ?, ?, ?, ?, ?, ?, ?, default)
2025-07-08T20:07:39.786+02:00 DEBUG 2708 --- [bika] [           main] org.hibernate.SQL                        : 
    select
        t1_0.id,
        t1_0.assigned_to,
        t1_0.company_id,
        t1_0.completed_date,
        t1_0.created_at,
        t1_0.created_by,
        t1_0.creator_id,
        t1_0.department_id,
        t1_0.description,
        t1_0.due_date,
        t1_0.is_active,
        t1_0.priority,
        t1_0.project_id,
        t1_0.start_date,
        t1_0.status,
        t1_0.title,
        t1_0.updated_at,
        t1_0.updated_by 
    from
        tasks t1_0
Hibernate: 
    select
        t1_0.id,
        t1_0.assigned_to,
        t1_0.company_id,
        t1_0.completed_date,
        t1_0.created_at,
        t1_0.created_by,
        t1_0.creator_id,
        t1_0.department_id,
        t1_0.description,
        t1_0.due_date,
        t1_0.is_active,
        t1_0.priority,
        t1_0.project_id,
        t1_0.start_date,
        t1_0.status,
        t1_0.title,
        t1_0.updated_at,
        t1_0.updated_by 
    from
        tasks t1_0
2025-07-08T20:07:39.789+02:00 DEBUG 2708 --- [bika] [           main] org.hibernate.SQL                        : 
    select
        u1_0.id,
        u1_0.is_active,
        u1_0.company_id,
        u1_0.created_at,
        u1_0.created_by,
        u1_0.department_id,
        u1_0.email,
        u1_0.first_name,
        u1_0.last_login,
        u1_0.last_name,
        u1_0.password,
        u1_0.role,
        u1_0.updated_at,
        u1_0.updated_by,
        u1_0.username 
    from
        users u1_0
Hibernate: 
    select
        u1_0.id,
        u1_0.is_active,
        u1_0.company_id,
        u1_0.created_at,
        u1_0.created_by,
        u1_0.department_id,
        u1_0.email,
        u1_0.first_name,
        u1_0.last_login,
        u1_0.last_name,
        u1_0.password,
        u1_0.role,
        u1_0.updated_at,
        u1_0.updated_by,
        u1_0.username 
    from
        users u1_0
2025-07-08T20:07:39.790+02:00 DEBUG 2708 --- [bika] [           main] org.hibernate.SQL                        : 
    delete 
    from
        users 
    where
        id=?
Hibernate: 
    delete 
    from
        users 
    where
        id=?
2025-07-08T20:07:39.790+02:00 DEBUG 2708 --- [bika] [           main] org.hibernate.SQL                        : 
    delete 
    from
        users 
    where
        id=?
Hibernate: 
    delete 
    from
        users 
    where
        id=?
2025-07-08T20:07:39.793+02:00 DEBUG 2708 --- [bika] [           main] org.hibernate.SQL                        : 
    select
        p1_0.id,
        p1_0.code,
        p1_0.company_id,
        p1_0.created_at,
        p1_0.created_by,
        p1_0.department_id,
        p1_0.description,
        p1_0.end_date,
        p1_0.is_active,
        p1_0.name,
        p1_0.start_date,
        p1_0.status,
        p1_0.updated_at,
        p1_0.updated_by 
    from
        projects p1_0
Hibernate: 
    select
        p1_0.id,
        p1_0.code,
        p1_0.company_id,
        p1_0.created_at,
        p1_0.created_by,
        p1_0.department_id,
        p1_0.description,
        p1_0.end_date,
        p1_0.is_active,
        p1_0.name,
        p1_0.start_date,
        p1_0.status,
        p1_0.updated_at,
        p1_0.updated_by 
    from
        projects p1_0
2025-07-08T20:07:39.793+02:00 DEBUG 2708 --- [bika] [           main] org.hibernate.SQL                        : 
    delete 
    from
        projects 
    where
        id=?
Hibernate: 
    delete 
    from
        projects 
    where
        id=?
2025-07-08T20:07:39.795+02:00 DEBUG 2708 --- [bika] [           main] org.hibernate.SQL                        : 
    select
        d1_0.id,
        d1_0.is_active,
        d1_0.code,
        d1_0.company_id,
        d1_0.created_at,
        d1_0.created_by,
        d1_0.name,
        d1_0.parent_id,
        d1_0.updated_at,
        d1_0.updated_by 
    from
        departments d1_0
Hibernate: 
    select
        d1_0.id,
        d1_0.is_active,
        d1_0.code,
        d1_0.company_id,
        d1_0.created_at,
        d1_0.created_by,
        d1_0.name,
        d1_0.parent_id,
        d1_0.updated_at,
        d1_0.updated_by 
    from
        departments d1_0
2025-07-08T20:07:39.797+02:00 DEBUG 2708 --- [bika] [           main] org.hibernate.SQL                        : 
    delete 
    from
        departments 
    where
        id=?
Hibernate: 
    delete 
    from
        departments 
    where
        id=?
2025-07-08T20:07:39.798+02:00 DEBUG 2708 --- [bika] [           main] org.hibernate.SQL                        : 
    select
        c1_0.id,
        c1_0.is_active,
        c1_0.address,
        c1_0.code,
        c1_0.created_at,
        c1_0.created_by,
        c1_0.description,
        c1_0.email,
        c1_0.name,
        c1_0.phone,
        c1_0.updated_at,
        c1_0.updated_by 
    from
        companies c1_0
Hibernate: 
    select
        c1_0.id,
        c1_0.is_active,
        c1_0.address,
        c1_0.code,
        c1_0.created_at,
        c1_0.created_by,
        c1_0.description,
        c1_0.email,
        c1_0.name,
        c1_0.phone,
        c1_0.updated_at,
        c1_0.updated_by 
    from
        companies c1_0
2025-07-08T20:07:39.798+02:00 DEBUG 2708 --- [bika] [           main] org.hibernate.SQL                        : 
    select
        d1_0.company_id,
        d1_0.id,
        d1_0.is_active,
        d1_0.code,
        d1_0.created_at,
        d1_0.created_by,
        d1_0.name,
        d1_0.parent_id,
        d1_0.updated_at,
        d1_0.updated_by 
    from
        departments d1_0 
    where
        d1_0.company_id=?
Hibernate: 
    select
        d1_0.company_id,
        d1_0.id,
        d1_0.is_active,
        d1_0.code,
        d1_0.created_at,
        d1_0.created_by,
        d1_0.name,
        d1_0.parent_id,
        d1_0.updated_at,
        d1_0.updated_by 
    from
        departments d1_0 
    where
        d1_0.company_id=?
2025-07-08T20:07:39.801+02:00 DEBUG 2708 --- [bika] [           main] org.hibernate.SQL                        : 
    delete 
    from
        companies 
    where
        id=?
Hibernate: 
    delete 
    from
        companies 
    where
        id=?
]]></system-out>
  </testcase>
  <testcase name="getAllTasks_ShouldFail_WhenUser" classname="com.bika.task.controller.TaskControllerIntegrationTest" time="0.277">
    <system-out><![CDATA[2025-07-08T20:07:39.810+02:00  INFO 2708 --- [bika] [           main] o.s.b.t.m.w.SpringBootMockServletContext : Initializing Spring TestDispatcherServlet ''
2025-07-08T20:07:39.810+02:00  INFO 2708 --- [bika] [           main] o.s.t.web.servlet.TestDispatcherServlet  : Initializing Servlet ''
2025-07-08T20:07:39.812+02:00  INFO 2708 --- [bika] [           main] o.s.t.web.servlet.TestDispatcherServlet  : Completed initialization in 2 ms
2025-07-08T20:07:39.813+02:00 DEBUG 2708 --- [bika] [           main] org.hibernate.SQL                        : 
    insert 
    into
        companies
        (is_active, address, code, created_at, created_by, description, email, name, phone, updated_at, updated_by, id) 
    values
        (?, ?, ?, ?, ?, ?, ?, ?, ?, ?, ?, default)
Hibernate: 
    insert 
    into
        companies
        (is_active, address, code, created_at, created_by, description, email, name, phone, updated_at, updated_by, id) 
    values
        (?, ?, ?, ?, ?, ?, ?, ?, ?, ?, ?, default)
2025-07-08T20:07:39.815+02:00 DEBUG 2708 --- [bika] [           main] org.hibernate.SQL                        : 
    insert 
    into
        departments
        (is_active, code, company_id, created_at, created_by, name, parent_id, updated_at, updated_by, id) 
    values
        (?, ?, ?, ?, ?, ?, ?, ?, ?, default)
Hibernate: 
    insert 
    into
        departments
        (is_active, code, company_id, created_at, created_by, name, parent_id, updated_at, updated_by, id) 
    values
        (?, ?, ?, ?, ?, ?, ?, ?, ?, default)
2025-07-08T20:07:39.818+02:00 DEBUG 2708 --- [bika] [           main] org.hibernate.SQL                        : 
    insert 
    into
        projects
        (code, company_id, created_at, created_by, department_id, description, end_date, is_active, name, start_date, status, updated_at, updated_by, id) 
    values
        (?, ?, ?, ?, ?, ?, ?, ?, ?, ?, ?, ?, ?, default)
Hibernate: 
    insert 
    into
        projects
        (code, company_id, created_at, created_by, department_id, description, end_date, is_active, name, start_date, status, updated_at, updated_by, id) 
    values
        (?, ?, ?, ?, ?, ?, ?, ?, ?, ?, ?, ?, ?, default)
2025-07-08T20:07:39.957+02:00 DEBUG 2708 --- [bika] [           main] org.hibernate.SQL                        : 
    insert 
    into
        users
        (is_active, company_id, created_at, created_by, department_id, email, first_name, last_login, last_name, password, role, updated_at, updated_by, username, id) 
    values
        (?, ?, ?, ?, ?, ?, ?, ?, ?, ?, ?, ?, ?, ?, default)
Hibernate: 
    insert 
    into
        users
        (is_active, company_id, created_at, created_by, department_id, email, first_name, last_login, last_name, password, role, updated_at, updated_by, username, id) 
    values
        (?, ?, ?, ?, ?, ?, ?, ?, ?, ?, ?, ?, ?, ?, default)
2025-07-08T20:07:40.060+02:00 DEBUG 2708 --- [bika] [           main] org.hibernate.SQL                        : 
    insert 
    into
        users
        (is_active, company_id, created_at, created_by, department_id, email, first_name, last_login, last_name, password, role, updated_at, updated_by, username, id) 
    values
        (?, ?, ?, ?, ?, ?, ?, ?, ?, ?, ?, ?, ?, ?, default)
Hibernate: 
    insert 
    into
        users
        (is_active, company_id, created_at, created_by, department_id, email, first_name, last_login, last_name, password, role, updated_at, updated_by, username, id) 
    values
        (?, ?, ?, ?, ?, ?, ?, ?, ?, ?, ?, ?, ?, ?, default)
2025-07-08T20:07:40.065+02:00 DEBUG 2708 --- [bika] [           main] org.hibernate.SQL                        : 
    select
        t1_0.id,
        t1_0.assigned_to,
        t1_0.company_id,
        t1_0.completed_date,
        t1_0.created_at,
        t1_0.created_by,
        t1_0.creator_id,
        t1_0.department_id,
        t1_0.description,
        t1_0.due_date,
        t1_0.is_active,
        t1_0.priority,
        t1_0.project_id,
        t1_0.start_date,
        t1_0.status,
        t1_0.title,
        t1_0.updated_at,
        t1_0.updated_by 
    from
        tasks t1_0
Hibernate: 
    select
        t1_0.id,
        t1_0.assigned_to,
        t1_0.company_id,
        t1_0.completed_date,
        t1_0.created_at,
        t1_0.created_by,
        t1_0.creator_id,
        t1_0.department_id,
        t1_0.description,
        t1_0.due_date,
        t1_0.is_active,
        t1_0.priority,
        t1_0.project_id,
        t1_0.start_date,
        t1_0.status,
        t1_0.title,
        t1_0.updated_at,
        t1_0.updated_by 
    from
        tasks t1_0
2025-07-08T20:07:40.067+02:00 DEBUG 2708 --- [bika] [           main] org.hibernate.SQL                        : 
    select
        u1_0.id,
        u1_0.is_active,
        u1_0.company_id,
        u1_0.created_at,
        u1_0.created_by,
        u1_0.department_id,
        u1_0.email,
        u1_0.first_name,
        u1_0.last_login,
        u1_0.last_name,
        u1_0.password,
        u1_0.role,
        u1_0.updated_at,
        u1_0.updated_by,
        u1_0.username 
    from
        users u1_0
Hibernate: 
    select
        u1_0.id,
        u1_0.is_active,
        u1_0.company_id,
        u1_0.created_at,
        u1_0.created_by,
        u1_0.department_id,
        u1_0.email,
        u1_0.first_name,
        u1_0.last_login,
        u1_0.last_name,
        u1_0.password,
        u1_0.role,
        u1_0.updated_at,
        u1_0.updated_by,
        u1_0.username 
    from
        users u1_0
2025-07-08T20:07:40.070+02:00 DEBUG 2708 --- [bika] [           main] org.hibernate.SQL                        : 
    delete 
    from
        users 
    where
        id=?
Hibernate: 
    delete 
    from
        users 
    where
        id=?
2025-07-08T20:07:40.071+02:00 DEBUG 2708 --- [bika] [           main] org.hibernate.SQL                        : 
    delete 
    from
        users 
    where
        id=?
Hibernate: 
    delete 
    from
        users 
    where
        id=?
2025-07-08T20:07:40.072+02:00 DEBUG 2708 --- [bika] [           main] org.hibernate.SQL                        : 
    select
        p1_0.id,
        p1_0.code,
        p1_0.company_id,
        p1_0.created_at,
        p1_0.created_by,
        p1_0.department_id,
        p1_0.description,
        p1_0.end_date,
        p1_0.is_active,
        p1_0.name,
        p1_0.start_date,
        p1_0.status,
        p1_0.updated_at,
        p1_0.updated_by 
    from
        projects p1_0
Hibernate: 
    select
        p1_0.id,
        p1_0.code,
        p1_0.company_id,
        p1_0.created_at,
        p1_0.created_by,
        p1_0.department_id,
        p1_0.description,
        p1_0.end_date,
        p1_0.is_active,
        p1_0.name,
        p1_0.start_date,
        p1_0.status,
        p1_0.updated_at,
        p1_0.updated_by 
    from
        projects p1_0
2025-07-08T20:07:40.073+02:00 DEBUG 2708 --- [bika] [           main] org.hibernate.SQL                        : 
    delete 
    from
        projects 
    where
        id=?
Hibernate: 
    delete 
    from
        projects 
    where
        id=?
2025-07-08T20:07:40.074+02:00 DEBUG 2708 --- [bika] [           main] org.hibernate.SQL                        : 
    select
        d1_0.id,
        d1_0.is_active,
        d1_0.code,
        d1_0.company_id,
        d1_0.created_at,
        d1_0.created_by,
        d1_0.name,
        d1_0.parent_id,
        d1_0.updated_at,
        d1_0.updated_by 
    from
        departments d1_0
Hibernate: 
    select
        d1_0.id,
        d1_0.is_active,
        d1_0.code,
        d1_0.company_id,
        d1_0.created_at,
        d1_0.created_by,
        d1_0.name,
        d1_0.parent_id,
        d1_0.updated_at,
        d1_0.updated_by 
    from
        departments d1_0
2025-07-08T20:07:40.075+02:00 DEBUG 2708 --- [bika] [           main] org.hibernate.SQL                        : 
    delete 
    from
        departments 
    where
        id=?
Hibernate: 
    delete 
    from
        departments 
    where
        id=?
2025-07-08T20:07:40.076+02:00 DEBUG 2708 --- [bika] [           main] org.hibernate.SQL                        : 
    select
        c1_0.id,
        c1_0.is_active,
        c1_0.address,
        c1_0.code,
        c1_0.created_at,
        c1_0.created_by,
        c1_0.description,
        c1_0.email,
        c1_0.name,
        c1_0.phone,
        c1_0.updated_at,
        c1_0.updated_by 
    from
        companies c1_0
Hibernate: 
    select
        c1_0.id,
        c1_0.is_active,
        c1_0.address,
        c1_0.code,
        c1_0.created_at,
        c1_0.created_by,
        c1_0.description,
        c1_0.email,
        c1_0.name,
        c1_0.phone,
        c1_0.updated_at,
        c1_0.updated_by 
    from
        companies c1_0
2025-07-08T20:07:40.078+02:00 DEBUG 2708 --- [bika] [           main] org.hibernate.SQL                        : 
    select
        d1_0.company_id,
        d1_0.id,
        d1_0.is_active,
        d1_0.code,
        d1_0.created_at,
        d1_0.created_by,
        d1_0.name,
        d1_0.parent_id,
        d1_0.updated_at,
        d1_0.updated_by 
    from
        departments d1_0 
    where
        d1_0.company_id=?
Hibernate: 
    select
        d1_0.company_id,
        d1_0.id,
        d1_0.is_active,
        d1_0.code,
        d1_0.created_at,
        d1_0.created_by,
        d1_0.name,
        d1_0.parent_id,
        d1_0.updated_at,
        d1_0.updated_by 
    from
        departments d1_0 
    where
        d1_0.company_id=?
2025-07-08T20:07:40.078+02:00 DEBUG 2708 --- [bika] [           main] org.hibernate.SQL                        : 
    delete 
    from
        companies 
    where
        id=?
Hibernate: 
    delete 
    from
        companies 
    where
        id=?
]]></system-out>
  </testcase>
  <testcase name="getTasksByProject_ShouldSucceed_WhenAdmin" classname="com.bika.task.controller.TaskControllerIntegrationTest" time="0.295">
    <system-out><![CDATA[2025-07-08T20:07:40.097+02:00  INFO 2708 --- [bika] [           main] o.s.b.t.m.w.SpringBootMockServletContext : Initializing Spring TestDispatcherServlet ''
2025-07-08T20:07:40.097+02:00  INFO 2708 --- [bika] [           main] o.s.t.web.servlet.TestDispatcherServlet  : Initializing Servlet ''
2025-07-08T20:07:40.100+02:00  INFO 2708 --- [bika] [           main] o.s.t.web.servlet.TestDispatcherServlet  : Completed initialization in 3 ms
2025-07-08T20:07:40.101+02:00 DEBUG 2708 --- [bika] [           main] org.hibernate.SQL                        : 
    insert 
    into
        companies
        (is_active, address, code, created_at, created_by, description, email, name, phone, updated_at, updated_by, id) 
    values
        (?, ?, ?, ?, ?, ?, ?, ?, ?, ?, ?, default)
Hibernate: 
    insert 
    into
        companies
        (is_active, address, code, created_at, created_by, description, email, name, phone, updated_at, updated_by, id) 
    values
        (?, ?, ?, ?, ?, ?, ?, ?, ?, ?, ?, default)
2025-07-08T20:07:40.104+02:00 DEBUG 2708 --- [bika] [           main] org.hibernate.SQL                        : 
    insert 
    into
        departments
        (is_active, code, company_id, created_at, created_by, name, parent_id, updated_at, updated_by, id) 
    values
        (?, ?, ?, ?, ?, ?, ?, ?, ?, default)
Hibernate: 
    insert 
    into
        departments
        (is_active, code, company_id, created_at, created_by, name, parent_id, updated_at, updated_by, id) 
    values
        (?, ?, ?, ?, ?, ?, ?, ?, ?, default)
2025-07-08T20:07:40.106+02:00 DEBUG 2708 --- [bika] [           main] org.hibernate.SQL                        : 
    insert 
    into
        projects
        (code, company_id, created_at, created_by, department_id, description, end_date, is_active, name, start_date, status, updated_at, updated_by, id) 
    values
        (?, ?, ?, ?, ?, ?, ?, ?, ?, ?, ?, ?, ?, default)
Hibernate: 
    insert 
    into
        projects
        (code, company_id, created_at, created_by, department_id, description, end_date, is_active, name, start_date, status, updated_at, updated_by, id) 
    values
        (?, ?, ?, ?, ?, ?, ?, ?, ?, ?, ?, ?, ?, default)
2025-07-08T20:07:40.236+02:00 DEBUG 2708 --- [bika] [           main] org.hibernate.SQL                        : 
    insert 
    into
        users
        (is_active, company_id, created_at, created_by, department_id, email, first_name, last_login, last_name, password, role, updated_at, updated_by, username, id) 
    values
        (?, ?, ?, ?, ?, ?, ?, ?, ?, ?, ?, ?, ?, ?, default)
Hibernate: 
    insert 
    into
        users
        (is_active, company_id, created_at, created_by, department_id, email, first_name, last_login, last_name, password, role, updated_at, updated_by, username, id) 
    values
        (?, ?, ?, ?, ?, ?, ?, ?, ?, ?, ?, ?, ?, ?, default)
2025-07-08T20:07:40.361+02:00 DEBUG 2708 --- [bika] [           main] org.hibernate.SQL                        : 
    insert 
    into
        users
        (is_active, company_id, created_at, created_by, department_id, email, first_name, last_login, last_name, password, role, updated_at, updated_by, username, id) 
    values
        (?, ?, ?, ?, ?, ?, ?, ?, ?, ?, ?, ?, ?, ?, default)
Hibernate: 
    insert 
    into
        users
        (is_active, company_id, created_at, created_by, department_id, email, first_name, last_login, last_name, password, role, updated_at, updated_by, username, id) 
    values
        (?, ?, ?, ?, ?, ?, ?, ?, ?, ?, ?, ?, ?, ?, default)
2025-07-08T20:07:40.365+02:00 DEBUG 2708 --- [bika] [           main] org.hibernate.SQL                        : 
    select
        p1_0.id,
        p1_0.code,
        p1_0.company_id,
        p1_0.created_at,
        p1_0.created_by,
        p1_0.department_id,
        p1_0.description,
        p1_0.end_date,
        p1_0.is_active,
        p1_0.name,
        p1_0.start_date,
        p1_0.status,
        p1_0.updated_at,
        p1_0.updated_by 
    from
        projects p1_0 
    where
        p1_0.id=?
Hibernate: 
    select
        p1_0.id,
        p1_0.code,
        p1_0.company_id,
        p1_0.created_at,
        p1_0.created_by,
        p1_0.department_id,
        p1_0.description,
        p1_0.end_date,
        p1_0.is_active,
        p1_0.name,
        p1_0.start_date,
        p1_0.status,
        p1_0.updated_at,
        p1_0.updated_by 
    from
        projects p1_0 
    where
        p1_0.id=?
2025-07-08T20:07:40.368+02:00 DEBUG 2708 --- [bika] [           main] org.hibernate.SQL                        : 
    select
        t1_0.id,
        t1_0.assigned_to,
        t1_0.company_id,
        t1_0.completed_date,
        t1_0.created_at,
        t1_0.created_by,
        t1_0.creator_id,
        t1_0.department_id,
        t1_0.description,
        t1_0.due_date,
        t1_0.is_active,
        t1_0.priority,
        t1_0.project_id,
        t1_0.start_date,
        t1_0.status,
        t1_0.title,
        t1_0.updated_at,
        t1_0.updated_by 
    from
        tasks t1_0 
    where
        t1_0.project_id=?
Hibernate: 
    select
        t1_0.id,
        t1_0.assigned_to,
        t1_0.company_id,
        t1_0.completed_date,
        t1_0.created_at,
        t1_0.created_by,
        t1_0.creator_id,
        t1_0.department_id,
        t1_0.description,
        t1_0.due_date,
        t1_0.is_active,
        t1_0.priority,
        t1_0.project_id,
        t1_0.start_date,
        t1_0.status,
        t1_0.title,
        t1_0.updated_at,
        t1_0.updated_by 
    from
        tasks t1_0 
    where
        t1_0.project_id=?
2025-07-08T20:07:40.371+02:00 DEBUG 2708 --- [bika] [           main] org.hibernate.SQL                        : 
    select
        t1_0.id,
        t1_0.assigned_to,
        t1_0.company_id,
        t1_0.completed_date,
        t1_0.created_at,
        t1_0.created_by,
        t1_0.creator_id,
        t1_0.department_id,
        t1_0.description,
        t1_0.due_date,
        t1_0.is_active,
        t1_0.priority,
        t1_0.project_id,
        t1_0.start_date,
        t1_0.status,
        t1_0.title,
        t1_0.updated_at,
        t1_0.updated_by 
    from
        tasks t1_0
Hibernate: 
    select
        t1_0.id,
        t1_0.assigned_to,
        t1_0.company_id,
        t1_0.completed_date,
        t1_0.created_at,
        t1_0.created_by,
        t1_0.creator_id,
        t1_0.department_id,
        t1_0.description,
        t1_0.due_date,
        t1_0.is_active,
        t1_0.priority,
        t1_0.project_id,
        t1_0.start_date,
        t1_0.status,
        t1_0.title,
        t1_0.updated_at,
        t1_0.updated_by 
    from
        tasks t1_0
2025-07-08T20:07:40.373+02:00 DEBUG 2708 --- [bika] [           main] org.hibernate.SQL                        : 
    select
        u1_0.id,
        u1_0.is_active,
        u1_0.company_id,
        u1_0.created_at,
        u1_0.created_by,
        u1_0.department_id,
        u1_0.email,
        u1_0.first_name,
        u1_0.last_login,
        u1_0.last_name,
        u1_0.password,
        u1_0.role,
        u1_0.updated_at,
        u1_0.updated_by,
        u1_0.username 
    from
        users u1_0
Hibernate: 
    select
        u1_0.id,
        u1_0.is_active,
        u1_0.company_id,
        u1_0.created_at,
        u1_0.created_by,
        u1_0.department_id,
        u1_0.email,
        u1_0.first_name,
        u1_0.last_login,
        u1_0.last_name,
        u1_0.password,
        u1_0.role,
        u1_0.updated_at,
        u1_0.updated_by,
        u1_0.username 
    from
        users u1_0
2025-07-08T20:07:40.375+02:00 DEBUG 2708 --- [bika] [           main] org.hibernate.SQL                        : 
    delete 
    from
        users 
    where
        id=?
Hibernate: 
    delete 
    from
        users 
    where
        id=?
2025-07-08T20:07:40.375+02:00 DEBUG 2708 --- [bika] [           main] org.hibernate.SQL                        : 
    delete 
    from
        users 
    where
        id=?
Hibernate: 
    delete 
    from
        users 
    where
        id=?
2025-07-08T20:07:40.377+02:00 DEBUG 2708 --- [bika] [           main] org.hibernate.SQL                        : 
    select
        p1_0.id,
        p1_0.code,
        p1_0.company_id,
        p1_0.created_at,
        p1_0.created_by,
        p1_0.department_id,
        p1_0.description,
        p1_0.end_date,
        p1_0.is_active,
        p1_0.name,
        p1_0.start_date,
        p1_0.status,
        p1_0.updated_at,
        p1_0.updated_by 
    from
        projects p1_0
Hibernate: 
    select
        p1_0.id,
        p1_0.code,
        p1_0.company_id,
        p1_0.created_at,
        p1_0.created_by,
        p1_0.department_id,
        p1_0.description,
        p1_0.end_date,
        p1_0.is_active,
        p1_0.name,
        p1_0.start_date,
        p1_0.status,
        p1_0.updated_at,
        p1_0.updated_by 
    from
        projects p1_0
2025-07-08T20:07:40.378+02:00 DEBUG 2708 --- [bika] [           main] org.hibernate.SQL                        : 
    delete 
    from
        projects 
    where
        id=?
Hibernate: 
    delete 
    from
        projects 
    where
        id=?
2025-07-08T20:07:40.380+02:00 DEBUG 2708 --- [bika] [           main] org.hibernate.SQL                        : 
    select
        d1_0.id,
        d1_0.is_active,
        d1_0.code,
        d1_0.company_id,
        d1_0.created_at,
        d1_0.created_by,
        d1_0.name,
        d1_0.parent_id,
        d1_0.updated_at,
        d1_0.updated_by 
    from
        departments d1_0
Hibernate: 
    select
        d1_0.id,
        d1_0.is_active,
        d1_0.code,
        d1_0.company_id,
        d1_0.created_at,
        d1_0.created_by,
        d1_0.name,
        d1_0.parent_id,
        d1_0.updated_at,
        d1_0.updated_by 
    from
        departments d1_0
2025-07-08T20:07:40.382+02:00 DEBUG 2708 --- [bika] [           main] org.hibernate.SQL                        : 
    delete 
    from
        departments 
    where
        id=?
Hibernate: 
    delete 
    from
        departments 
    where
        id=?
2025-07-08T20:07:40.384+02:00 DEBUG 2708 --- [bika] [           main] org.hibernate.SQL                        : 
    select
        c1_0.id,
        c1_0.is_active,
        c1_0.address,
        c1_0.code,
        c1_0.created_at,
        c1_0.created_by,
        c1_0.description,
        c1_0.email,
        c1_0.name,
        c1_0.phone,
        c1_0.updated_at,
        c1_0.updated_by 
    from
        companies c1_0
Hibernate: 
    select
        c1_0.id,
        c1_0.is_active,
        c1_0.address,
        c1_0.code,
        c1_0.created_at,
        c1_0.created_by,
        c1_0.description,
        c1_0.email,
        c1_0.name,
        c1_0.phone,
        c1_0.updated_at,
        c1_0.updated_by 
    from
        companies c1_0
2025-07-08T20:07:40.385+02:00 DEBUG 2708 --- [bika] [           main] org.hibernate.SQL                        : 
    select
        d1_0.company_id,
        d1_0.id,
        d1_0.is_active,
        d1_0.code,
        d1_0.created_at,
        d1_0.created_by,
        d1_0.name,
        d1_0.parent_id,
        d1_0.updated_at,
        d1_0.updated_by 
    from
        departments d1_0 
    where
        d1_0.company_id=?
Hibernate: 
    select
        d1_0.company_id,
        d1_0.id,
        d1_0.is_active,
        d1_0.code,
        d1_0.created_at,
        d1_0.created_by,
        d1_0.name,
        d1_0.parent_id,
        d1_0.updated_at,
        d1_0.updated_by 
    from
        departments d1_0 
    where
        d1_0.company_id=?
2025-07-08T20:07:40.386+02:00 DEBUG 2708 --- [bika] [           main] org.hibernate.SQL                        : 
    delete 
    from
        companies 
    where
        id=?
Hibernate: 
    delete 
    from
        companies 
    where
        id=?
]]></system-out>
  </testcase>
  <testcase name="getTasksByCompany_ShouldSucceed_WhenAdmin" classname="com.bika.task.controller.TaskControllerIntegrationTest" time="0.298">
    <system-out><![CDATA[2025-07-08T20:07:40.393+02:00  INFO 2708 --- [bika] [           main] o.s.b.t.m.w.SpringBootMockServletContext : Initializing Spring TestDispatcherServlet ''
2025-07-08T20:07:40.393+02:00  INFO 2708 --- [bika] [           main] o.s.t.web.servlet.TestDispatcherServlet  : Initializing Servlet ''
2025-07-08T20:07:40.395+02:00  INFO 2708 --- [bika] [           main] o.s.t.web.servlet.TestDispatcherServlet  : Completed initialization in 2 ms
2025-07-08T20:07:40.396+02:00 DEBUG 2708 --- [bika] [           main] org.hibernate.SQL                        : 
    insert 
    into
        companies
        (is_active, address, code, created_at, created_by, description, email, name, phone, updated_at, updated_by, id) 
    values
        (?, ?, ?, ?, ?, ?, ?, ?, ?, ?, ?, default)
Hibernate: 
    insert 
    into
        companies
        (is_active, address, code, created_at, created_by, description, email, name, phone, updated_at, updated_by, id) 
    values
        (?, ?, ?, ?, ?, ?, ?, ?, ?, ?, ?, default)
2025-07-08T20:07:40.398+02:00 DEBUG 2708 --- [bika] [           main] org.hibernate.SQL                        : 
    insert 
    into
        departments
        (is_active, code, company_id, created_at, created_by, name, parent_id, updated_at, updated_by, id) 
    values
        (?, ?, ?, ?, ?, ?, ?, ?, ?, default)
Hibernate: 
    insert 
    into
        departments
        (is_active, code, company_id, created_at, created_by, name, parent_id, updated_at, updated_by, id) 
    values
        (?, ?, ?, ?, ?, ?, ?, ?, ?, default)
2025-07-08T20:07:40.401+02:00 DEBUG 2708 --- [bika] [           main] org.hibernate.SQL                        : 
    insert 
    into
        projects
        (code, company_id, created_at, created_by, department_id, description, end_date, is_active, name, start_date, status, updated_at, updated_by, id) 
    values
        (?, ?, ?, ?, ?, ?, ?, ?, ?, ?, ?, ?, ?, default)
Hibernate: 
    insert 
    into
        projects
        (code, company_id, created_at, created_by, department_id, description, end_date, is_active, name, start_date, status, updated_at, updated_by, id) 
    values
        (?, ?, ?, ?, ?, ?, ?, ?, ?, ?, ?, ?, ?, default)
2025-07-08T20:07:40.532+02:00 DEBUG 2708 --- [bika] [           main] org.hibernate.SQL                        : 
    insert 
    into
        users
        (is_active, company_id, created_at, created_by, department_id, email, first_name, last_login, last_name, password, role, updated_at, updated_by, username, id) 
    values
        (?, ?, ?, ?, ?, ?, ?, ?, ?, ?, ?, ?, ?, ?, default)
Hibernate: 
    insert 
    into
        users
        (is_active, company_id, created_at, created_by, department_id, email, first_name, last_login, last_name, password, role, updated_at, updated_by, username, id) 
    values
        (?, ?, ?, ?, ?, ?, ?, ?, ?, ?, ?, ?, ?, ?, default)
2025-07-08T20:07:40.649+02:00 DEBUG 2708 --- [bika] [           main] org.hibernate.SQL                        : 
    insert 
    into
        users
        (is_active, company_id, created_at, created_by, department_id, email, first_name, last_login, last_name, password, role, updated_at, updated_by, username, id) 
    values
        (?, ?, ?, ?, ?, ?, ?, ?, ?, ?, ?, ?, ?, ?, default)
Hibernate: 
    insert 
    into
        users
        (is_active, company_id, created_at, created_by, department_id, email, first_name, last_login, last_name, password, role, updated_at, updated_by, username, id) 
    values
        (?, ?, ?, ?, ?, ?, ?, ?, ?, ?, ?, ?, ?, ?, default)
2025-07-08T20:07:40.652+02:00 DEBUG 2708 --- [bika] [           main] org.hibernate.SQL                        : 
    select
        c1_0.id,
        c1_0.is_active,
        c1_0.address,
        c1_0.code,
        c1_0.created_at,
        c1_0.created_by,
        c1_0.description,
        c1_0.email,
        c1_0.name,
        c1_0.phone,
        c1_0.updated_at,
        c1_0.updated_by 
    from
        companies c1_0 
    where
        c1_0.id=?
Hibernate: 
    select
        c1_0.id,
        c1_0.is_active,
        c1_0.address,
        c1_0.code,
        c1_0.created_at,
        c1_0.created_by,
        c1_0.description,
        c1_0.email,
        c1_0.name,
        c1_0.phone,
        c1_0.updated_at,
        c1_0.updated_by 
    from
        companies c1_0 
    where
        c1_0.id=?
2025-07-08T20:07:40.658+02:00 DEBUG 2708 --- [bika] [           main] org.hibernate.SQL                        : 
    select
        t1_0.id,
        t1_0.assigned_to,
        t1_0.company_id,
        t1_0.completed_date,
        t1_0.created_at,
        t1_0.created_by,
        t1_0.creator_id,
        t1_0.department_id,
        t1_0.description,
        t1_0.due_date,
        t1_0.is_active,
        t1_0.priority,
        t1_0.project_id,
        t1_0.start_date,
        t1_0.status,
        t1_0.title,
        t1_0.updated_at,
        t1_0.updated_by 
    from
        tasks t1_0 
    where
        t1_0.company_id=?
Hibernate: 
    select
        t1_0.id,
        t1_0.assigned_to,
        t1_0.company_id,
        t1_0.completed_date,
        t1_0.created_at,
        t1_0.created_by,
        t1_0.creator_id,
        t1_0.department_id,
        t1_0.description,
        t1_0.due_date,
        t1_0.is_active,
        t1_0.priority,
        t1_0.project_id,
        t1_0.start_date,
        t1_0.status,
        t1_0.title,
        t1_0.updated_at,
        t1_0.updated_by 
    from
        tasks t1_0 
    where
        t1_0.company_id=?
2025-07-08T20:07:40.670+02:00 DEBUG 2708 --- [bika] [           main] org.hibernate.SQL                        : 
    select
        t1_0.id,
        t1_0.assigned_to,
        t1_0.company_id,
        t1_0.completed_date,
        t1_0.created_at,
        t1_0.created_by,
        t1_0.creator_id,
        t1_0.department_id,
        t1_0.description,
        t1_0.due_date,
        t1_0.is_active,
        t1_0.priority,
        t1_0.project_id,
        t1_0.start_date,
        t1_0.status,
        t1_0.title,
        t1_0.updated_at,
        t1_0.updated_by 
    from
        tasks t1_0
Hibernate: 
    select
        t1_0.id,
        t1_0.assigned_to,
        t1_0.company_id,
        t1_0.completed_date,
        t1_0.created_at,
        t1_0.created_by,
        t1_0.creator_id,
        t1_0.department_id,
        t1_0.description,
        t1_0.due_date,
        t1_0.is_active,
        t1_0.priority,
        t1_0.project_id,
        t1_0.start_date,
        t1_0.status,
        t1_0.title,
        t1_0.updated_at,
        t1_0.updated_by 
    from
        tasks t1_0
2025-07-08T20:07:40.673+02:00 DEBUG 2708 --- [bika] [           main] org.hibernate.SQL                        : 
    select
        u1_0.id,
        u1_0.is_active,
        u1_0.company_id,
        u1_0.created_at,
        u1_0.created_by,
        u1_0.department_id,
        u1_0.email,
        u1_0.first_name,
        u1_0.last_login,
        u1_0.last_name,
        u1_0.password,
        u1_0.role,
        u1_0.updated_at,
        u1_0.updated_by,
        u1_0.username 
    from
        users u1_0
Hibernate: 
    select
        u1_0.id,
        u1_0.is_active,
        u1_0.company_id,
        u1_0.created_at,
        u1_0.created_by,
        u1_0.department_id,
        u1_0.email,
        u1_0.first_name,
        u1_0.last_login,
        u1_0.last_name,
        u1_0.password,
        u1_0.role,
        u1_0.updated_at,
        u1_0.updated_by,
        u1_0.username 
    from
        users u1_0
2025-07-08T20:07:40.674+02:00 DEBUG 2708 --- [bika] [           main] org.hibernate.SQL                        : 
    delete 
    from
        users 
    where
        id=?
Hibernate: 
    delete 
    from
        users 
    where
        id=?
2025-07-08T20:07:40.675+02:00 DEBUG 2708 --- [bika] [           main] org.hibernate.SQL                        : 
    delete 
    from
        users 
    where
        id=?
Hibernate: 
    delete 
    from
        users 
    where
        id=?
2025-07-08T20:07:40.676+02:00 DEBUG 2708 --- [bika] [           main] org.hibernate.SQL                        : 
    select
        p1_0.id,
        p1_0.code,
        p1_0.company_id,
        p1_0.created_at,
        p1_0.created_by,
        p1_0.department_id,
        p1_0.description,
        p1_0.end_date,
        p1_0.is_active,
        p1_0.name,
        p1_0.start_date,
        p1_0.status,
        p1_0.updated_at,
        p1_0.updated_by 
    from
        projects p1_0
Hibernate: 
    select
        p1_0.id,
        p1_0.code,
        p1_0.company_id,
        p1_0.created_at,
        p1_0.created_by,
        p1_0.department_id,
        p1_0.description,
        p1_0.end_date,
        p1_0.is_active,
        p1_0.name,
        p1_0.start_date,
        p1_0.status,
        p1_0.updated_at,
        p1_0.updated_by 
    from
        projects p1_0
2025-07-08T20:07:40.676+02:00 DEBUG 2708 --- [bika] [           main] org.hibernate.SQL                        : 
    delete 
    from
        projects 
    where
        id=?
Hibernate: 
    delete 
    from
        projects 
    where
        id=?
2025-07-08T20:07:40.679+02:00 DEBUG 2708 --- [bika] [           main] org.hibernate.SQL                        : 
    select
        d1_0.id,
        d1_0.is_active,
        d1_0.code,
        d1_0.company_id,
        d1_0.created_at,
        d1_0.created_by,
        d1_0.name,
        d1_0.parent_id,
        d1_0.updated_at,
        d1_0.updated_by 
    from
        departments d1_0
Hibernate: 
    select
        d1_0.id,
        d1_0.is_active,
        d1_0.code,
        d1_0.company_id,
        d1_0.created_at,
        d1_0.created_by,
        d1_0.name,
        d1_0.parent_id,
        d1_0.updated_at,
        d1_0.updated_by 
    from
        departments d1_0
2025-07-08T20:07:40.680+02:00 DEBUG 2708 --- [bika] [           main] org.hibernate.SQL                        : 
    delete 
    from
        departments 
    where
        id=?
Hibernate: 
    delete 
    from
        departments 
    where
        id=?
2025-07-08T20:07:40.682+02:00 DEBUG 2708 --- [bika] [           main] org.hibernate.SQL                        : 
    select
        c1_0.id,
        c1_0.is_active,
        c1_0.address,
        c1_0.code,
        c1_0.created_at,
        c1_0.created_by,
        c1_0.description,
        c1_0.email,
        c1_0.name,
        c1_0.phone,
        c1_0.updated_at,
        c1_0.updated_by 
    from
        companies c1_0
Hibernate: 
    select
        c1_0.id,
        c1_0.is_active,
        c1_0.address,
        c1_0.code,
        c1_0.created_at,
        c1_0.created_by,
        c1_0.description,
        c1_0.email,
        c1_0.name,
        c1_0.phone,
        c1_0.updated_at,
        c1_0.updated_by 
    from
        companies c1_0
2025-07-08T20:07:40.683+02:00 DEBUG 2708 --- [bika] [           main] org.hibernate.SQL                        : 
    select
        d1_0.company_id,
        d1_0.id,
        d1_0.is_active,
        d1_0.code,
        d1_0.created_at,
        d1_0.created_by,
        d1_0.name,
        d1_0.parent_id,
        d1_0.updated_at,
        d1_0.updated_by 
    from
        departments d1_0 
    where
        d1_0.company_id=?
Hibernate: 
    select
        d1_0.company_id,
        d1_0.id,
        d1_0.is_active,
        d1_0.code,
        d1_0.created_at,
        d1_0.created_by,
        d1_0.name,
        d1_0.parent_id,
        d1_0.updated_at,
        d1_0.updated_by 
    from
        departments d1_0 
    where
        d1_0.company_id=?
2025-07-08T20:07:40.684+02:00 DEBUG 2708 --- [bika] [           main] org.hibernate.SQL                        : 
    delete 
    from
        companies 
    where
        id=?
Hibernate: 
    delete 
    from
        companies 
    where
        id=?
]]></system-out>
  </testcase>
  <testcase name="getTasksByStatus_ShouldSucceed_WhenAdmin" classname="com.bika.task.controller.TaskControllerIntegrationTest" time="0.312">
    <system-out><![CDATA[2025-07-08T20:07:40.693+02:00  INFO 2708 --- [bika] [           main] o.s.b.t.m.w.SpringBootMockServletContext : Initializing Spring TestDispatcherServlet ''
2025-07-08T20:07:40.693+02:00  INFO 2708 --- [bika] [           main] o.s.t.web.servlet.TestDispatcherServlet  : Initializing Servlet ''
2025-07-08T20:07:40.695+02:00  INFO 2708 --- [bika] [           main] o.s.t.web.servlet.TestDispatcherServlet  : Completed initialization in 2 ms
2025-07-08T20:07:40.696+02:00 DEBUG 2708 --- [bika] [           main] org.hibernate.SQL                        : 
    insert 
    into
        companies
        (is_active, address, code, created_at, created_by, description, email, name, phone, updated_at, updated_by, id) 
    values
        (?, ?, ?, ?, ?, ?, ?, ?, ?, ?, ?, default)
Hibernate: 
    insert 
    into
        companies
        (is_active, address, code, created_at, created_by, description, email, name, phone, updated_at, updated_by, id) 
    values
        (?, ?, ?, ?, ?, ?, ?, ?, ?, ?, ?, default)
2025-07-08T20:07:40.702+02:00 DEBUG 2708 --- [bika] [           main] org.hibernate.SQL                        : 
    insert 
    into
        departments
        (is_active, code, company_id, created_at, created_by, name, parent_id, updated_at, updated_by, id) 
    values
        (?, ?, ?, ?, ?, ?, ?, ?, ?, default)
Hibernate: 
    insert 
    into
        departments
        (is_active, code, company_id, created_at, created_by, name, parent_id, updated_at, updated_by, id) 
    values
        (?, ?, ?, ?, ?, ?, ?, ?, ?, default)
2025-07-08T20:07:40.706+02:00 DEBUG 2708 --- [bika] [           main] org.hibernate.SQL                        : 
    insert 
    into
        projects
        (code, company_id, created_at, created_by, department_id, description, end_date, is_active, name, start_date, status, updated_at, updated_by, id) 
    values
        (?, ?, ?, ?, ?, ?, ?, ?, ?, ?, ?, ?, ?, default)
Hibernate: 
    insert 
    into
        projects
        (code, company_id, created_at, created_by, department_id, description, end_date, is_active, name, start_date, status, updated_at, updated_by, id) 
    values
        (?, ?, ?, ?, ?, ?, ?, ?, ?, ?, ?, ?, ?, default)
2025-07-08T20:07:40.846+02:00 DEBUG 2708 --- [bika] [           main] org.hibernate.SQL                        : 
    insert 
    into
        users
        (is_active, company_id, created_at, created_by, department_id, email, first_name, last_login, last_name, password, role, updated_at, updated_by, username, id) 
    values
        (?, ?, ?, ?, ?, ?, ?, ?, ?, ?, ?, ?, ?, ?, default)
Hibernate: 
    insert 
    into
        users
        (is_active, company_id, created_at, created_by, department_id, email, first_name, last_login, last_name, password, role, updated_at, updated_by, username, id) 
    values
        (?, ?, ?, ?, ?, ?, ?, ?, ?, ?, ?, ?, ?, ?, default)
2025-07-08T20:07:40.950+02:00 DEBUG 2708 --- [bika] [           main] org.hibernate.SQL                        : 
    insert 
    into
        users
        (is_active, company_id, created_at, created_by, department_id, email, first_name, last_login, last_name, password, role, updated_at, updated_by, username, id) 
    values
        (?, ?, ?, ?, ?, ?, ?, ?, ?, ?, ?, ?, ?, ?, default)
Hibernate: 
    insert 
    into
        users
        (is_active, company_id, created_at, created_by, department_id, email, first_name, last_login, last_name, password, role, updated_at, updated_by, username, id) 
    values
        (?, ?, ?, ?, ?, ?, ?, ?, ?, ?, ?, ?, ?, ?, default)
2025-07-08T20:07:40.971+02:00 DEBUG 2708 --- [bika] [           main] org.hibernate.SQL                        : 
    select
        t1_0.id,
        t1_0.assigned_to,
        t1_0.company_id,
        t1_0.completed_date,
        t1_0.created_at,
        t1_0.created_by,
        t1_0.creator_id,
        t1_0.department_id,
        t1_0.description,
        t1_0.due_date,
        t1_0.is_active,
        t1_0.priority,
        t1_0.project_id,
        t1_0.start_date,
        t1_0.status,
        t1_0.title,
        t1_0.updated_at,
        t1_0.updated_by 
    from
        tasks t1_0
Hibernate: 
    select
        t1_0.id,
        t1_0.assigned_to,
        t1_0.company_id,
        t1_0.completed_date,
        t1_0.created_at,
        t1_0.created_by,
        t1_0.creator_id,
        t1_0.department_id,
        t1_0.description,
        t1_0.due_date,
        t1_0.is_active,
        t1_0.priority,
        t1_0.project_id,
        t1_0.start_date,
        t1_0.status,
        t1_0.title,
        t1_0.updated_at,
        t1_0.updated_by 
    from
        tasks t1_0
2025-07-08T20:07:40.979+02:00 DEBUG 2708 --- [bika] [           main] org.hibernate.SQL                        : 
    select
        t1_0.id,
        t1_0.assigned_to,
        t1_0.company_id,
        t1_0.completed_date,
        t1_0.created_at,
        t1_0.created_by,
        t1_0.creator_id,
        t1_0.department_id,
        t1_0.description,
        t1_0.due_date,
        t1_0.is_active,
        t1_0.priority,
        t1_0.project_id,
        t1_0.start_date,
        t1_0.status,
        t1_0.title,
        t1_0.updated_at,
        t1_0.updated_by 
    from
        tasks t1_0
Hibernate: 
    select
        t1_0.id,
        t1_0.assigned_to,
        t1_0.company_id,
        t1_0.completed_date,
        t1_0.created_at,
        t1_0.created_by,
        t1_0.creator_id,
        t1_0.department_id,
        t1_0.description,
        t1_0.due_date,
        t1_0.is_active,
        t1_0.priority,
        t1_0.project_id,
        t1_0.start_date,
        t1_0.status,
        t1_0.title,
        t1_0.updated_at,
        t1_0.updated_by 
    from
        tasks t1_0
2025-07-08T20:07:40.986+02:00 DEBUG 2708 --- [bika] [           main] org.hibernate.SQL                        : 
    select
        u1_0.id,
        u1_0.is_active,
        u1_0.company_id,
        u1_0.created_at,
        u1_0.created_by,
        u1_0.department_id,
        u1_0.email,
        u1_0.first_name,
        u1_0.last_login,
        u1_0.last_name,
        u1_0.password,
        u1_0.role,
        u1_0.updated_at,
        u1_0.updated_by,
        u1_0.username 
    from
        users u1_0
Hibernate: 
    select
        u1_0.id,
        u1_0.is_active,
        u1_0.company_id,
        u1_0.created_at,
        u1_0.created_by,
        u1_0.department_id,
        u1_0.email,
        u1_0.first_name,
        u1_0.last_login,
        u1_0.last_name,
        u1_0.password,
        u1_0.role,
        u1_0.updated_at,
        u1_0.updated_by,
        u1_0.username 
    from
        users u1_0
2025-07-08T20:07:40.988+02:00 DEBUG 2708 --- [bika] [           main] org.hibernate.SQL                        : 
    delete 
    from
        users 
    where
        id=?
Hibernate: 
    delete 
    from
        users 
    where
        id=?
2025-07-08T20:07:40.989+02:00 DEBUG 2708 --- [bika] [           main] org.hibernate.SQL                        : 
    delete 
    from
        users 
    where
        id=?
Hibernate: 
    delete 
    from
        users 
    where
        id=?
2025-07-08T20:07:40.990+02:00 DEBUG 2708 --- [bika] [           main] org.hibernate.SQL                        : 
    select
        p1_0.id,
        p1_0.code,
        p1_0.company_id,
        p1_0.created_at,
        p1_0.created_by,
        p1_0.department_id,
        p1_0.description,
        p1_0.end_date,
        p1_0.is_active,
        p1_0.name,
        p1_0.start_date,
        p1_0.status,
        p1_0.updated_at,
        p1_0.updated_by 
    from
        projects p1_0
Hibernate: 
    select
        p1_0.id,
        p1_0.code,
        p1_0.company_id,
        p1_0.created_at,
        p1_0.created_by,
        p1_0.department_id,
        p1_0.description,
        p1_0.end_date,
        p1_0.is_active,
        p1_0.name,
        p1_0.start_date,
        p1_0.status,
        p1_0.updated_at,
        p1_0.updated_by 
    from
        projects p1_0
2025-07-08T20:07:40.991+02:00 DEBUG 2708 --- [bika] [           main] org.hibernate.SQL                        : 
    delete 
    from
        projects 
    where
        id=?
Hibernate: 
    delete 
    from
        projects 
    where
        id=?
2025-07-08T20:07:40.993+02:00 DEBUG 2708 --- [bika] [           main] org.hibernate.SQL                        : 
    select
        d1_0.id,
        d1_0.is_active,
        d1_0.code,
        d1_0.company_id,
        d1_0.created_at,
        d1_0.created_by,
        d1_0.name,
        d1_0.parent_id,
        d1_0.updated_at,
        d1_0.updated_by 
    from
        departments d1_0
Hibernate: 
    select
        d1_0.id,
        d1_0.is_active,
        d1_0.code,
        d1_0.company_id,
        d1_0.created_at,
        d1_0.created_by,
        d1_0.name,
        d1_0.parent_id,
        d1_0.updated_at,
        d1_0.updated_by 
    from
        departments d1_0
2025-07-08T20:07:40.994+02:00 DEBUG 2708 --- [bika] [           main] org.hibernate.SQL                        : 
    delete 
    from
        departments 
    where
        id=?
Hibernate: 
    delete 
    from
        departments 
    where
        id=?
2025-07-08T20:07:40.996+02:00 DEBUG 2708 --- [bika] [           main] org.hibernate.SQL                        : 
    select
        c1_0.id,
        c1_0.is_active,
        c1_0.address,
        c1_0.code,
        c1_0.created_at,
        c1_0.created_by,
        c1_0.description,
        c1_0.email,
        c1_0.name,
        c1_0.phone,
        c1_0.updated_at,
        c1_0.updated_by 
    from
        companies c1_0
Hibernate: 
    select
        c1_0.id,
        c1_0.is_active,
        c1_0.address,
        c1_0.code,
        c1_0.created_at,
        c1_0.created_by,
        c1_0.description,
        c1_0.email,
        c1_0.name,
        c1_0.phone,
        c1_0.updated_at,
        c1_0.updated_by 
    from
        companies c1_0
2025-07-08T20:07:40.998+02:00 DEBUG 2708 --- [bika] [           main] org.hibernate.SQL                        : 
    select
        d1_0.company_id,
        d1_0.id,
        d1_0.is_active,
        d1_0.code,
        d1_0.created_at,
        d1_0.created_by,
        d1_0.name,
        d1_0.parent_id,
        d1_0.updated_at,
        d1_0.updated_by 
    from
        departments d1_0 
    where
        d1_0.company_id=?
Hibernate: 
    select
        d1_0.company_id,
        d1_0.id,
        d1_0.is_active,
        d1_0.code,
        d1_0.created_at,
        d1_0.created_by,
        d1_0.name,
        d1_0.parent_id,
        d1_0.updated_at,
        d1_0.updated_by 
    from
        departments d1_0 
    where
        d1_0.company_id=?
2025-07-08T20:07:40.999+02:00 DEBUG 2708 --- [bika] [           main] org.hibernate.SQL                        : 
    delete 
    from
        companies 
    where
        id=?
Hibernate: 
    delete 
    from
        companies 
    where
        id=?
]]></system-out>
  </testcase>
  <testcase name="deleteTask_ShouldSucceed_WhenAdmin" classname="com.bika.task.controller.TaskControllerIntegrationTest" time="0.293">
    <system-out><![CDATA[2025-07-08T20:07:41.007+02:00  INFO 2708 --- [bika] [           main] o.s.b.t.m.w.SpringBootMockServletContext : Initializing Spring TestDispatcherServlet ''
2025-07-08T20:07:41.007+02:00  INFO 2708 --- [bika] [           main] o.s.t.web.servlet.TestDispatcherServlet  : Initializing Servlet ''
2025-07-08T20:07:41.010+02:00  INFO 2708 --- [bika] [           main] o.s.t.web.servlet.TestDispatcherServlet  : Completed initialization in 3 ms
2025-07-08T20:07:41.011+02:00 DEBUG 2708 --- [bika] [           main] org.hibernate.SQL                        : 
    insert 
    into
        companies
        (is_active, address, code, created_at, created_by, description, email, name, phone, updated_at, updated_by, id) 
    values
        (?, ?, ?, ?, ?, ?, ?, ?, ?, ?, ?, default)
Hibernate: 
    insert 
    into
        companies
        (is_active, address, code, created_at, created_by, description, email, name, phone, updated_at, updated_by, id) 
    values
        (?, ?, ?, ?, ?, ?, ?, ?, ?, ?, ?, default)
2025-07-08T20:07:41.013+02:00 DEBUG 2708 --- [bika] [           main] org.hibernate.SQL                        : 
    insert 
    into
        departments
        (is_active, code, company_id, created_at, created_by, name, parent_id, updated_at, updated_by, id) 
    values
        (?, ?, ?, ?, ?, ?, ?, ?, ?, default)
Hibernate: 
    insert 
    into
        departments
        (is_active, code, company_id, created_at, created_by, name, parent_id, updated_at, updated_by, id) 
    values
        (?, ?, ?, ?, ?, ?, ?, ?, ?, default)
2025-07-08T20:07:41.015+02:00 DEBUG 2708 --- [bika] [           main] org.hibernate.SQL                        : 
    insert 
    into
        projects
        (code, company_id, created_at, created_by, department_id, description, end_date, is_active, name, start_date, status, updated_at, updated_by, id) 
    values
        (?, ?, ?, ?, ?, ?, ?, ?, ?, ?, ?, ?, ?, default)
Hibernate: 
    insert 
    into
        projects
        (code, company_id, created_at, created_by, department_id, description, end_date, is_active, name, start_date, status, updated_at, updated_by, id) 
    values
        (?, ?, ?, ?, ?, ?, ?, ?, ?, ?, ?, ?, ?, default)
2025-07-08T20:07:41.137+02:00 DEBUG 2708 --- [bika] [           main] org.hibernate.SQL                        : 
    insert 
    into
        users
        (is_active, company_id, created_at, created_by, department_id, email, first_name, last_login, last_name, password, role, updated_at, updated_by, username, id) 
    values
        (?, ?, ?, ?, ?, ?, ?, ?, ?, ?, ?, ?, ?, ?, default)
Hibernate: 
    insert 
    into
        users
        (is_active, company_id, created_at, created_by, department_id, email, first_name, last_login, last_name, password, role, updated_at, updated_by, username, id) 
    values
        (?, ?, ?, ?, ?, ?, ?, ?, ?, ?, ?, ?, ?, ?, default)
2025-07-08T20:07:41.262+02:00 DEBUG 2708 --- [bika] [           main] org.hibernate.SQL                        : 
    insert 
    into
        users
        (is_active, company_id, created_at, created_by, department_id, email, first_name, last_login, last_name, password, role, updated_at, updated_by, username, id) 
    values
        (?, ?, ?, ?, ?, ?, ?, ?, ?, ?, ?, ?, ?, ?, default)
Hibernate: 
    insert 
    into
        users
        (is_active, company_id, created_at, created_by, department_id, email, first_name, last_login, last_name, password, role, updated_at, updated_by, username, id) 
    values
        (?, ?, ?, ?, ?, ?, ?, ?, ?, ?, ?, ?, ?, ?, default)
2025-07-08T20:07:41.266+02:00 DEBUG 2708 --- [bika] [           main] org.hibernate.SQL                        : 
    select
        c1_0.id,
        c1_0.is_active,
        c1_0.address,
        c1_0.code,
        c1_0.created_at,
        c1_0.created_by,
        c1_0.description,
        c1_0.email,
        c1_0.name,
        c1_0.phone,
        c1_0.updated_at,
        c1_0.updated_by 
    from
        companies c1_0 
    where
        c1_0.id=?
Hibernate: 
    select
        c1_0.id,
        c1_0.is_active,
        c1_0.address,
        c1_0.code,
        c1_0.created_at,
        c1_0.created_by,
        c1_0.description,
        c1_0.email,
        c1_0.name,
        c1_0.phone,
        c1_0.updated_at,
        c1_0.updated_by 
    from
        companies c1_0 
    where
        c1_0.id=?
2025-07-08T20:07:41.267+02:00 DEBUG 2708 --- [bika] [           main] org.hibernate.SQL                        : 
    select
        d1_0.id,
        d1_0.is_active,
        d1_0.code,
        d1_0.company_id,
        d1_0.created_at,
        d1_0.created_by,
        d1_0.name,
        d1_0.parent_id,
        d1_0.updated_at,
        d1_0.updated_by 
    from
        departments d1_0 
    where
        d1_0.id=?
Hibernate: 
    select
        d1_0.id,
        d1_0.is_active,
        d1_0.code,
        d1_0.company_id,
        d1_0.created_at,
        d1_0.created_by,
        d1_0.name,
        d1_0.parent_id,
        d1_0.updated_at,
        d1_0.updated_by 
    from
        departments d1_0 
    where
        d1_0.id=?
2025-07-08T20:07:41.268+02:00 DEBUG 2708 --- [bika] [           main] org.hibernate.SQL                        : 
    select
        p1_0.id,
        p1_0.code,
        p1_0.company_id,
        p1_0.created_at,
        p1_0.created_by,
        p1_0.department_id,
        p1_0.description,
        p1_0.end_date,
        p1_0.is_active,
        p1_0.name,
        p1_0.start_date,
        p1_0.status,
        p1_0.updated_at,
        p1_0.updated_by 
    from
        projects p1_0 
    where
        p1_0.id=?
Hibernate: 
    select
        p1_0.id,
        p1_0.code,
        p1_0.company_id,
        p1_0.created_at,
        p1_0.created_by,
        p1_0.department_id,
        p1_0.description,
        p1_0.end_date,
        p1_0.is_active,
        p1_0.name,
        p1_0.start_date,
        p1_0.status,
        p1_0.updated_at,
        p1_0.updated_by 
    from
        projects p1_0 
    where
        p1_0.id=?
2025-07-08T20:07:41.268+02:00 DEBUG 2708 --- [bika] [           main] org.hibernate.SQL                        : 
    select
        u1_0.id,
        u1_0.is_active,
        u1_0.company_id,
        u1_0.created_at,
        u1_0.created_by,
        u1_0.department_id,
        u1_0.email,
        u1_0.first_name,
        u1_0.last_login,
        u1_0.last_name,
        u1_0.password,
        u1_0.role,
        u1_0.updated_at,
        u1_0.updated_by,
        u1_0.username 
    from
        users u1_0 
    where
        u1_0.id=?
Hibernate: 
    select
        u1_0.id,
        u1_0.is_active,
        u1_0.company_id,
        u1_0.created_at,
        u1_0.created_by,
        u1_0.department_id,
        u1_0.email,
        u1_0.first_name,
        u1_0.last_login,
        u1_0.last_name,
        u1_0.password,
        u1_0.role,
        u1_0.updated_at,
        u1_0.updated_by,
        u1_0.username 
    from
        users u1_0 
    where
        u1_0.id=?
2025-07-08T20:07:41.271+02:00 DEBUG 2708 --- [bika] [           main] org.hibernate.SQL                        : 
    select
        u1_0.id,
        u1_0.is_active,
        u1_0.company_id,
        u1_0.created_at,
        u1_0.created_by,
        u1_0.department_id,
        u1_0.email,
        u1_0.first_name,
        u1_0.last_login,
        u1_0.last_name,
        u1_0.password,
        u1_0.role,
        u1_0.updated_at,
        u1_0.updated_by,
        u1_0.username 
    from
        users u1_0 
    where
        u1_0.email=?
Hibernate: 
    select
        u1_0.id,
        u1_0.is_active,
        u1_0.company_id,
        u1_0.created_at,
        u1_0.created_by,
        u1_0.department_id,
        u1_0.email,
        u1_0.first_name,
        u1_0.last_login,
        u1_0.last_name,
        u1_0.password,
        u1_0.role,
        u1_0.updated_at,
        u1_0.updated_by,
        u1_0.username 
    from
        users u1_0 
    where
        u1_0.email=?
2025-07-08T20:07:41.272+02:00 DEBUG 2708 --- [bika] [           main] org.hibernate.SQL                        : 
    select
        u1_0.id,
        u1_0.is_active,
        u1_0.company_id,
        u1_0.created_at,
        u1_0.created_by,
        u1_0.department_id,
        u1_0.email,
        u1_0.first_name,
        u1_0.last_login,
        u1_0.last_name,
        u1_0.password,
        u1_0.role,
        u1_0.updated_at,
        u1_0.updated_by,
        u1_0.username 
    from
        users u1_0 
    where
        u1_0.id=?
Hibernate: 
    select
        u1_0.id,
        u1_0.is_active,
        u1_0.company_id,
        u1_0.created_at,
        u1_0.created_by,
        u1_0.department_id,
        u1_0.email,
        u1_0.first_name,
        u1_0.last_login,
        u1_0.last_name,
        u1_0.password,
        u1_0.role,
        u1_0.updated_at,
        u1_0.updated_by,
        u1_0.username 
    from
        users u1_0 
    where
        u1_0.id=?
2025-07-08T20:07:41.273+02:00 DEBUG 2708 --- [bika] [           main] org.hibernate.SQL                        : 
    insert 
    into
        tasks
        (assigned_to, company_id, completed_date, created_at, created_by, creator_id, department_id, description, due_date, is_active, priority, project_id, start_date, status, title, updated_at, updated_by, id) 
    values
        (?, ?, ?, ?, ?, ?, ?, ?, ?, ?, ?, ?, ?, ?, ?, ?, ?, default)
Hibernate: 
    insert 
    into
        tasks
        (assigned_to, company_id, completed_date, created_at, created_by, creator_id, department_id, description, due_date, is_active, priority, project_id, start_date, status, title, updated_at, updated_by, id) 
    values
        (?, ?, ?, ?, ?, ?, ?, ?, ?, ?, ?, ?, ?, ?, ?, ?, ?, default)
2025-07-08T20:07:41.278+02:00 DEBUG 2708 --- [bika] [           main] org.hibernate.SQL                        : 
    select
        count(*) 
    from
        tasks t1_0 
    where
        t1_0.id=?
Hibernate: 
    select
        count(*) 
    from
        tasks t1_0 
    where
        t1_0.id=?
2025-07-08T20:07:41.280+02:00 DEBUG 2708 --- [bika] [           main] org.hibernate.SQL                        : 
    select
        t1_0.id,
        t1_0.assigned_to,
        t1_0.company_id,
        t1_0.completed_date,
        t1_0.created_at,
        t1_0.created_by,
        t1_0.creator_id,
        t1_0.department_id,
        t1_0.description,
        t1_0.due_date,
        t1_0.is_active,
        t1_0.priority,
        t1_0.project_id,
        t1_0.start_date,
        t1_0.status,
        t1_0.title,
        t1_0.updated_at,
        t1_0.updated_by 
    from
        tasks t1_0 
    where
        t1_0.id=?
Hibernate: 
    select
        t1_0.id,
        t1_0.assigned_to,
        t1_0.company_id,
        t1_0.completed_date,
        t1_0.created_at,
        t1_0.created_by,
        t1_0.creator_id,
        t1_0.department_id,
        t1_0.description,
        t1_0.due_date,
        t1_0.is_active,
        t1_0.priority,
        t1_0.project_id,
        t1_0.start_date,
        t1_0.status,
        t1_0.title,
        t1_0.updated_at,
        t1_0.updated_by 
    from
        tasks t1_0 
    where
        t1_0.id=?
2025-07-08T20:07:41.281+02:00 DEBUG 2708 --- [bika] [           main] org.hibernate.SQL                        : 
    delete 
    from
        tasks 
    where
        id=?
Hibernate: 
    delete 
    from
        tasks 
    where
        id=?
2025-07-08T20:07:41.283+02:00 DEBUG 2708 --- [bika] [           main] org.hibernate.SQL                        : 
    select
        t1_0.id,
        t1_0.assigned_to,
        t1_0.company_id,
        t1_0.completed_date,
        t1_0.created_at,
        t1_0.created_by,
        t1_0.creator_id,
        t1_0.department_id,
        t1_0.description,
        t1_0.due_date,
        t1_0.is_active,
        t1_0.priority,
        t1_0.project_id,
        t1_0.start_date,
        t1_0.status,
        t1_0.title,
        t1_0.updated_at,
        t1_0.updated_by 
    from
        tasks t1_0
Hibernate: 
    select
        t1_0.id,
        t1_0.assigned_to,
        t1_0.company_id,
        t1_0.completed_date,
        t1_0.created_at,
        t1_0.created_by,
        t1_0.creator_id,
        t1_0.department_id,
        t1_0.description,
        t1_0.due_date,
        t1_0.is_active,
        t1_0.priority,
        t1_0.project_id,
        t1_0.start_date,
        t1_0.status,
        t1_0.title,
        t1_0.updated_at,
        t1_0.updated_by 
    from
        tasks t1_0
2025-07-08T20:07:41.285+02:00 DEBUG 2708 --- [bika] [           main] org.hibernate.SQL                        : 
    select
        u1_0.id,
        u1_0.is_active,
        u1_0.company_id,
        u1_0.created_at,
        u1_0.created_by,
        u1_0.department_id,
        u1_0.email,
        u1_0.first_name,
        u1_0.last_login,
        u1_0.last_name,
        u1_0.password,
        u1_0.role,
        u1_0.updated_at,
        u1_0.updated_by,
        u1_0.username 
    from
        users u1_0
Hibernate: 
    select
        u1_0.id,
        u1_0.is_active,
        u1_0.company_id,
        u1_0.created_at,
        u1_0.created_by,
        u1_0.department_id,
        u1_0.email,
        u1_0.first_name,
        u1_0.last_login,
        u1_0.last_name,
        u1_0.password,
        u1_0.role,
        u1_0.updated_at,
        u1_0.updated_by,
        u1_0.username 
    from
        users u1_0
2025-07-08T20:07:41.286+02:00 DEBUG 2708 --- [bika] [           main] org.hibernate.SQL                        : 
    delete 
    from
        users 
    where
        id=?
Hibernate: 
    delete 
    from
        users 
    where
        id=?
2025-07-08T20:07:41.286+02:00 DEBUG 2708 --- [bika] [           main] org.hibernate.SQL                        : 
    delete 
    from
        users 
    where
        id=?
Hibernate: 
    delete 
    from
        users 
    where
        id=?
2025-07-08T20:07:41.288+02:00 DEBUG 2708 --- [bika] [           main] org.hibernate.SQL                        : 
    select
        p1_0.id,
        p1_0.code,
        p1_0.company_id,
        p1_0.created_at,
        p1_0.created_by,
        p1_0.department_id,
        p1_0.description,
        p1_0.end_date,
        p1_0.is_active,
        p1_0.name,
        p1_0.start_date,
        p1_0.status,
        p1_0.updated_at,
        p1_0.updated_by 
    from
        projects p1_0
Hibernate: 
    select
        p1_0.id,
        p1_0.code,
        p1_0.company_id,
        p1_0.created_at,
        p1_0.created_by,
        p1_0.department_id,
        p1_0.description,
        p1_0.end_date,
        p1_0.is_active,
        p1_0.name,
        p1_0.start_date,
        p1_0.status,
        p1_0.updated_at,
        p1_0.updated_by 
    from
        projects p1_0
2025-07-08T20:07:41.289+02:00 DEBUG 2708 --- [bika] [           main] org.hibernate.SQL                        : 
    delete 
    from
        projects 
    where
        id=?
Hibernate: 
    delete 
    from
        projects 
    where
        id=?
2025-07-08T20:07:41.290+02:00 DEBUG 2708 --- [bika] [           main] org.hibernate.SQL                        : 
    select
        d1_0.id,
        d1_0.is_active,
        d1_0.code,
        d1_0.company_id,
        d1_0.created_at,
        d1_0.created_by,
        d1_0.name,
        d1_0.parent_id,
        d1_0.updated_at,
        d1_0.updated_by 
    from
        departments d1_0
Hibernate: 
    select
        d1_0.id,
        d1_0.is_active,
        d1_0.code,
        d1_0.company_id,
        d1_0.created_at,
        d1_0.created_by,
        d1_0.name,
        d1_0.parent_id,
        d1_0.updated_at,
        d1_0.updated_by 
    from
        departments d1_0
2025-07-08T20:07:41.292+02:00 DEBUG 2708 --- [bika] [           main] org.hibernate.SQL                        : 
    delete 
    from
        departments 
    where
        id=?
Hibernate: 
    delete 
    from
        departments 
    where
        id=?
2025-07-08T20:07:41.293+02:00 DEBUG 2708 --- [bika] [           main] org.hibernate.SQL                        : 
    select
        c1_0.id,
        c1_0.is_active,
        c1_0.address,
        c1_0.code,
        c1_0.created_at,
        c1_0.created_by,
        c1_0.description,
        c1_0.email,
        c1_0.name,
        c1_0.phone,
        c1_0.updated_at,
        c1_0.updated_by 
    from
        companies c1_0
Hibernate: 
    select
        c1_0.id,
        c1_0.is_active,
        c1_0.address,
        c1_0.code,
        c1_0.created_at,
        c1_0.created_by,
        c1_0.description,
        c1_0.email,
        c1_0.name,
        c1_0.phone,
        c1_0.updated_at,
        c1_0.updated_by 
    from
        companies c1_0
2025-07-08T20:07:41.294+02:00 DEBUG 2708 --- [bika] [           main] org.hibernate.SQL                        : 
    select
        d1_0.company_id,
        d1_0.id,
        d1_0.is_active,
        d1_0.code,
        d1_0.created_at,
        d1_0.created_by,
        d1_0.name,
        d1_0.parent_id,
        d1_0.updated_at,
        d1_0.updated_by 
    from
        departments d1_0 
    where
        d1_0.company_id=?
Hibernate: 
    select
        d1_0.company_id,
        d1_0.id,
        d1_0.is_active,
        d1_0.code,
        d1_0.created_at,
        d1_0.created_by,
        d1_0.name,
        d1_0.parent_id,
        d1_0.updated_at,
        d1_0.updated_by 
    from
        departments d1_0 
    where
        d1_0.company_id=?
2025-07-08T20:07:41.294+02:00 DEBUG 2708 --- [bika] [           main] org.hibernate.SQL                        : 
    delete 
    from
        companies 
    where
        id=?
Hibernate: 
    delete 
    from
        companies 
    where
        id=?
]]></system-out>
  </testcase>
  <testcase name="getMyTasks_ShouldSucceed" classname="com.bika.task.controller.TaskControllerIntegrationTest" time="0.327">
    <system-out><![CDATA[2025-07-08T20:07:41.303+02:00  INFO 2708 --- [bika] [           main] o.s.b.t.m.w.SpringBootMockServletContext : Initializing Spring TestDispatcherServlet ''
2025-07-08T20:07:41.303+02:00  INFO 2708 --- [bika] [           main] o.s.t.web.servlet.TestDispatcherServlet  : Initializing Servlet ''
2025-07-08T20:07:41.305+02:00  INFO 2708 --- [bika] [           main] o.s.t.web.servlet.TestDispatcherServlet  : Completed initialization in 2 ms
2025-07-08T20:07:41.306+02:00 DEBUG 2708 --- [bika] [           main] org.hibernate.SQL                        : 
    insert 
    into
        companies
        (is_active, address, code, created_at, created_by, description, email, name, phone, updated_at, updated_by, id) 
    values
        (?, ?, ?, ?, ?, ?, ?, ?, ?, ?, ?, default)
Hibernate: 
    insert 
    into
        companies
        (is_active, address, code, created_at, created_by, description, email, name, phone, updated_at, updated_by, id) 
    values
        (?, ?, ?, ?, ?, ?, ?, ?, ?, ?, ?, default)
2025-07-08T20:07:41.311+02:00 DEBUG 2708 --- [bika] [           main] org.hibernate.SQL                        : 
    insert 
    into
        departments
        (is_active, code, company_id, created_at, created_by, name, parent_id, updated_at, updated_by, id) 
    values
        (?, ?, ?, ?, ?, ?, ?, ?, ?, default)
Hibernate: 
    insert 
    into
        departments
        (is_active, code, company_id, created_at, created_by, name, parent_id, updated_at, updated_by, id) 
    values
        (?, ?, ?, ?, ?, ?, ?, ?, ?, default)
2025-07-08T20:07:41.313+02:00 DEBUG 2708 --- [bika] [           main] org.hibernate.SQL                        : 
    insert 
    into
        projects
        (code, company_id, created_at, created_by, department_id, description, end_date, is_active, name, start_date, status, updated_at, updated_by, id) 
    values
        (?, ?, ?, ?, ?, ?, ?, ?, ?, ?, ?, ?, ?, default)
Hibernate: 
    insert 
    into
        projects
        (code, company_id, created_at, created_by, department_id, description, end_date, is_active, name, start_date, status, updated_at, updated_by, id) 
    values
        (?, ?, ?, ?, ?, ?, ?, ?, ?, ?, ?, ?, ?, default)
2025-07-08T20:07:41.464+02:00 DEBUG 2708 --- [bika] [           main] org.hibernate.SQL                        : 
    insert 
    into
        users
        (is_active, company_id, created_at, created_by, department_id, email, first_name, last_login, last_name, password, role, updated_at, updated_by, username, id) 
    values
        (?, ?, ?, ?, ?, ?, ?, ?, ?, ?, ?, ?, ?, ?, default)
Hibernate: 
    insert 
    into
        users
        (is_active, company_id, created_at, created_by, department_id, email, first_name, last_login, last_name, password, role, updated_at, updated_by, username, id) 
    values
        (?, ?, ?, ?, ?, ?, ?, ?, ?, ?, ?, ?, ?, ?, default)
2025-07-08T20:07:41.601+02:00 DEBUG 2708 --- [bika] [           main] org.hibernate.SQL                        : 
    insert 
    into
        users
        (is_active, company_id, created_at, created_by, department_id, email, first_name, last_login, last_name, password, role, updated_at, updated_by, username, id) 
    values
        (?, ?, ?, ?, ?, ?, ?, ?, ?, ?, ?, ?, ?, ?, default)
Hibernate: 
    insert 
    into
        users
        (is_active, company_id, created_at, created_by, department_id, email, first_name, last_login, last_name, password, role, updated_at, updated_by, username, id) 
    values
        (?, ?, ?, ?, ?, ?, ?, ?, ?, ?, ?, ?, ?, ?, default)
2025-07-08T20:07:41.605+02:00 DEBUG 2708 --- [bika] [           main] org.hibernate.SQL                        : 
    select
        u1_0.id,
        u1_0.is_active,
        u1_0.company_id,
        u1_0.created_at,
        u1_0.created_by,
        u1_0.department_id,
        u1_0.email,
        u1_0.first_name,
        u1_0.last_login,
        u1_0.last_name,
        u1_0.password,
        u1_0.role,
        u1_0.updated_at,
        u1_0.updated_by,
        u1_0.username 
    from
        users u1_0 
    where
        u1_0.email=?
Hibernate: 
    select
        u1_0.id,
        u1_0.is_active,
        u1_0.company_id,
        u1_0.created_at,
        u1_0.created_by,
        u1_0.department_id,
        u1_0.email,
        u1_0.first_name,
        u1_0.last_login,
        u1_0.last_name,
        u1_0.password,
        u1_0.role,
        u1_0.updated_at,
        u1_0.updated_by,
        u1_0.username 
    from
        users u1_0 
    where
        u1_0.email=?
2025-07-08T20:07:41.610+02:00 DEBUG 2708 --- [bika] [           main] org.hibernate.SQL                        : 
    select
        t1_0.id,
        t1_0.assigned_to,
        t1_0.company_id,
        t1_0.completed_date,
        t1_0.created_at,
        t1_0.created_by,
        t1_0.creator_id,
        t1_0.department_id,
        t1_0.description,
        t1_0.due_date,
        t1_0.is_active,
        t1_0.priority,
        t1_0.project_id,
        t1_0.start_date,
        t1_0.status,
        t1_0.title,
        t1_0.updated_at,
        t1_0.updated_by 
    from
        tasks t1_0
Hibernate: 
    select
        t1_0.id,
        t1_0.assigned_to,
        t1_0.company_id,
        t1_0.completed_date,
        t1_0.created_at,
        t1_0.created_by,
        t1_0.creator_id,
        t1_0.department_id,
        t1_0.description,
        t1_0.due_date,
        t1_0.is_active,
        t1_0.priority,
        t1_0.project_id,
        t1_0.start_date,
        t1_0.status,
        t1_0.title,
        t1_0.updated_at,
        t1_0.updated_by 
    from
        tasks t1_0
2025-07-08T20:07:41.612+02:00 DEBUG 2708 --- [bika] [           main] org.hibernate.SQL                        : 
    select
        u1_0.id,
        u1_0.is_active,
        u1_0.company_id,
        u1_0.created_at,
        u1_0.created_by,
        u1_0.department_id,
        u1_0.email,
        u1_0.first_name,
        u1_0.last_login,
        u1_0.last_name,
        u1_0.password,
        u1_0.role,
        u1_0.updated_at,
        u1_0.updated_by,
        u1_0.username 
    from
        users u1_0
Hibernate: 
    select
        u1_0.id,
        u1_0.is_active,
        u1_0.company_id,
        u1_0.created_at,
        u1_0.created_by,
        u1_0.department_id,
        u1_0.email,
        u1_0.first_name,
        u1_0.last_login,
        u1_0.last_name,
        u1_0.password,
        u1_0.role,
        u1_0.updated_at,
        u1_0.updated_by,
        u1_0.username 
    from
        users u1_0
2025-07-08T20:07:41.613+02:00 DEBUG 2708 --- [bika] [           main] org.hibernate.SQL                        : 
    delete 
    from
        users 
    where
        id=?
Hibernate: 
    delete 
    from
        users 
    where
        id=?
2025-07-08T20:07:41.614+02:00 DEBUG 2708 --- [bika] [           main] org.hibernate.SQL                        : 
    delete 
    from
        users 
    where
        id=?
Hibernate: 
    delete 
    from
        users 
    where
        id=?
2025-07-08T20:07:41.616+02:00 DEBUG 2708 --- [bika] [           main] org.hibernate.SQL                        : 
    select
        p1_0.id,
        p1_0.code,
        p1_0.company_id,
        p1_0.created_at,
        p1_0.created_by,
        p1_0.department_id,
        p1_0.description,
        p1_0.end_date,
        p1_0.is_active,
        p1_0.name,
        p1_0.start_date,
        p1_0.status,
        p1_0.updated_at,
        p1_0.updated_by 
    from
        projects p1_0
Hibernate: 
    select
        p1_0.id,
        p1_0.code,
        p1_0.company_id,
        p1_0.created_at,
        p1_0.created_by,
        p1_0.department_id,
        p1_0.description,
        p1_0.end_date,
        p1_0.is_active,
        p1_0.name,
        p1_0.start_date,
        p1_0.status,
        p1_0.updated_at,
        p1_0.updated_by 
    from
        projects p1_0
2025-07-08T20:07:41.618+02:00 DEBUG 2708 --- [bika] [           main] org.hibernate.SQL                        : 
    delete 
    from
        projects 
    where
        id=?
Hibernate: 
    delete 
    from
        projects 
    where
        id=?
2025-07-08T20:07:41.620+02:00 DEBUG 2708 --- [bika] [           main] org.hibernate.SQL                        : 
    select
        d1_0.id,
        d1_0.is_active,
        d1_0.code,
        d1_0.company_id,
        d1_0.created_at,
        d1_0.created_by,
        d1_0.name,
        d1_0.parent_id,
        d1_0.updated_at,
        d1_0.updated_by 
    from
        departments d1_0
Hibernate: 
    select
        d1_0.id,
        d1_0.is_active,
        d1_0.code,
        d1_0.company_id,
        d1_0.created_at,
        d1_0.created_by,
        d1_0.name,
        d1_0.parent_id,
        d1_0.updated_at,
        d1_0.updated_by 
    from
        departments d1_0
2025-07-08T20:07:41.621+02:00 DEBUG 2708 --- [bika] [           main] org.hibernate.SQL                        : 
    delete 
    from
        departments 
    where
        id=?
Hibernate: 
    delete 
    from
        departments 
    where
        id=?
2025-07-08T20:07:41.623+02:00 DEBUG 2708 --- [bika] [           main] org.hibernate.SQL                        : 
    select
        c1_0.id,
        c1_0.is_active,
        c1_0.address,
        c1_0.code,
        c1_0.created_at,
        c1_0.created_by,
        c1_0.description,
        c1_0.email,
        c1_0.name,
        c1_0.phone,
        c1_0.updated_at,
        c1_0.updated_by 
    from
        companies c1_0
Hibernate: 
    select
        c1_0.id,
        c1_0.is_active,
        c1_0.address,
        c1_0.code,
        c1_0.created_at,
        c1_0.created_by,
        c1_0.description,
        c1_0.email,
        c1_0.name,
        c1_0.phone,
        c1_0.updated_at,
        c1_0.updated_by 
    from
        companies c1_0
2025-07-08T20:07:41.624+02:00 DEBUG 2708 --- [bika] [           main] org.hibernate.SQL                        : 
    select
        d1_0.company_id,
        d1_0.id,
        d1_0.is_active,
        d1_0.code,
        d1_0.created_at,
        d1_0.created_by,
        d1_0.name,
        d1_0.parent_id,
        d1_0.updated_at,
        d1_0.updated_by 
    from
        departments d1_0 
    where
        d1_0.company_id=?
Hibernate: 
    select
        d1_0.company_id,
        d1_0.id,
        d1_0.is_active,
        d1_0.code,
        d1_0.created_at,
        d1_0.created_by,
        d1_0.name,
        d1_0.parent_id,
        d1_0.updated_at,
        d1_0.updated_by 
    from
        departments d1_0 
    where
        d1_0.company_id=?
2025-07-08T20:07:41.625+02:00 DEBUG 2708 --- [bika] [           main] org.hibernate.SQL                        : 
    delete 
    from
        companies 
    where
        id=?
Hibernate: 
    delete 
    from
        companies 
    where
        id=?
]]></system-out>
  </testcase>
  <testcase name="getTasksByUser_ShouldFail_WhenUserNotFound" classname="com.bika.task.controller.TaskControllerIntegrationTest" time="0.338">
    <system-out><![CDATA[2025-07-08T20:07:41.632+02:00  INFO 2708 --- [bika] [           main] o.s.b.t.m.w.SpringBootMockServletContext : Initializing Spring TestDispatcherServlet ''
2025-07-08T20:07:41.632+02:00  INFO 2708 --- [bika] [           main] o.s.t.web.servlet.TestDispatcherServlet  : Initializing Servlet ''
2025-07-08T20:07:41.635+02:00  INFO 2708 --- [bika] [           main] o.s.t.web.servlet.TestDispatcherServlet  : Completed initialization in 3 ms
2025-07-08T20:07:41.637+02:00 DEBUG 2708 --- [bika] [           main] org.hibernate.SQL                        : 
    insert 
    into
        companies
        (is_active, address, code, created_at, created_by, description, email, name, phone, updated_at, updated_by, id) 
    values
        (?, ?, ?, ?, ?, ?, ?, ?, ?, ?, ?, default)
Hibernate: 
    insert 
    into
        companies
        (is_active, address, code, created_at, created_by, description, email, name, phone, updated_at, updated_by, id) 
    values
        (?, ?, ?, ?, ?, ?, ?, ?, ?, ?, ?, default)
2025-07-08T20:07:41.643+02:00 DEBUG 2708 --- [bika] [           main] org.hibernate.SQL                        : 
    insert 
    into
        departments
        (is_active, code, company_id, created_at, created_by, name, parent_id, updated_at, updated_by, id) 
    values
        (?, ?, ?, ?, ?, ?, ?, ?, ?, default)
Hibernate: 
    insert 
    into
        departments
        (is_active, code, company_id, created_at, created_by, name, parent_id, updated_at, updated_by, id) 
    values
        (?, ?, ?, ?, ?, ?, ?, ?, ?, default)
2025-07-08T20:07:41.646+02:00 DEBUG 2708 --- [bika] [           main] org.hibernate.SQL                        : 
    insert 
    into
        projects
        (code, company_id, created_at, created_by, department_id, description, end_date, is_active, name, start_date, status, updated_at, updated_by, id) 
    values
        (?, ?, ?, ?, ?, ?, ?, ?, ?, ?, ?, ?, ?, default)
Hibernate: 
    insert 
    into
        projects
        (code, company_id, created_at, created_by, department_id, description, end_date, is_active, name, start_date, status, updated_at, updated_by, id) 
    values
        (?, ?, ?, ?, ?, ?, ?, ?, ?, ?, ?, ?, ?, default)
2025-07-08T20:07:41.804+02:00 DEBUG 2708 --- [bika] [           main] org.hibernate.SQL                        : 
    insert 
    into
        users
        (is_active, company_id, created_at, created_by, department_id, email, first_name, last_login, last_name, password, role, updated_at, updated_by, username, id) 
    values
        (?, ?, ?, ?, ?, ?, ?, ?, ?, ?, ?, ?, ?, ?, default)
Hibernate: 
    insert 
    into
        users
        (is_active, company_id, created_at, created_by, department_id, email, first_name, last_login, last_name, password, role, updated_at, updated_by, username, id) 
    values
        (?, ?, ?, ?, ?, ?, ?, ?, ?, ?, ?, ?, ?, ?, default)
2025-07-08T20:07:41.937+02:00 DEBUG 2708 --- [bika] [           main] org.hibernate.SQL                        : 
    insert 
    into
        users
        (is_active, company_id, created_at, created_by, department_id, email, first_name, last_login, last_name, password, role, updated_at, updated_by, username, id) 
    values
        (?, ?, ?, ?, ?, ?, ?, ?, ?, ?, ?, ?, ?, ?, default)
Hibernate: 
    insert 
    into
        users
        (is_active, company_id, created_at, created_by, department_id, email, first_name, last_login, last_name, password, role, updated_at, updated_by, username, id) 
    values
        (?, ?, ?, ?, ?, ?, ?, ?, ?, ?, ?, ?, ?, ?, default)
2025-07-08T20:07:41.943+02:00 DEBUG 2708 --- [bika] [           main] org.hibernate.SQL                        : 
    select
        u1_0.id,
        u1_0.is_active,
        u1_0.company_id,
        u1_0.created_at,
        u1_0.created_by,
        u1_0.department_id,
        u1_0.email,
        u1_0.first_name,
        u1_0.last_login,
        u1_0.last_name,
        u1_0.password,
        u1_0.role,
        u1_0.updated_at,
        u1_0.updated_by,
        u1_0.username 
    from
        users u1_0 
    where
        u1_0.id=?
Hibernate: 
    select
        u1_0.id,
        u1_0.is_active,
        u1_0.company_id,
        u1_0.created_at,
        u1_0.created_by,
        u1_0.department_id,
        u1_0.email,
        u1_0.first_name,
        u1_0.last_login,
        u1_0.last_name,
        u1_0.password,
        u1_0.role,
        u1_0.updated_at,
        u1_0.updated_by,
        u1_0.username 
    from
        users u1_0 
    where
        u1_0.id=?
2025-07-08T20:07:41.947+02:00 DEBUG 2708 --- [bika] [           main] org.hibernate.SQL                        : 
    select
        t1_0.id,
        t1_0.assigned_to,
        t1_0.company_id,
        t1_0.completed_date,
        t1_0.created_at,
        t1_0.created_by,
        t1_0.creator_id,
        t1_0.department_id,
        t1_0.description,
        t1_0.due_date,
        t1_0.is_active,
        t1_0.priority,
        t1_0.project_id,
        t1_0.start_date,
        t1_0.status,
        t1_0.title,
        t1_0.updated_at,
        t1_0.updated_by 
    from
        tasks t1_0
Hibernate: 
    select
        t1_0.id,
        t1_0.assigned_to,
        t1_0.company_id,
        t1_0.completed_date,
        t1_0.created_at,
        t1_0.created_by,
        t1_0.creator_id,
        t1_0.department_id,
        t1_0.description,
        t1_0.due_date,
        t1_0.is_active,
        t1_0.priority,
        t1_0.project_id,
        t1_0.start_date,
        t1_0.status,
        t1_0.title,
        t1_0.updated_at,
        t1_0.updated_by 
    from
        tasks t1_0
2025-07-08T20:07:41.949+02:00 DEBUG 2708 --- [bika] [           main] org.hibernate.SQL                        : 
    select
        u1_0.id,
        u1_0.is_active,
        u1_0.company_id,
        u1_0.created_at,
        u1_0.created_by,
        u1_0.department_id,
        u1_0.email,
        u1_0.first_name,
        u1_0.last_login,
        u1_0.last_name,
        u1_0.password,
        u1_0.role,
        u1_0.updated_at,
        u1_0.updated_by,
        u1_0.username 
    from
        users u1_0
Hibernate: 
    select
        u1_0.id,
        u1_0.is_active,
        u1_0.company_id,
        u1_0.created_at,
        u1_0.created_by,
        u1_0.department_id,
        u1_0.email,
        u1_0.first_name,
        u1_0.last_login,
        u1_0.last_name,
        u1_0.password,
        u1_0.role,
        u1_0.updated_at,
        u1_0.updated_by,
        u1_0.username 
    from
        users u1_0
2025-07-08T20:07:41.951+02:00 DEBUG 2708 --- [bika] [           main] org.hibernate.SQL                        : 
    delete 
    from
        users 
    where
        id=?
Hibernate: 
    delete 
    from
        users 
    where
        id=?
2025-07-08T20:07:41.952+02:00 DEBUG 2708 --- [bika] [           main] org.hibernate.SQL                        : 
    delete 
    from
        users 
    where
        id=?
Hibernate: 
    delete 
    from
        users 
    where
        id=?
2025-07-08T20:07:41.953+02:00 DEBUG 2708 --- [bika] [           main] org.hibernate.SQL                        : 
    select
        p1_0.id,
        p1_0.code,
        p1_0.company_id,
        p1_0.created_at,
        p1_0.created_by,
        p1_0.department_id,
        p1_0.description,
        p1_0.end_date,
        p1_0.is_active,
        p1_0.name,
        p1_0.start_date,
        p1_0.status,
        p1_0.updated_at,
        p1_0.updated_by 
    from
        projects p1_0
Hibernate: 
    select
        p1_0.id,
        p1_0.code,
        p1_0.company_id,
        p1_0.created_at,
        p1_0.created_by,
        p1_0.department_id,
        p1_0.description,
        p1_0.end_date,
        p1_0.is_active,
        p1_0.name,
        p1_0.start_date,
        p1_0.status,
        p1_0.updated_at,
        p1_0.updated_by 
    from
        projects p1_0
2025-07-08T20:07:41.955+02:00 DEBUG 2708 --- [bika] [           main] org.hibernate.SQL                        : 
    delete 
    from
        projects 
    where
        id=?
Hibernate: 
    delete 
    from
        projects 
    where
        id=?
2025-07-08T20:07:41.956+02:00 DEBUG 2708 --- [bika] [           main] org.hibernate.SQL                        : 
    select
        d1_0.id,
        d1_0.is_active,
        d1_0.code,
        d1_0.company_id,
        d1_0.created_at,
        d1_0.created_by,
        d1_0.name,
        d1_0.parent_id,
        d1_0.updated_at,
        d1_0.updated_by 
    from
        departments d1_0
Hibernate: 
    select
        d1_0.id,
        d1_0.is_active,
        d1_0.code,
        d1_0.company_id,
        d1_0.created_at,
        d1_0.created_by,
        d1_0.name,
        d1_0.parent_id,
        d1_0.updated_at,
        d1_0.updated_by 
    from
        departments d1_0
2025-07-08T20:07:41.958+02:00 DEBUG 2708 --- [bika] [           main] org.hibernate.SQL                        : 
    delete 
    from
        departments 
    where
        id=?
Hibernate: 
    delete 
    from
        departments 
    where
        id=?
2025-07-08T20:07:41.960+02:00 DEBUG 2708 --- [bika] [           main] org.hibernate.SQL                        : 
    select
        c1_0.id,
        c1_0.is_active,
        c1_0.address,
        c1_0.code,
        c1_0.created_at,
        c1_0.created_by,
        c1_0.description,
        c1_0.email,
        c1_0.name,
        c1_0.phone,
        c1_0.updated_at,
        c1_0.updated_by 
    from
        companies c1_0
Hibernate: 
    select
        c1_0.id,
        c1_0.is_active,
        c1_0.address,
        c1_0.code,
        c1_0.created_at,
        c1_0.created_by,
        c1_0.description,
        c1_0.email,
        c1_0.name,
        c1_0.phone,
        c1_0.updated_at,
        c1_0.updated_by 
    from
        companies c1_0
2025-07-08T20:07:41.961+02:00 DEBUG 2708 --- [bika] [           main] org.hibernate.SQL                        : 
    select
        d1_0.company_id,
        d1_0.id,
        d1_0.is_active,
        d1_0.code,
        d1_0.created_at,
        d1_0.created_by,
        d1_0.name,
        d1_0.parent_id,
        d1_0.updated_at,
        d1_0.updated_by 
    from
        departments d1_0 
    where
        d1_0.company_id=?
Hibernate: 
    select
        d1_0.company_id,
        d1_0.id,
        d1_0.is_active,
        d1_0.code,
        d1_0.created_at,
        d1_0.created_by,
        d1_0.name,
        d1_0.parent_id,
        d1_0.updated_at,
        d1_0.updated_by 
    from
        departments d1_0 
    where
        d1_0.company_id=?
2025-07-08T20:07:41.962+02:00 DEBUG 2708 --- [bika] [           main] org.hibernate.SQL                        : 
    delete 
    from
        companies 
    where
        id=?
Hibernate: 
    delete 
    from
        companies 
    where
        id=?
]]></system-out>
  </testcase>
  <testcase name="createTask_ShouldFail_WhenUser" classname="com.bika.task.controller.TaskControllerIntegrationTest" time="0.338">
    <system-out><![CDATA[2025-07-08T20:07:41.972+02:00  INFO 2708 --- [bika] [           main] o.s.b.t.m.w.SpringBootMockServletContext : Initializing Spring TestDispatcherServlet ''
2025-07-08T20:07:41.972+02:00  INFO 2708 --- [bika] [           main] o.s.t.web.servlet.TestDispatcherServlet  : Initializing Servlet ''
2025-07-08T20:07:41.973+02:00  INFO 2708 --- [bika] [           main] o.s.t.web.servlet.TestDispatcherServlet  : Completed initialization in 1 ms
2025-07-08T20:07:41.976+02:00 DEBUG 2708 --- [bika] [           main] org.hibernate.SQL                        : 
    insert 
    into
        companies
        (is_active, address, code, created_at, created_by, description, email, name, phone, updated_at, updated_by, id) 
    values
        (?, ?, ?, ?, ?, ?, ?, ?, ?, ?, ?, default)
Hibernate: 
    insert 
    into
        companies
        (is_active, address, code, created_at, created_by, description, email, name, phone, updated_at, updated_by, id) 
    values
        (?, ?, ?, ?, ?, ?, ?, ?, ?, ?, ?, default)
2025-07-08T20:07:41.983+02:00 DEBUG 2708 --- [bika] [           main] org.hibernate.SQL                        : 
    insert 
    into
        departments
        (is_active, code, company_id, created_at, created_by, name, parent_id, updated_at, updated_by, id) 
    values
        (?, ?, ?, ?, ?, ?, ?, ?, ?, default)
Hibernate: 
    insert 
    into
        departments
        (is_active, code, company_id, created_at, created_by, name, parent_id, updated_at, updated_by, id) 
    values
        (?, ?, ?, ?, ?, ?, ?, ?, ?, default)
2025-07-08T20:07:41.990+02:00 DEBUG 2708 --- [bika] [           main] org.hibernate.SQL                        : 
    insert 
    into
        projects
        (code, company_id, created_at, created_by, department_id, description, end_date, is_active, name, start_date, status, updated_at, updated_by, id) 
    values
        (?, ?, ?, ?, ?, ?, ?, ?, ?, ?, ?, ?, ?, default)
Hibernate: 
    insert 
    into
        projects
        (code, company_id, created_at, created_by, department_id, description, end_date, is_active, name, start_date, status, updated_at, updated_by, id) 
    values
        (?, ?, ?, ?, ?, ?, ?, ?, ?, ?, ?, ?, ?, default)
2025-07-08T20:07:42.144+02:00 DEBUG 2708 --- [bika] [           main] org.hibernate.SQL                        : 
    insert 
    into
        users
        (is_active, company_id, created_at, created_by, department_id, email, first_name, last_login, last_name, password, role, updated_at, updated_by, username, id) 
    values
        (?, ?, ?, ?, ?, ?, ?, ?, ?, ?, ?, ?, ?, ?, default)
Hibernate: 
    insert 
    into
        users
        (is_active, company_id, created_at, created_by, department_id, email, first_name, last_login, last_name, password, role, updated_at, updated_by, username, id) 
    values
        (?, ?, ?, ?, ?, ?, ?, ?, ?, ?, ?, ?, ?, ?, default)
2025-07-08T20:07:42.252+02:00 DEBUG 2708 --- [bika] [           main] org.hibernate.SQL                        : 
    insert 
    into
        users
        (is_active, company_id, created_at, created_by, department_id, email, first_name, last_login, last_name, password, role, updated_at, updated_by, username, id) 
    values
        (?, ?, ?, ?, ?, ?, ?, ?, ?, ?, ?, ?, ?, ?, default)
Hibernate: 
    insert 
    into
        users
        (is_active, company_id, created_at, created_by, department_id, email, first_name, last_login, last_name, password, role, updated_at, updated_by, username, id) 
    values
        (?, ?, ?, ?, ?, ?, ?, ?, ?, ?, ?, ?, ?, ?, default)
2025-07-08T20:07:42.262+02:00 DEBUG 2708 --- [bika] [           main] org.hibernate.SQL                        : 
    select
        t1_0.id,
        t1_0.assigned_to,
        t1_0.company_id,
        t1_0.completed_date,
        t1_0.created_at,
        t1_0.created_by,
        t1_0.creator_id,
        t1_0.department_id,
        t1_0.description,
        t1_0.due_date,
        t1_0.is_active,
        t1_0.priority,
        t1_0.project_id,
        t1_0.start_date,
        t1_0.status,
        t1_0.title,
        t1_0.updated_at,
        t1_0.updated_by 
    from
        tasks t1_0
Hibernate: 
    select
        t1_0.id,
        t1_0.assigned_to,
        t1_0.company_id,
        t1_0.completed_date,
        t1_0.created_at,
        t1_0.created_by,
        t1_0.creator_id,
        t1_0.department_id,
        t1_0.description,
        t1_0.due_date,
        t1_0.is_active,
        t1_0.priority,
        t1_0.project_id,
        t1_0.start_date,
        t1_0.status,
        t1_0.title,
        t1_0.updated_at,
        t1_0.updated_by 
    from
        tasks t1_0
2025-07-08T20:07:42.274+02:00 DEBUG 2708 --- [bika] [           main] org.hibernate.SQL                        : 
    select
        u1_0.id,
        u1_0.is_active,
        u1_0.company_id,
        u1_0.created_at,
        u1_0.created_by,
        u1_0.department_id,
        u1_0.email,
        u1_0.first_name,
        u1_0.last_login,
        u1_0.last_name,
        u1_0.password,
        u1_0.role,
        u1_0.updated_at,
        u1_0.updated_by,
        u1_0.username 
    from
        users u1_0
Hibernate: 
    select
        u1_0.id,
        u1_0.is_active,
        u1_0.company_id,
        u1_0.created_at,
        u1_0.created_by,
        u1_0.department_id,
        u1_0.email,
        u1_0.first_name,
        u1_0.last_login,
        u1_0.last_name,
        u1_0.password,
        u1_0.role,
        u1_0.updated_at,
        u1_0.updated_by,
        u1_0.username 
    from
        users u1_0
2025-07-08T20:07:42.277+02:00 DEBUG 2708 --- [bika] [           main] org.hibernate.SQL                        : 
    delete 
    from
        users 
    where
        id=?
Hibernate: 
    delete 
    from
        users 
    where
        id=?
2025-07-08T20:07:42.277+02:00 DEBUG 2708 --- [bika] [           main] org.hibernate.SQL                        : 
    delete 
    from
        users 
    where
        id=?
Hibernate: 
    delete 
    from
        users 
    where
        id=?
2025-07-08T20:07:42.280+02:00 DEBUG 2708 --- [bika] [           main] org.hibernate.SQL                        : 
    select
        p1_0.id,
        p1_0.code,
        p1_0.company_id,
        p1_0.created_at,
        p1_0.created_by,
        p1_0.department_id,
        p1_0.description,
        p1_0.end_date,
        p1_0.is_active,
        p1_0.name,
        p1_0.start_date,
        p1_0.status,
        p1_0.updated_at,
        p1_0.updated_by 
    from
        projects p1_0
Hibernate: 
    select
        p1_0.id,
        p1_0.code,
        p1_0.company_id,
        p1_0.created_at,
        p1_0.created_by,
        p1_0.department_id,
        p1_0.description,
        p1_0.end_date,
        p1_0.is_active,
        p1_0.name,
        p1_0.start_date,
        p1_0.status,
        p1_0.updated_at,
        p1_0.updated_by 
    from
        projects p1_0
2025-07-08T20:07:42.282+02:00 DEBUG 2708 --- [bika] [           main] org.hibernate.SQL                        : 
    delete 
    from
        projects 
    where
        id=?
Hibernate: 
    delete 
    from
        projects 
    where
        id=?
2025-07-08T20:07:42.284+02:00 DEBUG 2708 --- [bika] [           main] org.hibernate.SQL                        : 
    select
        d1_0.id,
        d1_0.is_active,
        d1_0.code,
        d1_0.company_id,
        d1_0.created_at,
        d1_0.created_by,
        d1_0.name,
        d1_0.parent_id,
        d1_0.updated_at,
        d1_0.updated_by 
    from
        departments d1_0
Hibernate: 
    select
        d1_0.id,
        d1_0.is_active,
        d1_0.code,
        d1_0.company_id,
        d1_0.created_at,
        d1_0.created_by,
        d1_0.name,
        d1_0.parent_id,
        d1_0.updated_at,
        d1_0.updated_by 
    from
        departments d1_0
2025-07-08T20:07:42.285+02:00 DEBUG 2708 --- [bika] [           main] org.hibernate.SQL                        : 
    delete 
    from
        departments 
    where
        id=?
Hibernate: 
    delete 
    from
        departments 
    where
        id=?
2025-07-08T20:07:42.289+02:00 DEBUG 2708 --- [bika] [           main] org.hibernate.SQL                        : 
    select
        c1_0.id,
        c1_0.is_active,
        c1_0.address,
        c1_0.code,
        c1_0.created_at,
        c1_0.created_by,
        c1_0.description,
        c1_0.email,
        c1_0.name,
        c1_0.phone,
        c1_0.updated_at,
        c1_0.updated_by 
    from
        companies c1_0
Hibernate: 
    select
        c1_0.id,
        c1_0.is_active,
        c1_0.address,
        c1_0.code,
        c1_0.created_at,
        c1_0.created_by,
        c1_0.description,
        c1_0.email,
        c1_0.name,
        c1_0.phone,
        c1_0.updated_at,
        c1_0.updated_by 
    from
        companies c1_0
2025-07-08T20:07:42.291+02:00 DEBUG 2708 --- [bika] [           main] org.hibernate.SQL                        : 
    select
        d1_0.company_id,
        d1_0.id,
        d1_0.is_active,
        d1_0.code,
        d1_0.created_at,
        d1_0.created_by,
        d1_0.name,
        d1_0.parent_id,
        d1_0.updated_at,
        d1_0.updated_by 
    from
        departments d1_0 
    where
        d1_0.company_id=?
Hibernate: 
    select
        d1_0.company_id,
        d1_0.id,
        d1_0.is_active,
        d1_0.code,
        d1_0.created_at,
        d1_0.created_by,
        d1_0.name,
        d1_0.parent_id,
        d1_0.updated_at,
        d1_0.updated_by 
    from
        departments d1_0 
    where
        d1_0.company_id=?
2025-07-08T20:07:42.300+02:00 DEBUG 2708 --- [bika] [           main] org.hibernate.SQL                        : 
    delete 
    from
        companies 
    where
        id=?
Hibernate: 
    delete 
    from
        companies 
    where
        id=?
]]></system-out>
  </testcase>
  <testcase name="createTask_ShouldSucceed_WhenAdmin" classname="com.bika.task.controller.TaskControllerIntegrationTest" time="0.301">
    <system-out><![CDATA[2025-07-08T20:07:42.311+02:00  INFO 2708 --- [bika] [           main] o.s.b.t.m.w.SpringBootMockServletContext : Initializing Spring TestDispatcherServlet ''
2025-07-08T20:07:42.311+02:00  INFO 2708 --- [bika] [           main] o.s.t.web.servlet.TestDispatcherServlet  : Initializing Servlet ''
2025-07-08T20:07:42.314+02:00  INFO 2708 --- [bika] [           main] o.s.t.web.servlet.TestDispatcherServlet  : Completed initialization in 3 ms
2025-07-08T20:07:42.315+02:00 DEBUG 2708 --- [bika] [           main] org.hibernate.SQL                        : 
    insert 
    into
        companies
        (is_active, address, code, created_at, created_by, description, email, name, phone, updated_at, updated_by, id) 
    values
        (?, ?, ?, ?, ?, ?, ?, ?, ?, ?, ?, default)
Hibernate: 
    insert 
    into
        companies
        (is_active, address, code, created_at, created_by, description, email, name, phone, updated_at, updated_by, id) 
    values
        (?, ?, ?, ?, ?, ?, ?, ?, ?, ?, ?, default)
2025-07-08T20:07:42.318+02:00 DEBUG 2708 --- [bika] [           main] org.hibernate.SQL                        : 
    insert 
    into
        departments
        (is_active, code, company_id, created_at, created_by, name, parent_id, updated_at, updated_by, id) 
    values
        (?, ?, ?, ?, ?, ?, ?, ?, ?, default)
Hibernate: 
    insert 
    into
        departments
        (is_active, code, company_id, created_at, created_by, name, parent_id, updated_at, updated_by, id) 
    values
        (?, ?, ?, ?, ?, ?, ?, ?, ?, default)
2025-07-08T20:07:42.321+02:00 DEBUG 2708 --- [bika] [           main] org.hibernate.SQL                        : 
    insert 
    into
        projects
        (code, company_id, created_at, created_by, department_id, description, end_date, is_active, name, start_date, status, updated_at, updated_by, id) 
    values
        (?, ?, ?, ?, ?, ?, ?, ?, ?, ?, ?, ?, ?, default)
Hibernate: 
    insert 
    into
        projects
        (code, company_id, created_at, created_by, department_id, description, end_date, is_active, name, start_date, status, updated_at, updated_by, id) 
    values
        (?, ?, ?, ?, ?, ?, ?, ?, ?, ?, ?, ?, ?, default)
2025-07-08T20:07:42.448+02:00 DEBUG 2708 --- [bika] [           main] org.hibernate.SQL                        : 
    insert 
    into
        users
        (is_active, company_id, created_at, created_by, department_id, email, first_name, last_login, last_name, password, role, updated_at, updated_by, username, id) 
    values
        (?, ?, ?, ?, ?, ?, ?, ?, ?, ?, ?, ?, ?, ?, default)
Hibernate: 
    insert 
    into
        users
        (is_active, company_id, created_at, created_by, department_id, email, first_name, last_login, last_name, password, role, updated_at, updated_by, username, id) 
    values
        (?, ?, ?, ?, ?, ?, ?, ?, ?, ?, ?, ?, ?, ?, default)
2025-07-08T20:07:42.572+02:00 DEBUG 2708 --- [bika] [           main] org.hibernate.SQL                        : 
    insert 
    into
        users
        (is_active, company_id, created_at, created_by, department_id, email, first_name, last_login, last_name, password, role, updated_at, updated_by, username, id) 
    values
        (?, ?, ?, ?, ?, ?, ?, ?, ?, ?, ?, ?, ?, ?, default)
Hibernate: 
    insert 
    into
        users
        (is_active, company_id, created_at, created_by, department_id, email, first_name, last_login, last_name, password, role, updated_at, updated_by, username, id) 
    values
        (?, ?, ?, ?, ?, ?, ?, ?, ?, ?, ?, ?, ?, ?, default)
2025-07-08T20:07:42.576+02:00 DEBUG 2708 --- [bika] [           main] org.hibernate.SQL                        : 
    select
        c1_0.id,
        c1_0.is_active,
        c1_0.address,
        c1_0.code,
        c1_0.created_at,
        c1_0.created_by,
        c1_0.description,
        c1_0.email,
        c1_0.name,
        c1_0.phone,
        c1_0.updated_at,
        c1_0.updated_by 
    from
        companies c1_0 
    where
        c1_0.id=?
Hibernate: 
    select
        c1_0.id,
        c1_0.is_active,
        c1_0.address,
        c1_0.code,
        c1_0.created_at,
        c1_0.created_by,
        c1_0.description,
        c1_0.email,
        c1_0.name,
        c1_0.phone,
        c1_0.updated_at,
        c1_0.updated_by 
    from
        companies c1_0 
    where
        c1_0.id=?
2025-07-08T20:07:42.577+02:00 DEBUG 2708 --- [bika] [           main] org.hibernate.SQL                        : 
    select
        d1_0.id,
        d1_0.is_active,
        d1_0.code,
        d1_0.company_id,
        d1_0.created_at,
        d1_0.created_by,
        d1_0.name,
        d1_0.parent_id,
        d1_0.updated_at,
        d1_0.updated_by 
    from
        departments d1_0 
    where
        d1_0.id=?
Hibernate: 
    select
        d1_0.id,
        d1_0.is_active,
        d1_0.code,
        d1_0.company_id,
        d1_0.created_at,
        d1_0.created_by,
        d1_0.name,
        d1_0.parent_id,
        d1_0.updated_at,
        d1_0.updated_by 
    from
        departments d1_0 
    where
        d1_0.id=?
2025-07-08T20:07:42.578+02:00 DEBUG 2708 --- [bika] [           main] org.hibernate.SQL                        : 
    select
        p1_0.id,
        p1_0.code,
        p1_0.company_id,
        p1_0.created_at,
        p1_0.created_by,
        p1_0.department_id,
        p1_0.description,
        p1_0.end_date,
        p1_0.is_active,
        p1_0.name,
        p1_0.start_date,
        p1_0.status,
        p1_0.updated_at,
        p1_0.updated_by 
    from
        projects p1_0 
    where
        p1_0.id=?
Hibernate: 
    select
        p1_0.id,
        p1_0.code,
        p1_0.company_id,
        p1_0.created_at,
        p1_0.created_by,
        p1_0.department_id,
        p1_0.description,
        p1_0.end_date,
        p1_0.is_active,
        p1_0.name,
        p1_0.start_date,
        p1_0.status,
        p1_0.updated_at,
        p1_0.updated_by 
    from
        projects p1_0 
    where
        p1_0.id=?
2025-07-08T20:07:42.580+02:00 DEBUG 2708 --- [bika] [           main] org.hibernate.SQL                        : 
    select
        u1_0.id,
        u1_0.is_active,
        u1_0.company_id,
        u1_0.created_at,
        u1_0.created_by,
        u1_0.department_id,
        u1_0.email,
        u1_0.first_name,
        u1_0.last_login,
        u1_0.last_name,
        u1_0.password,
        u1_0.role,
        u1_0.updated_at,
        u1_0.updated_by,
        u1_0.username 
    from
        users u1_0 
    where
        u1_0.id=?
Hibernate: 
    select
        u1_0.id,
        u1_0.is_active,
        u1_0.company_id,
        u1_0.created_at,
        u1_0.created_by,
        u1_0.department_id,
        u1_0.email,
        u1_0.first_name,
        u1_0.last_login,
        u1_0.last_name,
        u1_0.password,
        u1_0.role,
        u1_0.updated_at,
        u1_0.updated_by,
        u1_0.username 
    from
        users u1_0 
    where
        u1_0.id=?
2025-07-08T20:07:42.582+02:00 DEBUG 2708 --- [bika] [           main] org.hibernate.SQL                        : 
    select
        u1_0.id,
        u1_0.is_active,
        u1_0.company_id,
        u1_0.created_at,
        u1_0.created_by,
        u1_0.department_id,
        u1_0.email,
        u1_0.first_name,
        u1_0.last_login,
        u1_0.last_name,
        u1_0.password,
        u1_0.role,
        u1_0.updated_at,
        u1_0.updated_by,
        u1_0.username 
    from
        users u1_0 
    where
        u1_0.email=?
Hibernate: 
    select
        u1_0.id,
        u1_0.is_active,
        u1_0.company_id,
        u1_0.created_at,
        u1_0.created_by,
        u1_0.department_id,
        u1_0.email,
        u1_0.first_name,
        u1_0.last_login,
        u1_0.last_name,
        u1_0.password,
        u1_0.role,
        u1_0.updated_at,
        u1_0.updated_by,
        u1_0.username 
    from
        users u1_0 
    where
        u1_0.email=?
2025-07-08T20:07:42.583+02:00 DEBUG 2708 --- [bika] [           main] org.hibernate.SQL                        : 
    select
        u1_0.id,
        u1_0.is_active,
        u1_0.company_id,
        u1_0.created_at,
        u1_0.created_by,
        u1_0.department_id,
        u1_0.email,
        u1_0.first_name,
        u1_0.last_login,
        u1_0.last_name,
        u1_0.password,
        u1_0.role,
        u1_0.updated_at,
        u1_0.updated_by,
        u1_0.username 
    from
        users u1_0 
    where
        u1_0.id=?
Hibernate: 
    select
        u1_0.id,
        u1_0.is_active,
        u1_0.company_id,
        u1_0.created_at,
        u1_0.created_by,
        u1_0.department_id,
        u1_0.email,
        u1_0.first_name,
        u1_0.last_login,
        u1_0.last_name,
        u1_0.password,
        u1_0.role,
        u1_0.updated_at,
        u1_0.updated_by,
        u1_0.username 
    from
        users u1_0 
    where
        u1_0.id=?
2025-07-08T20:07:42.584+02:00 DEBUG 2708 --- [bika] [           main] org.hibernate.SQL                        : 
    insert 
    into
        tasks
        (assigned_to, company_id, completed_date, created_at, created_by, creator_id, department_id, description, due_date, is_active, priority, project_id, start_date, status, title, updated_at, updated_by, id) 
    values
        (?, ?, ?, ?, ?, ?, ?, ?, ?, ?, ?, ?, ?, ?, ?, ?, ?, default)
Hibernate: 
    insert 
    into
        tasks
        (assigned_to, company_id, completed_date, created_at, created_by, creator_id, department_id, description, due_date, is_active, priority, project_id, start_date, status, title, updated_at, updated_by, id) 
    values
        (?, ?, ?, ?, ?, ?, ?, ?, ?, ?, ?, ?, ?, ?, ?, ?, ?, default)
2025-07-08T20:07:42.588+02:00 DEBUG 2708 --- [bika] [           main] org.hibernate.SQL                        : 
    select
        t1_0.id,
        t1_0.assigned_to,
        t1_0.company_id,
        t1_0.completed_date,
        t1_0.created_at,
        t1_0.created_by,
        t1_0.creator_id,
        t1_0.department_id,
        t1_0.description,
        t1_0.due_date,
        t1_0.is_active,
        t1_0.priority,
        t1_0.project_id,
        t1_0.start_date,
        t1_0.status,
        t1_0.title,
        t1_0.updated_at,
        t1_0.updated_by 
    from
        tasks t1_0
Hibernate: 
    select
        t1_0.id,
        t1_0.assigned_to,
        t1_0.company_id,
        t1_0.completed_date,
        t1_0.created_at,
        t1_0.created_by,
        t1_0.creator_id,
        t1_0.department_id,
        t1_0.description,
        t1_0.due_date,
        t1_0.is_active,
        t1_0.priority,
        t1_0.project_id,
        t1_0.start_date,
        t1_0.status,
        t1_0.title,
        t1_0.updated_at,
        t1_0.updated_by 
    from
        tasks t1_0
2025-07-08T20:07:42.590+02:00 DEBUG 2708 --- [bika] [           main] org.hibernate.SQL                        : 
    delete 
    from
        tasks 
    where
        id=?
Hibernate: 
    delete 
    from
        tasks 
    where
        id=?
2025-07-08T20:07:42.592+02:00 DEBUG 2708 --- [bika] [           main] org.hibernate.SQL                        : 
    select
        u1_0.id,
        u1_0.is_active,
        u1_0.company_id,
        u1_0.created_at,
        u1_0.created_by,
        u1_0.department_id,
        u1_0.email,
        u1_0.first_name,
        u1_0.last_login,
        u1_0.last_name,
        u1_0.password,
        u1_0.role,
        u1_0.updated_at,
        u1_0.updated_by,
        u1_0.username 
    from
        users u1_0
Hibernate: 
    select
        u1_0.id,
        u1_0.is_active,
        u1_0.company_id,
        u1_0.created_at,
        u1_0.created_by,
        u1_0.department_id,
        u1_0.email,
        u1_0.first_name,
        u1_0.last_login,
        u1_0.last_name,
        u1_0.password,
        u1_0.role,
        u1_0.updated_at,
        u1_0.updated_by,
        u1_0.username 
    from
        users u1_0
2025-07-08T20:07:42.593+02:00 DEBUG 2708 --- [bika] [           main] org.hibernate.SQL                        : 
    delete 
    from
        users 
    where
        id=?
Hibernate: 
    delete 
    from
        users 
    where
        id=?
2025-07-08T20:07:42.594+02:00 DEBUG 2708 --- [bika] [           main] org.hibernate.SQL                        : 
    delete 
    from
        users 
    where
        id=?
Hibernate: 
    delete 
    from
        users 
    where
        id=?
2025-07-08T20:07:42.595+02:00 DEBUG 2708 --- [bika] [           main] org.hibernate.SQL                        : 
    select
        p1_0.id,
        p1_0.code,
        p1_0.company_id,
        p1_0.created_at,
        p1_0.created_by,
        p1_0.department_id,
        p1_0.description,
        p1_0.end_date,
        p1_0.is_active,
        p1_0.name,
        p1_0.start_date,
        p1_0.status,
        p1_0.updated_at,
        p1_0.updated_by 
    from
        projects p1_0
Hibernate: 
    select
        p1_0.id,
        p1_0.code,
        p1_0.company_id,
        p1_0.created_at,
        p1_0.created_by,
        p1_0.department_id,
        p1_0.description,
        p1_0.end_date,
        p1_0.is_active,
        p1_0.name,
        p1_0.start_date,
        p1_0.status,
        p1_0.updated_at,
        p1_0.updated_by 
    from
        projects p1_0
2025-07-08T20:07:42.596+02:00 DEBUG 2708 --- [bika] [           main] org.hibernate.SQL                        : 
    delete 
    from
        projects 
    where
        id=?
Hibernate: 
    delete 
    from
        projects 
    where
        id=?
2025-07-08T20:07:42.598+02:00 DEBUG 2708 --- [bika] [           main] org.hibernate.SQL                        : 
    select
        d1_0.id,
        d1_0.is_active,
        d1_0.code,
        d1_0.company_id,
        d1_0.created_at,
        d1_0.created_by,
        d1_0.name,
        d1_0.parent_id,
        d1_0.updated_at,
        d1_0.updated_by 
    from
        departments d1_0
Hibernate: 
    select
        d1_0.id,
        d1_0.is_active,
        d1_0.code,
        d1_0.company_id,
        d1_0.created_at,
        d1_0.created_by,
        d1_0.name,
        d1_0.parent_id,
        d1_0.updated_at,
        d1_0.updated_by 
    from
        departments d1_0
2025-07-08T20:07:42.601+02:00 DEBUG 2708 --- [bika] [           main] org.hibernate.SQL                        : 
    delete 
    from
        departments 
    where
        id=?
Hibernate: 
    delete 
    from
        departments 
    where
        id=?
2025-07-08T20:07:42.603+02:00 DEBUG 2708 --- [bika] [           main] org.hibernate.SQL                        : 
    select
        c1_0.id,
        c1_0.is_active,
        c1_0.address,
        c1_0.code,
        c1_0.created_at,
        c1_0.created_by,
        c1_0.description,
        c1_0.email,
        c1_0.name,
        c1_0.phone,
        c1_0.updated_at,
        c1_0.updated_by 
    from
        companies c1_0
Hibernate: 
    select
        c1_0.id,
        c1_0.is_active,
        c1_0.address,
        c1_0.code,
        c1_0.created_at,
        c1_0.created_by,
        c1_0.description,
        c1_0.email,
        c1_0.name,
        c1_0.phone,
        c1_0.updated_at,
        c1_0.updated_by 
    from
        companies c1_0
2025-07-08T20:07:42.604+02:00 DEBUG 2708 --- [bika] [           main] org.hibernate.SQL                        : 
    select
        d1_0.company_id,
        d1_0.id,
        d1_0.is_active,
        d1_0.code,
        d1_0.created_at,
        d1_0.created_by,
        d1_0.name,
        d1_0.parent_id,
        d1_0.updated_at,
        d1_0.updated_by 
    from
        departments d1_0 
    where
        d1_0.company_id=?
Hibernate: 
    select
        d1_0.company_id,
        d1_0.id,
        d1_0.is_active,
        d1_0.code,
        d1_0.created_at,
        d1_0.created_by,
        d1_0.name,
        d1_0.parent_id,
        d1_0.updated_at,
        d1_0.updated_by 
    from
        departments d1_0 
    where
        d1_0.company_id=?
2025-07-08T20:07:42.605+02:00 DEBUG 2708 --- [bika] [           main] org.hibernate.SQL                        : 
    delete 
    from
        companies 
    where
        id=?
Hibernate: 
    delete 
    from
        companies 
    where
        id=?
]]></system-out>
  </testcase>
  <testcase name="getTasksByProject_ShouldFail_WhenProjectNotFound" classname="com.bika.task.controller.TaskControllerIntegrationTest" time="0.296">
    <system-out><![CDATA[2025-07-08T20:07:42.613+02:00  INFO 2708 --- [bika] [           main] o.s.b.t.m.w.SpringBootMockServletContext : Initializing Spring TestDispatcherServlet ''
2025-07-08T20:07:42.614+02:00  INFO 2708 --- [bika] [           main] o.s.t.web.servlet.TestDispatcherServlet  : Initializing Servlet ''
2025-07-08T20:07:42.617+02:00  INFO 2708 --- [bika] [           main] o.s.t.web.servlet.TestDispatcherServlet  : Completed initialization in 3 ms
2025-07-08T20:07:42.618+02:00 DEBUG 2708 --- [bika] [           main] org.hibernate.SQL                        : 
    insert 
    into
        companies
        (is_active, address, code, created_at, created_by, description, email, name, phone, updated_at, updated_by, id) 
    values
        (?, ?, ?, ?, ?, ?, ?, ?, ?, ?, ?, default)
Hibernate: 
    insert 
    into
        companies
        (is_active, address, code, created_at, created_by, description, email, name, phone, updated_at, updated_by, id) 
    values
        (?, ?, ?, ?, ?, ?, ?, ?, ?, ?, ?, default)
2025-07-08T20:07:42.622+02:00 DEBUG 2708 --- [bika] [           main] org.hibernate.SQL                        : 
    insert 
    into
        departments
        (is_active, code, company_id, created_at, created_by, name, parent_id, updated_at, updated_by, id) 
    values
        (?, ?, ?, ?, ?, ?, ?, ?, ?, default)
Hibernate: 
    insert 
    into
        departments
        (is_active, code, company_id, created_at, created_by, name, parent_id, updated_at, updated_by, id) 
    values
        (?, ?, ?, ?, ?, ?, ?, ?, ?, default)
2025-07-08T20:07:42.626+02:00 DEBUG 2708 --- [bika] [           main] org.hibernate.SQL                        : 
    insert 
    into
        projects
        (code, company_id, created_at, created_by, department_id, description, end_date, is_active, name, start_date, status, updated_at, updated_by, id) 
    values
        (?, ?, ?, ?, ?, ?, ?, ?, ?, ?, ?, ?, ?, default)
Hibernate: 
    insert 
    into
        projects
        (code, company_id, created_at, created_by, department_id, description, end_date, is_active, name, start_date, status, updated_at, updated_by, id) 
    values
        (?, ?, ?, ?, ?, ?, ?, ?, ?, ?, ?, ?, ?, default)
2025-07-08T20:07:42.758+02:00 DEBUG 2708 --- [bika] [           main] org.hibernate.SQL                        : 
    insert 
    into
        users
        (is_active, company_id, created_at, created_by, department_id, email, first_name, last_login, last_name, password, role, updated_at, updated_by, username, id) 
    values
        (?, ?, ?, ?, ?, ?, ?, ?, ?, ?, ?, ?, ?, ?, default)
Hibernate: 
    insert 
    into
        users
        (is_active, company_id, created_at, created_by, department_id, email, first_name, last_login, last_name, password, role, updated_at, updated_by, username, id) 
    values
        (?, ?, ?, ?, ?, ?, ?, ?, ?, ?, ?, ?, ?, ?, default)
2025-07-08T20:07:42.884+02:00 DEBUG 2708 --- [bika] [           main] org.hibernate.SQL                        : 
    insert 
    into
        users
        (is_active, company_id, created_at, created_by, department_id, email, first_name, last_login, last_name, password, role, updated_at, updated_by, username, id) 
    values
        (?, ?, ?, ?, ?, ?, ?, ?, ?, ?, ?, ?, ?, ?, default)
Hibernate: 
    insert 
    into
        users
        (is_active, company_id, created_at, created_by, department_id, email, first_name, last_login, last_name, password, role, updated_at, updated_by, username, id) 
    values
        (?, ?, ?, ?, ?, ?, ?, ?, ?, ?, ?, ?, ?, ?, default)
2025-07-08T20:07:42.887+02:00 DEBUG 2708 --- [bika] [           main] org.hibernate.SQL                        : 
    select
        p1_0.id,
        p1_0.code,
        p1_0.company_id,
        p1_0.created_at,
        p1_0.created_by,
        p1_0.department_id,
        p1_0.description,
        p1_0.end_date,
        p1_0.is_active,
        p1_0.name,
        p1_0.start_date,
        p1_0.status,
        p1_0.updated_at,
        p1_0.updated_by 
    from
        projects p1_0 
    where
        p1_0.id=?
Hibernate: 
    select
        p1_0.id,
        p1_0.code,
        p1_0.company_id,
        p1_0.created_at,
        p1_0.created_by,
        p1_0.department_id,
        p1_0.description,
        p1_0.end_date,
        p1_0.is_active,
        p1_0.name,
        p1_0.start_date,
        p1_0.status,
        p1_0.updated_at,
        p1_0.updated_by 
    from
        projects p1_0 
    where
        p1_0.id=?
2025-07-08T20:07:42.890+02:00 DEBUG 2708 --- [bika] [           main] org.hibernate.SQL                        : 
    select
        t1_0.id,
        t1_0.assigned_to,
        t1_0.company_id,
        t1_0.completed_date,
        t1_0.created_at,
        t1_0.created_by,
        t1_0.creator_id,
        t1_0.department_id,
        t1_0.description,
        t1_0.due_date,
        t1_0.is_active,
        t1_0.priority,
        t1_0.project_id,
        t1_0.start_date,
        t1_0.status,
        t1_0.title,
        t1_0.updated_at,
        t1_0.updated_by 
    from
        tasks t1_0
Hibernate: 
    select
        t1_0.id,
        t1_0.assigned_to,
        t1_0.company_id,
        t1_0.completed_date,
        t1_0.created_at,
        t1_0.created_by,
        t1_0.creator_id,
        t1_0.department_id,
        t1_0.description,
        t1_0.due_date,
        t1_0.is_active,
        t1_0.priority,
        t1_0.project_id,
        t1_0.start_date,
        t1_0.status,
        t1_0.title,
        t1_0.updated_at,
        t1_0.updated_by 
    from
        tasks t1_0
2025-07-08T20:07:42.892+02:00 DEBUG 2708 --- [bika] [           main] org.hibernate.SQL                        : 
    select
        u1_0.id,
        u1_0.is_active,
        u1_0.company_id,
        u1_0.created_at,
        u1_0.created_by,
        u1_0.department_id,
        u1_0.email,
        u1_0.first_name,
        u1_0.last_login,
        u1_0.last_name,
        u1_0.password,
        u1_0.role,
        u1_0.updated_at,
        u1_0.updated_by,
        u1_0.username 
    from
        users u1_0
Hibernate: 
    select
        u1_0.id,
        u1_0.is_active,
        u1_0.company_id,
        u1_0.created_at,
        u1_0.created_by,
        u1_0.department_id,
        u1_0.email,
        u1_0.first_name,
        u1_0.last_login,
        u1_0.last_name,
        u1_0.password,
        u1_0.role,
        u1_0.updated_at,
        u1_0.updated_by,
        u1_0.username 
    from
        users u1_0
2025-07-08T20:07:42.893+02:00 DEBUG 2708 --- [bika] [           main] org.hibernate.SQL                        : 
    delete 
    from
        users 
    where
        id=?
Hibernate: 
    delete 
    from
        users 
    where
        id=?
2025-07-08T20:07:42.893+02:00 DEBUG 2708 --- [bika] [           main] org.hibernate.SQL                        : 
    delete 
    from
        users 
    where
        id=?
Hibernate: 
    delete 
    from
        users 
    where
        id=?
2025-07-08T20:07:42.895+02:00 DEBUG 2708 --- [bika] [           main] org.hibernate.SQL                        : 
    select
        p1_0.id,
        p1_0.code,
        p1_0.company_id,
        p1_0.created_at,
        p1_0.created_by,
        p1_0.department_id,
        p1_0.description,
        p1_0.end_date,
        p1_0.is_active,
        p1_0.name,
        p1_0.start_date,
        p1_0.status,
        p1_0.updated_at,
        p1_0.updated_by 
    from
        projects p1_0
Hibernate: 
    select
        p1_0.id,
        p1_0.code,
        p1_0.company_id,
        p1_0.created_at,
        p1_0.created_by,
        p1_0.department_id,
        p1_0.description,
        p1_0.end_date,
        p1_0.is_active,
        p1_0.name,
        p1_0.start_date,
        p1_0.status,
        p1_0.updated_at,
        p1_0.updated_by 
    from
        projects p1_0
2025-07-08T20:07:42.897+02:00 DEBUG 2708 --- [bika] [           main] org.hibernate.SQL                        : 
    delete 
    from
        projects 
    where
        id=?
Hibernate: 
    delete 
    from
        projects 
    where
        id=?
2025-07-08T20:07:42.898+02:00 DEBUG 2708 --- [bika] [           main] org.hibernate.SQL                        : 
    select
        d1_0.id,
        d1_0.is_active,
        d1_0.code,
        d1_0.company_id,
        d1_0.created_at,
        d1_0.created_by,
        d1_0.name,
        d1_0.parent_id,
        d1_0.updated_at,
        d1_0.updated_by 
    from
        departments d1_0
Hibernate: 
    select
        d1_0.id,
        d1_0.is_active,
        d1_0.code,
        d1_0.company_id,
        d1_0.created_at,
        d1_0.created_by,
        d1_0.name,
        d1_0.parent_id,
        d1_0.updated_at,
        d1_0.updated_by 
    from
        departments d1_0
2025-07-08T20:07:42.900+02:00 DEBUG 2708 --- [bika] [           main] org.hibernate.SQL                        : 
    delete 
    from
        departments 
    where
        id=?
Hibernate: 
    delete 
    from
        departments 
    where
        id=?
2025-07-08T20:07:42.902+02:00 DEBUG 2708 --- [bika] [           main] org.hibernate.SQL                        : 
    select
        c1_0.id,
        c1_0.is_active,
        c1_0.address,
        c1_0.code,
        c1_0.created_at,
        c1_0.created_by,
        c1_0.description,
        c1_0.email,
        c1_0.name,
        c1_0.phone,
        c1_0.updated_at,
        c1_0.updated_by 
    from
        companies c1_0
Hibernate: 
    select
        c1_0.id,
        c1_0.is_active,
        c1_0.address,
        c1_0.code,
        c1_0.created_at,
        c1_0.created_by,
        c1_0.description,
        c1_0.email,
        c1_0.name,
        c1_0.phone,
        c1_0.updated_at,
        c1_0.updated_by 
    from
        companies c1_0
2025-07-08T20:07:42.903+02:00 DEBUG 2708 --- [bika] [           main] org.hibernate.SQL                        : 
    select
        d1_0.company_id,
        d1_0.id,
        d1_0.is_active,
        d1_0.code,
        d1_0.created_at,
        d1_0.created_by,
        d1_0.name,
        d1_0.parent_id,
        d1_0.updated_at,
        d1_0.updated_by 
    from
        departments d1_0 
    where
        d1_0.company_id=?
Hibernate: 
    select
        d1_0.company_id,
        d1_0.id,
        d1_0.is_active,
        d1_0.code,
        d1_0.created_at,
        d1_0.created_by,
        d1_0.name,
        d1_0.parent_id,
        d1_0.updated_at,
        d1_0.updated_by 
    from
        departments d1_0 
    where
        d1_0.company_id=?
2025-07-08T20:07:42.903+02:00 DEBUG 2708 --- [bika] [           main] org.hibernate.SQL                        : 
    delete 
    from
        companies 
    where
        id=?
Hibernate: 
    delete 
    from
        companies 
    where
        id=?
]]></system-out>
  </testcase>
  <testcase name="getTasksByDepartment_ShouldFail_WhenDepartmentNotFound" classname="com.bika.task.controller.TaskControllerIntegrationTest" time="0.332">
    <system-out><![CDATA[2025-07-08T20:07:42.911+02:00  INFO 2708 --- [bika] [           main] o.s.b.t.m.w.SpringBootMockServletContext : Initializing Spring TestDispatcherServlet ''
2025-07-08T20:07:42.911+02:00  INFO 2708 --- [bika] [           main] o.s.t.web.servlet.TestDispatcherServlet  : Initializing Servlet ''
2025-07-08T20:07:42.912+02:00  INFO 2708 --- [bika] [           main] o.s.t.web.servlet.TestDispatcherServlet  : Completed initialization in 1 ms
2025-07-08T20:07:42.913+02:00 DEBUG 2708 --- [bika] [           main] org.hibernate.SQL                        : 
    insert 
    into
        companies
        (is_active, address, code, created_at, created_by, description, email, name, phone, updated_at, updated_by, id) 
    values
        (?, ?, ?, ?, ?, ?, ?, ?, ?, ?, ?, default)
Hibernate: 
    insert 
    into
        companies
        (is_active, address, code, created_at, created_by, description, email, name, phone, updated_at, updated_by, id) 
    values
        (?, ?, ?, ?, ?, ?, ?, ?, ?, ?, ?, default)
2025-07-08T20:07:42.914+02:00 DEBUG 2708 --- [bika] [           main] org.hibernate.SQL                        : 
    insert 
    into
        departments
        (is_active, code, company_id, created_at, created_by, name, parent_id, updated_at, updated_by, id) 
    values
        (?, ?, ?, ?, ?, ?, ?, ?, ?, default)
Hibernate: 
    insert 
    into
        departments
        (is_active, code, company_id, created_at, created_by, name, parent_id, updated_at, updated_by, id) 
    values
        (?, ?, ?, ?, ?, ?, ?, ?, ?, default)
2025-07-08T20:07:42.915+02:00 DEBUG 2708 --- [bika] [           main] org.hibernate.SQL                        : 
    insert 
    into
        projects
        (code, company_id, created_at, created_by, department_id, description, end_date, is_active, name, start_date, status, updated_at, updated_by, id) 
    values
        (?, ?, ?, ?, ?, ?, ?, ?, ?, ?, ?, ?, ?, default)
Hibernate: 
    insert 
    into
        projects
        (code, company_id, created_at, created_by, department_id, description, end_date, is_active, name, start_date, status, updated_at, updated_by, id) 
    values
        (?, ?, ?, ?, ?, ?, ?, ?, ?, ?, ?, ?, ?, default)
2025-07-08T20:07:43.083+02:00 DEBUG 2708 --- [bika] [           main] org.hibernate.SQL                        : 
    insert 
    into
        users
        (is_active, company_id, created_at, created_by, department_id, email, first_name, last_login, last_name, password, role, updated_at, updated_by, username, id) 
    values
        (?, ?, ?, ?, ?, ?, ?, ?, ?, ?, ?, ?, ?, ?, default)
Hibernate: 
    insert 
    into
        users
        (is_active, company_id, created_at, created_by, department_id, email, first_name, last_login, last_name, password, role, updated_at, updated_by, username, id) 
    values
        (?, ?, ?, ?, ?, ?, ?, ?, ?, ?, ?, ?, ?, ?, default)
2025-07-08T20:07:43.199+02:00 DEBUG 2708 --- [bika] [           main] org.hibernate.SQL                        : 
    insert 
    into
        users
        (is_active, company_id, created_at, created_by, department_id, email, first_name, last_login, last_name, password, role, updated_at, updated_by, username, id) 
    values
        (?, ?, ?, ?, ?, ?, ?, ?, ?, ?, ?, ?, ?, ?, default)
Hibernate: 
    insert 
    into
        users
        (is_active, company_id, created_at, created_by, department_id, email, first_name, last_login, last_name, password, role, updated_at, updated_by, username, id) 
    values
        (?, ?, ?, ?, ?, ?, ?, ?, ?, ?, ?, ?, ?, ?, default)
2025-07-08T20:07:43.203+02:00 DEBUG 2708 --- [bika] [           main] org.hibernate.SQL                        : 
    select
        d1_0.id,
        d1_0.is_active,
        d1_0.code,
        d1_0.company_id,
        d1_0.created_at,
        d1_0.created_by,
        d1_0.name,
        d1_0.parent_id,
        d1_0.updated_at,
        d1_0.updated_by 
    from
        departments d1_0 
    where
        d1_0.id=?
Hibernate: 
    select
        d1_0.id,
        d1_0.is_active,
        d1_0.code,
        d1_0.company_id,
        d1_0.created_at,
        d1_0.created_by,
        d1_0.name,
        d1_0.parent_id,
        d1_0.updated_at,
        d1_0.updated_by 
    from
        departments d1_0 
    where
        d1_0.id=?
2025-07-08T20:07:43.206+02:00 DEBUG 2708 --- [bika] [           main] org.hibernate.SQL                        : 
    select
        t1_0.id,
        t1_0.assigned_to,
        t1_0.company_id,
        t1_0.completed_date,
        t1_0.created_at,
        t1_0.created_by,
        t1_0.creator_id,
        t1_0.department_id,
        t1_0.description,
        t1_0.due_date,
        t1_0.is_active,
        t1_0.priority,
        t1_0.project_id,
        t1_0.start_date,
        t1_0.status,
        t1_0.title,
        t1_0.updated_at,
        t1_0.updated_by 
    from
        tasks t1_0
Hibernate: 
    select
        t1_0.id,
        t1_0.assigned_to,
        t1_0.company_id,
        t1_0.completed_date,
        t1_0.created_at,
        t1_0.created_by,
        t1_0.creator_id,
        t1_0.department_id,
        t1_0.description,
        t1_0.due_date,
        t1_0.is_active,
        t1_0.priority,
        t1_0.project_id,
        t1_0.start_date,
        t1_0.status,
        t1_0.title,
        t1_0.updated_at,
        t1_0.updated_by 
    from
        tasks t1_0
2025-07-08T20:07:43.209+02:00 DEBUG 2708 --- [bika] [           main] org.hibernate.SQL                        : 
    select
        u1_0.id,
        u1_0.is_active,
        u1_0.company_id,
        u1_0.created_at,
        u1_0.created_by,
        u1_0.department_id,
        u1_0.email,
        u1_0.first_name,
        u1_0.last_login,
        u1_0.last_name,
        u1_0.password,
        u1_0.role,
        u1_0.updated_at,
        u1_0.updated_by,
        u1_0.username 
    from
        users u1_0
Hibernate: 
    select
        u1_0.id,
        u1_0.is_active,
        u1_0.company_id,
        u1_0.created_at,
        u1_0.created_by,
        u1_0.department_id,
        u1_0.email,
        u1_0.first_name,
        u1_0.last_login,
        u1_0.last_name,
        u1_0.password,
        u1_0.role,
        u1_0.updated_at,
        u1_0.updated_by,
        u1_0.username 
    from
        users u1_0
2025-07-08T20:07:43.210+02:00 DEBUG 2708 --- [bika] [           main] org.hibernate.SQL                        : 
    delete 
    from
        users 
    where
        id=?
Hibernate: 
    delete 
    from
        users 
    where
        id=?
2025-07-08T20:07:43.211+02:00 DEBUG 2708 --- [bika] [           main] org.hibernate.SQL                        : 
    delete 
    from
        users 
    where
        id=?
Hibernate: 
    delete 
    from
        users 
    where
        id=?
2025-07-08T20:07:43.212+02:00 DEBUG 2708 --- [bika] [           main] org.hibernate.SQL                        : 
    select
        p1_0.id,
        p1_0.code,
        p1_0.company_id,
        p1_0.created_at,
        p1_0.created_by,
        p1_0.department_id,
        p1_0.description,
        p1_0.end_date,
        p1_0.is_active,
        p1_0.name,
        p1_0.start_date,
        p1_0.status,
        p1_0.updated_at,
        p1_0.updated_by 
    from
        projects p1_0
Hibernate: 
    select
        p1_0.id,
        p1_0.code,
        p1_0.company_id,
        p1_0.created_at,
        p1_0.created_by,
        p1_0.department_id,
        p1_0.description,
        p1_0.end_date,
        p1_0.is_active,
        p1_0.name,
        p1_0.start_date,
        p1_0.status,
        p1_0.updated_at,
        p1_0.updated_by 
    from
        projects p1_0
2025-07-08T20:07:43.213+02:00 DEBUG 2708 --- [bika] [           main] org.hibernate.SQL                        : 
    delete 
    from
        projects 
    where
        id=?
Hibernate: 
    delete 
    from
        projects 
    where
        id=?
2025-07-08T20:07:43.214+02:00 DEBUG 2708 --- [bika] [           main] org.hibernate.SQL                        : 
    select
        d1_0.id,
        d1_0.is_active,
        d1_0.code,
        d1_0.company_id,
        d1_0.created_at,
        d1_0.created_by,
        d1_0.name,
        d1_0.parent_id,
        d1_0.updated_at,
        d1_0.updated_by 
    from
        departments d1_0
Hibernate: 
    select
        d1_0.id,
        d1_0.is_active,
        d1_0.code,
        d1_0.company_id,
        d1_0.created_at,
        d1_0.created_by,
        d1_0.name,
        d1_0.parent_id,
        d1_0.updated_at,
        d1_0.updated_by 
    from
        departments d1_0
2025-07-08T20:07:43.215+02:00 DEBUG 2708 --- [bika] [           main] org.hibernate.SQL                        : 
    delete 
    from
        departments 
    where
        id=?
Hibernate: 
    delete 
    from
        departments 
    where
        id=?
2025-07-08T20:07:43.217+02:00 DEBUG 2708 --- [bika] [           main] org.hibernate.SQL                        : 
    select
        c1_0.id,
        c1_0.is_active,
        c1_0.address,
        c1_0.code,
        c1_0.created_at,
        c1_0.created_by,
        c1_0.description,
        c1_0.email,
        c1_0.name,
        c1_0.phone,
        c1_0.updated_at,
        c1_0.updated_by 
    from
        companies c1_0
Hibernate: 
    select
        c1_0.id,
        c1_0.is_active,
        c1_0.address,
        c1_0.code,
        c1_0.created_at,
        c1_0.created_by,
        c1_0.description,
        c1_0.email,
        c1_0.name,
        c1_0.phone,
        c1_0.updated_at,
        c1_0.updated_by 
    from
        companies c1_0
2025-07-08T20:07:43.218+02:00 DEBUG 2708 --- [bika] [           main] org.hibernate.SQL                        : 
    select
        d1_0.company_id,
        d1_0.id,
        d1_0.is_active,
        d1_0.code,
        d1_0.created_at,
        d1_0.created_by,
        d1_0.name,
        d1_0.parent_id,
        d1_0.updated_at,
        d1_0.updated_by 
    from
        departments d1_0 
    where
        d1_0.company_id=?
Hibernate: 
    select
        d1_0.company_id,
        d1_0.id,
        d1_0.is_active,
        d1_0.code,
        d1_0.created_at,
        d1_0.created_by,
        d1_0.name,
        d1_0.parent_id,
        d1_0.updated_at,
        d1_0.updated_by 
    from
        departments d1_0 
    where
        d1_0.company_id=?
2025-07-08T20:07:43.232+02:00 DEBUG 2708 --- [bika] [           main] org.hibernate.SQL                        : 
    delete 
    from
        companies 
    where
        id=?
Hibernate: 
    delete 
    from
        companies 
    where
        id=?
]]></system-out>
  </testcase>
  <testcase name="deleteTask_ShouldFail_WhenManager" classname="com.bika.task.controller.TaskControllerIntegrationTest" time="0.304">
    <system-out><![CDATA[2025-07-08T20:07:43.247+02:00  INFO 2708 --- [bika] [           main] o.s.b.t.m.w.SpringBootMockServletContext : Initializing Spring TestDispatcherServlet ''
2025-07-08T20:07:43.247+02:00  INFO 2708 --- [bika] [           main] o.s.t.web.servlet.TestDispatcherServlet  : Initializing Servlet ''
2025-07-08T20:07:43.252+02:00  INFO 2708 --- [bika] [           main] o.s.t.web.servlet.TestDispatcherServlet  : Completed initialization in 5 ms
2025-07-08T20:07:43.255+02:00 DEBUG 2708 --- [bika] [           main] org.hibernate.SQL                        : 
    insert 
    into
        companies
        (is_active, address, code, created_at, created_by, description, email, name, phone, updated_at, updated_by, id) 
    values
        (?, ?, ?, ?, ?, ?, ?, ?, ?, ?, ?, default)
Hibernate: 
    insert 
    into
        companies
        (is_active, address, code, created_at, created_by, description, email, name, phone, updated_at, updated_by, id) 
    values
        (?, ?, ?, ?, ?, ?, ?, ?, ?, ?, ?, default)
2025-07-08T20:07:43.273+02:00 DEBUG 2708 --- [bika] [           main] org.hibernate.SQL                        : 
    insert 
    into
        departments
        (is_active, code, company_id, created_at, created_by, name, parent_id, updated_at, updated_by, id) 
    values
        (?, ?, ?, ?, ?, ?, ?, ?, ?, default)
Hibernate: 
    insert 
    into
        departments
        (is_active, code, company_id, created_at, created_by, name, parent_id, updated_at, updated_by, id) 
    values
        (?, ?, ?, ?, ?, ?, ?, ?, ?, default)
2025-07-08T20:07:43.277+02:00 DEBUG 2708 --- [bika] [           main] org.hibernate.SQL                        : 
    insert 
    into
        projects
        (code, company_id, created_at, created_by, department_id, description, end_date, is_active, name, start_date, status, updated_at, updated_by, id) 
    values
        (?, ?, ?, ?, ?, ?, ?, ?, ?, ?, ?, ?, ?, default)
Hibernate: 
    insert 
    into
        projects
        (code, company_id, created_at, created_by, department_id, description, end_date, is_active, name, start_date, status, updated_at, updated_by, id) 
    values
        (?, ?, ?, ?, ?, ?, ?, ?, ?, ?, ?, ?, ?, default)
2025-07-08T20:07:43.405+02:00 DEBUG 2708 --- [bika] [           main] org.hibernate.SQL                        : 
    insert 
    into
        users
        (is_active, company_id, created_at, created_by, department_id, email, first_name, last_login, last_name, password, role, updated_at, updated_by, username, id) 
    values
        (?, ?, ?, ?, ?, ?, ?, ?, ?, ?, ?, ?, ?, ?, default)
Hibernate: 
    insert 
    into
        users
        (is_active, company_id, created_at, created_by, department_id, email, first_name, last_login, last_name, password, role, updated_at, updated_by, username, id) 
    values
        (?, ?, ?, ?, ?, ?, ?, ?, ?, ?, ?, ?, ?, ?, default)
2025-07-08T20:07:43.528+02:00 DEBUG 2708 --- [bika] [           main] org.hibernate.SQL                        : 
    insert 
    into
        users
        (is_active, company_id, created_at, created_by, department_id, email, first_name, last_login, last_name, password, role, updated_at, updated_by, username, id) 
    values
        (?, ?, ?, ?, ?, ?, ?, ?, ?, ?, ?, ?, ?, ?, default)
Hibernate: 
    insert 
    into
        users
        (is_active, company_id, created_at, created_by, department_id, email, first_name, last_login, last_name, password, role, updated_at, updated_by, username, id) 
    values
        (?, ?, ?, ?, ?, ?, ?, ?, ?, ?, ?, ?, ?, ?, default)
2025-07-08T20:07:43.533+02:00 DEBUG 2708 --- [bika] [           main] org.hibernate.SQL                        : 
    select
        t1_0.id,
        t1_0.assigned_to,
        t1_0.company_id,
        t1_0.completed_date,
        t1_0.created_at,
        t1_0.created_by,
        t1_0.creator_id,
        t1_0.department_id,
        t1_0.description,
        t1_0.due_date,
        t1_0.is_active,
        t1_0.priority,
        t1_0.project_id,
        t1_0.start_date,
        t1_0.status,
        t1_0.title,
        t1_0.updated_at,
        t1_0.updated_by 
    from
        tasks t1_0
Hibernate: 
    select
        t1_0.id,
        t1_0.assigned_to,
        t1_0.company_id,
        t1_0.completed_date,
        t1_0.created_at,
        t1_0.created_by,
        t1_0.creator_id,
        t1_0.department_id,
        t1_0.description,
        t1_0.due_date,
        t1_0.is_active,
        t1_0.priority,
        t1_0.project_id,
        t1_0.start_date,
        t1_0.status,
        t1_0.title,
        t1_0.updated_at,
        t1_0.updated_by 
    from
        tasks t1_0
2025-07-08T20:07:43.534+02:00 DEBUG 2708 --- [bika] [           main] org.hibernate.SQL                        : 
    select
        u1_0.id,
        u1_0.is_active,
        u1_0.company_id,
        u1_0.created_at,
        u1_0.created_by,
        u1_0.department_id,
        u1_0.email,
        u1_0.first_name,
        u1_0.last_login,
        u1_0.last_name,
        u1_0.password,
        u1_0.role,
        u1_0.updated_at,
        u1_0.updated_by,
        u1_0.username 
    from
        users u1_0
Hibernate: 
    select
        u1_0.id,
        u1_0.is_active,
        u1_0.company_id,
        u1_0.created_at,
        u1_0.created_by,
        u1_0.department_id,
        u1_0.email,
        u1_0.first_name,
        u1_0.last_login,
        u1_0.last_name,
        u1_0.password,
        u1_0.role,
        u1_0.updated_at,
        u1_0.updated_by,
        u1_0.username 
    from
        users u1_0
2025-07-08T20:07:43.535+02:00 DEBUG 2708 --- [bika] [           main] org.hibernate.SQL                        : 
    delete 
    from
        users 
    where
        id=?
Hibernate: 
    delete 
    from
        users 
    where
        id=?
2025-07-08T20:07:43.535+02:00 DEBUG 2708 --- [bika] [           main] org.hibernate.SQL                        : 
    delete 
    from
        users 
    where
        id=?
Hibernate: 
    delete 
    from
        users 
    where
        id=?
2025-07-08T20:07:43.536+02:00 DEBUG 2708 --- [bika] [           main] org.hibernate.SQL                        : 
    select
        p1_0.id,
        p1_0.code,
        p1_0.company_id,
        p1_0.created_at,
        p1_0.created_by,
        p1_0.department_id,
        p1_0.description,
        p1_0.end_date,
        p1_0.is_active,
        p1_0.name,
        p1_0.start_date,
        p1_0.status,
        p1_0.updated_at,
        p1_0.updated_by 
    from
        projects p1_0
Hibernate: 
    select
        p1_0.id,
        p1_0.code,
        p1_0.company_id,
        p1_0.created_at,
        p1_0.created_by,
        p1_0.department_id,
        p1_0.description,
        p1_0.end_date,
        p1_0.is_active,
        p1_0.name,
        p1_0.start_date,
        p1_0.status,
        p1_0.updated_at,
        p1_0.updated_by 
    from
        projects p1_0
2025-07-08T20:07:43.538+02:00 DEBUG 2708 --- [bika] [           main] org.hibernate.SQL                        : 
    delete 
    from
        projects 
    where
        id=?
Hibernate: 
    delete 
    from
        projects 
    where
        id=?
2025-07-08T20:07:43.540+02:00 DEBUG 2708 --- [bika] [           main] org.hibernate.SQL                        : 
    select
        d1_0.id,
        d1_0.is_active,
        d1_0.code,
        d1_0.company_id,
        d1_0.created_at,
        d1_0.created_by,
        d1_0.name,
        d1_0.parent_id,
        d1_0.updated_at,
        d1_0.updated_by 
    from
        departments d1_0
Hibernate: 
    select
        d1_0.id,
        d1_0.is_active,
        d1_0.code,
        d1_0.company_id,
        d1_0.created_at,
        d1_0.created_by,
        d1_0.name,
        d1_0.parent_id,
        d1_0.updated_at,
        d1_0.updated_by 
    from
        departments d1_0
2025-07-08T20:07:43.541+02:00 DEBUG 2708 --- [bika] [           main] org.hibernate.SQL                        : 
    delete 
    from
        departments 
    where
        id=?
Hibernate: 
    delete 
    from
        departments 
    where
        id=?
2025-07-08T20:07:43.542+02:00 DEBUG 2708 --- [bika] [           main] org.hibernate.SQL                        : 
    select
        c1_0.id,
        c1_0.is_active,
        c1_0.address,
        c1_0.code,
        c1_0.created_at,
        c1_0.created_by,
        c1_0.description,
        c1_0.email,
        c1_0.name,
        c1_0.phone,
        c1_0.updated_at,
        c1_0.updated_by 
    from
        companies c1_0
Hibernate: 
    select
        c1_0.id,
        c1_0.is_active,
        c1_0.address,
        c1_0.code,
        c1_0.created_at,
        c1_0.created_by,
        c1_0.description,
        c1_0.email,
        c1_0.name,
        c1_0.phone,
        c1_0.updated_at,
        c1_0.updated_by 
    from
        companies c1_0
2025-07-08T20:07:43.543+02:00 DEBUG 2708 --- [bika] [           main] org.hibernate.SQL                        : 
    select
        d1_0.company_id,
        d1_0.id,
        d1_0.is_active,
        d1_0.code,
        d1_0.created_at,
        d1_0.created_by,
        d1_0.name,
        d1_0.parent_id,
        d1_0.updated_at,
        d1_0.updated_by 
    from
        departments d1_0 
    where
        d1_0.company_id=?
Hibernate: 
    select
        d1_0.company_id,
        d1_0.id,
        d1_0.is_active,
        d1_0.code,
        d1_0.created_at,
        d1_0.created_by,
        d1_0.name,
        d1_0.parent_id,
        d1_0.updated_at,
        d1_0.updated_by 
    from
        departments d1_0 
    where
        d1_0.company_id=?
2025-07-08T20:07:43.543+02:00 DEBUG 2708 --- [bika] [           main] org.hibernate.SQL                        : 
    delete 
    from
        companies 
    where
        id=?
Hibernate: 
    delete 
    from
        companies 
    where
        id=?
]]></system-out>
  </testcase>
</testsuite>